nohup: ignoring input
training sences: 30
Sence 0 is loaded. scene01.mat
Sence 1 is loaded. scene02.mat
Sence 2 is loaded. scene03.mat
Sence 3 is loaded. scene04.mat
Sence 4 is loaded. scene05.mat
Sence 5 is loaded. scene06.mat
Sence 6 is loaded. scene07.mat
Sence 7 is loaded. scene08.mat
Sence 8 is loaded. scene09.mat
Sence 9 is loaded. scene10.mat
Sence 10 is loaded. scene11.mat
Sence 11 is loaded. scene12.mat
Sence 12 is loaded. scene13.mat
Sence 13 is loaded. scene14.mat
Sence 14 is loaded. scene15.mat
Sence 15 is loaded. scene16.mat
Sence 16 is loaded. scene17.mat
Sence 17 is loaded. scene18.mat
Sence 18 is loaded. scene19.mat
Sence 19 is loaded. scene20.mat
Sence 20 is loaded. scene21.mat
Sence 21 is loaded. scene22.mat
Sence 22 is loaded. scene23.mat
Sence 23 is loaded. scene24.mat
Sence 24 is loaded. scene25.mat
Sence 25 is loaded. scene26.mat
Sence 26 is loaded. scene27.mat
Sence 27 is loaded. scene28.mat
Sence 28 is loaded. scene29.mat
Sence 29 is loaded. scene30.mat
0 (256, 256, 28) 0.91325766 0.004317734
1 (256, 256, 28) 0.6268645 0.0024493488
2 (256, 256, 28) 0.7478274 0.0038342373
3 (256, 256, 28) 0.8852826 0.0023525485
4 (256, 256, 28) 0.90493804 0.0034019176
5 (256, 256, 28) 1.0582489 0.000809521
6 (256, 256, 28) 0.5335211 0.008445868
7 (256, 256, 28) 1.0526695 0.0
8 (256, 256, 28) 0.8439114 0.0029929152
9 (256, 256, 28) 0.93364686 0.0029743377
2024-06-17 22:36:23,589 - INFO: Learning rate:0.0004, batch_size:5.

2024-06-17 22:47:40,897 - INFO: ===> Epoch 1 Complete: Avg. Loss: 0.009807 time: 677.31
2024-06-17 22:47:41,787 - INFO: ===> Epoch 1: testing psnr = 20.86, ssim = 0.570, time: 0.56
2024-06-17 22:58:59,456 - INFO: ===> Epoch 2 Complete: Avg. Loss: 0.006824 time: 677.67
2024-06-17 22:58:59,835 - INFO: ===> Epoch 2: testing psnr = 22.91, ssim = 0.596, time: 0.04
2024-06-17 23:10:22,127 - INFO: ===> Epoch 3 Complete: Avg. Loss: 0.004219 time: 682.29
2024-06-17 23:10:22,507 - INFO: ===> Epoch 3: testing psnr = 24.05, ssim = 0.686, time: 0.04
2024-06-17 23:21:45,377 - INFO: ===> Epoch 4 Complete: Avg. Loss: 0.003289 time: 682.87
2024-06-17 23:21:45,757 - INFO: ===> Epoch 4: testing psnr = 24.95, ssim = 0.727, time: 0.04
2024-06-17 23:32:33,359 - INFO: ===> Epoch 5 Complete: Avg. Loss: 0.002860 time: 647.60
2024-06-17 23:32:33,724 - INFO: ===> Epoch 5: testing psnr = 25.28, ssim = 0.729, time: 0.03
2024-06-17 23:43:22,644 - INFO: ===> Epoch 6 Complete: Avg. Loss: 0.002471 time: 648.92
2024-06-17 23:43:23,009 - INFO: ===> Epoch 6: testing psnr = 25.45, ssim = 0.750, time: 0.03
2024-06-17 23:54:30,656 - INFO: ===> Epoch 7 Complete: Avg. Loss: 0.002267 time: 667.65
2024-06-17 23:54:31,035 - INFO: ===> Epoch 7: testing psnr = 24.87, ssim = 0.725, time: 0.04
2024-06-18 00:05:53,299 - INFO: ===> Epoch 8 Complete: Avg. Loss: 0.002028 time: 682.26
2024-06-18 00:05:53,675 - INFO: ===> Epoch 8: testing psnr = 25.89, ssim = 0.776, time: 0.04
2024-06-18 00:17:04,090 - INFO: ===> Epoch 9 Complete: Avg. Loss: 0.001817 time: 670.41
2024-06-18 00:17:04,458 - INFO: ===> Epoch 9: testing psnr = 26.21, ssim = 0.781, time: 0.03
2024-06-18 00:27:52,100 - INFO: ===> Epoch 10 Complete: Avg. Loss: 0.001705 time: 647.64
2024-06-18 00:27:52,463 - INFO: ===> Epoch 10: testing psnr = 26.35, ssim = 0.794, time: 0.03
2024-06-18 00:38:40,044 - INFO: ===> Epoch 11 Complete: Avg. Loss: 0.001618 time: 647.58
2024-06-18 00:38:40,411 - INFO: ===> Epoch 11: testing psnr = 26.67, ssim = 0.801, time: 0.03
2024-06-18 00:49:28,472 - INFO: ===> Epoch 12 Complete: Avg. Loss: 0.001552 time: 648.06
2024-06-18 00:49:28,836 - INFO: ===> Epoch 12: testing psnr = 26.66, ssim = 0.807, time: 0.03
2024-06-18 01:00:17,836 - INFO: ===> Epoch 13 Complete: Avg. Loss: 0.001427 time: 649.00
2024-06-18 01:00:18,199 - INFO: ===> Epoch 13: testing psnr = 26.86, ssim = 0.813, time: 0.03
2024-06-18 01:11:09,048 - INFO: ===> Epoch 14 Complete: Avg. Loss: 0.001376 time: 650.85
2024-06-18 01:11:09,412 - INFO: ===> Epoch 14: testing psnr = 27.05, ssim = 0.821, time: 0.03
2024-06-18 01:21:58,362 - INFO: ===> Epoch 15 Complete: Avg. Loss: 0.001321 time: 648.95
2024-06-18 01:21:58,725 - INFO: ===> Epoch 15: testing psnr = 26.81, ssim = 0.810, time: 0.03
2024-06-18 01:32:45,863 - INFO: ===> Epoch 16 Complete: Avg. Loss: 0.001273 time: 647.14
2024-06-18 01:32:46,225 - INFO: ===> Epoch 16: testing psnr = 27.32, ssim = 0.830, time: 0.03
2024-06-18 01:43:33,776 - INFO: ===> Epoch 17 Complete: Avg. Loss: 0.001195 time: 647.55
2024-06-18 01:43:34,138 - INFO: ===> Epoch 17: testing psnr = 27.37, ssim = 0.833, time: 0.03
2024-06-18 01:54:22,606 - INFO: ===> Epoch 18 Complete: Avg. Loss: 0.001150 time: 648.47
2024-06-18 01:54:22,971 - INFO: ===> Epoch 18: testing psnr = 27.34, ssim = 0.828, time: 0.03
2024-06-18 02:05:11,091 - INFO: ===> Epoch 19 Complete: Avg. Loss: 0.001150 time: 648.12
2024-06-18 02:05:11,454 - INFO: ===> Epoch 19: testing psnr = 27.64, ssim = 0.843, time: 0.03
2024-06-18 02:15:59,391 - INFO: ===> Epoch 20 Complete: Avg. Loss: 0.001043 time: 647.94
2024-06-18 02:15:59,756 - INFO: ===> Epoch 20: testing psnr = 27.65, ssim = 0.839, time: 0.03
2024-06-18 02:26:47,320 - INFO: ===> Epoch 21 Complete: Avg. Loss: 0.001032 time: 647.56
2024-06-18 02:26:47,684 - INFO: ===> Epoch 21: testing psnr = 27.57, ssim = 0.841, time: 0.03
2024-06-18 02:37:35,678 - INFO: ===> Epoch 22 Complete: Avg. Loss: 0.001153 time: 647.99
2024-06-18 02:37:36,057 - INFO: ===> Epoch 22: testing psnr = 27.68, ssim = 0.848, time: 0.03
2024-06-18 02:48:23,554 - INFO: ===> Epoch 23 Complete: Avg. Loss: 0.001040 time: 647.50
2024-06-18 02:48:23,920 - INFO: ===> Epoch 23: testing psnr = 27.98, ssim = 0.852, time: 0.03
2024-06-18 02:59:12,072 - INFO: ===> Epoch 24 Complete: Avg. Loss: 0.000945 time: 648.15
2024-06-18 02:59:12,436 - INFO: ===> Epoch 24: testing psnr = 27.77, ssim = 0.844, time: 0.03
2024-06-18 03:10:02,382 - INFO: ===> Epoch 25 Complete: Avg. Loss: 0.000915 time: 649.94
2024-06-18 03:10:02,750 - INFO: ===> Epoch 25: testing psnr = 27.89, ssim = 0.850, time: 0.03
2024-06-18 03:20:51,876 - INFO: ===> Epoch 26 Complete: Avg. Loss: 0.000923 time: 649.12
2024-06-18 03:20:52,243 - INFO: ===> Epoch 26: testing psnr = 28.11, ssim = 0.854, time: 0.03
2024-06-18 03:31:41,017 - INFO: ===> Epoch 27 Complete: Avg. Loss: 0.000879 time: 648.77
2024-06-18 03:31:41,381 - INFO: ===> Epoch 27: testing psnr = 28.11, ssim = 0.849, time: 0.03
2024-06-18 03:42:30,468 - INFO: ===> Epoch 28 Complete: Avg. Loss: 0.000907 time: 649.09
2024-06-18 03:42:30,834 - INFO: ===> Epoch 28: testing psnr = 27.90, ssim = 0.840, time: 0.03
2024-06-18 03:53:19,527 - INFO: ===> Epoch 29 Complete: Avg. Loss: 0.000868 time: 648.69
2024-06-18 03:53:19,891 - INFO: ===> Epoch 29: testing psnr = 28.12, ssim = 0.848, time: 0.03
2024-06-18 04:04:08,757 - INFO: ===> Epoch 30 Complete: Avg. Loss: 0.000820 time: 648.86
2024-06-18 04:04:09,125 - INFO: ===> Epoch 30: testing psnr = 28.37, ssim = 0.858, time: 0.03
2024-06-18 04:14:58,198 - INFO: ===> Epoch 31 Complete: Avg. Loss: 0.000881 time: 649.07
2024-06-18 04:14:58,565 - INFO: ===> Epoch 31: testing psnr = 28.42, ssim = 0.861, time: 0.03
2024-06-18 04:25:47,533 - INFO: ===> Epoch 32 Complete: Avg. Loss: 0.000810 time: 648.97
2024-06-18 04:25:47,898 - INFO: ===> Epoch 32: testing psnr = 28.12, ssim = 0.842, time: 0.03
2024-06-18 04:36:37,241 - INFO: ===> Epoch 33 Complete: Avg. Loss: 0.000821 time: 649.34
2024-06-18 04:36:37,608 - INFO: ===> Epoch 33: testing psnr = 28.41, ssim = 0.853, time: 0.03
2024-06-18 04:47:26,514 - INFO: ===> Epoch 34 Complete: Avg. Loss: 0.000857 time: 648.90
2024-06-18 04:47:26,880 - INFO: ===> Epoch 34: testing psnr = 28.44, ssim = 0.855, time: 0.03
2024-06-18 04:58:15,281 - INFO: ===> Epoch 35 Complete: Avg. Loss: 0.000733 time: 648.40
2024-06-18 04:58:15,648 - INFO: ===> Epoch 35: testing psnr = 28.23, ssim = 0.855, time: 0.03
2024-06-18 05:09:03,427 - INFO: ===> Epoch 36 Complete: Avg. Loss: 0.000797 time: 647.78
2024-06-18 05:09:03,793 - INFO: ===> Epoch 36: testing psnr = 28.62, ssim = 0.864, time: 0.03
2024-06-18 05:19:53,117 - INFO: ===> Epoch 37 Complete: Avg. Loss: 0.000774 time: 649.32
2024-06-18 05:19:53,483 - INFO: ===> Epoch 37: testing psnr = 28.36, ssim = 0.861, time: 0.03
2024-06-18 05:30:44,751 - INFO: ===> Epoch 38 Complete: Avg. Loss: 0.000731 time: 651.27
2024-06-18 05:30:45,116 - INFO: ===> Epoch 38: testing psnr = 28.41, ssim = 0.859, time: 0.03
2024-06-18 05:41:33,693 - INFO: ===> Epoch 39 Complete: Avg. Loss: 0.000753 time: 648.58
2024-06-18 05:41:34,058 - INFO: ===> Epoch 39: testing psnr = 27.57, ssim = 0.838, time: 0.03
2024-06-18 05:52:22,989 - INFO: ===> Epoch 40 Complete: Avg. Loss: 0.000760 time: 648.93
2024-06-18 05:52:23,357 - INFO: ===> Epoch 40: testing psnr = 28.57, ssim = 0.867, time: 0.03
2024-06-18 06:03:10,911 - INFO: ===> Epoch 41 Complete: Avg. Loss: 0.000694 time: 647.55
2024-06-18 06:03:11,276 - INFO: ===> Epoch 41: testing psnr = 28.53, ssim = 0.867, time: 0.03
2024-06-18 06:13:59,303 - INFO: ===> Epoch 42 Complete: Avg. Loss: 0.000719 time: 648.03
2024-06-18 06:13:59,668 - INFO: ===> Epoch 42: testing psnr = 28.29, ssim = 0.862, time: 0.03
2024-06-18 06:24:48,266 - INFO: ===> Epoch 43 Complete: Avg. Loss: 0.000678 time: 648.60
2024-06-18 06:24:48,633 - INFO: ===> Epoch 43: testing psnr = 28.87, ssim = 0.873, time: 0.03
2024-06-18 06:35:36,414 - INFO: ===> Epoch 44 Complete: Avg. Loss: 0.000698 time: 647.78
2024-06-18 06:35:36,784 - INFO: ===> Epoch 44: testing psnr = 28.53, ssim = 0.866, time: 0.03
2024-06-18 06:46:24,116 - INFO: ===> Epoch 45 Complete: Avg. Loss: 0.000686 time: 647.33
2024-06-18 06:46:24,485 - INFO: ===> Epoch 45: testing psnr = 28.78, ssim = 0.873, time: 0.03
2024-06-18 06:57:12,752 - INFO: ===> Epoch 46 Complete: Avg. Loss: 0.000688 time: 648.26
2024-06-18 06:57:13,122 - INFO: ===> Epoch 46: testing psnr = 28.81, ssim = 0.872, time: 0.03
2024-06-18 07:08:00,484 - INFO: ===> Epoch 47 Complete: Avg. Loss: 0.000623 time: 647.36
2024-06-18 07:08:00,848 - INFO: ===> Epoch 47: testing psnr = 28.81, ssim = 0.872, time: 0.03
2024-06-18 07:18:46,655 - INFO: ===> Epoch 48 Complete: Avg. Loss: 0.000640 time: 645.80
2024-06-18 07:18:47,020 - INFO: ===> Epoch 48: testing psnr = 28.78, ssim = 0.873, time: 0.03
2024-06-18 07:29:32,855 - INFO: ===> Epoch 49 Complete: Avg. Loss: 0.000648 time: 645.83
2024-06-18 07:29:33,220 - INFO: ===> Epoch 49: testing psnr = 28.55, ssim = 0.868, time: 0.03
2024-06-18 07:40:18,663 - INFO: ===> Epoch 50 Complete: Avg. Loss: 0.000637 time: 645.44
2024-06-18 07:40:19,029 - INFO: ===> Epoch 50: testing psnr = 28.85, ssim = 0.874, time: 0.03
2024-06-18 07:51:04,141 - INFO: ===> Epoch 51 Complete: Avg. Loss: 0.000705 time: 645.11
2024-06-18 07:51:04,505 - INFO: ===> Epoch 51: testing psnr = 28.93, ssim = 0.877, time: 0.03
2024-06-18 08:01:50,219 - INFO: ===> Epoch 52 Complete: Avg. Loss: 0.000582 time: 645.71
2024-06-18 08:01:50,583 - INFO: ===> Epoch 52: testing psnr = 28.91, ssim = 0.869, time: 0.03
2024-06-18 08:12:37,134 - INFO: ===> Epoch 53 Complete: Avg. Loss: 0.000613 time: 646.55
2024-06-18 08:12:37,501 - INFO: ===> Epoch 53: testing psnr = 28.91, ssim = 0.875, time: 0.03
2024-06-18 08:23:25,676 - INFO: ===> Epoch 54 Complete: Avg. Loss: 0.000609 time: 648.17
2024-06-18 08:23:26,043 - INFO: ===> Epoch 54: testing psnr = 28.85, ssim = 0.874, time: 0.03
2024-06-18 08:34:15,267 - INFO: ===> Epoch 55 Complete: Avg. Loss: 0.000614 time: 649.22
2024-06-18 08:34:15,633 - INFO: ===> Epoch 55: testing psnr = 28.83, ssim = 0.875, time: 0.03
2024-06-18 08:45:07,698 - INFO: ===> Epoch 56 Complete: Avg. Loss: 0.000604 time: 652.06
2024-06-18 08:45:08,066 - INFO: ===> Epoch 56: testing psnr = 28.75, ssim = 0.872, time: 0.03
2024-06-18 08:55:59,157 - INFO: ===> Epoch 57 Complete: Avg. Loss: 0.000587 time: 651.09
2024-06-18 08:55:59,524 - INFO: ===> Epoch 57: testing psnr = 28.85, ssim = 0.878, time: 0.03
2024-06-18 09:06:48,035 - INFO: ===> Epoch 58 Complete: Avg. Loss: 0.000587 time: 648.51
2024-06-18 09:06:48,402 - INFO: ===> Epoch 58: testing psnr = 28.95, ssim = 0.879, time: 0.03
2024-06-18 09:17:36,326 - INFO: ===> Epoch 59 Complete: Avg. Loss: 0.000592 time: 647.92
2024-06-18 09:17:36,695 - INFO: ===> Epoch 59: testing psnr = 29.00, ssim = 0.881, time: 0.03
2024-06-18 09:28:25,489 - INFO: ===> Epoch 60 Complete: Avg. Loss: 0.000582 time: 648.79
2024-06-18 09:28:25,856 - INFO: ===> Epoch 60: testing psnr = 29.07, ssim = 0.881, time: 0.03
2024-06-18 09:39:15,936 - INFO: ===> Epoch 61 Complete: Avg. Loss: 0.000543 time: 650.08
2024-06-18 09:39:16,301 - INFO: ===> Epoch 61: testing psnr = 28.47, ssim = 0.872, time: 0.03
2024-06-18 09:50:05,138 - INFO: ===> Epoch 62 Complete: Avg. Loss: 0.000564 time: 648.84
2024-06-18 09:50:05,505 - INFO: ===> Epoch 62: testing psnr = 29.12, ssim = 0.881, time: 0.03
2024-06-18 10:00:55,454 - INFO: ===> Epoch 63 Complete: Avg. Loss: 0.000580 time: 649.95
2024-06-18 10:00:55,822 - INFO: ===> Epoch 63: testing psnr = 28.86, ssim = 0.875, time: 0.03
2024-06-18 10:11:44,871 - INFO: ===> Epoch 64 Complete: Avg. Loss: 0.000554 time: 649.05
2024-06-18 10:11:45,236 - INFO: ===> Epoch 64: testing psnr = 29.13, ssim = 0.879, time: 0.03
2024-06-18 10:22:33,497 - INFO: ===> Epoch 65 Complete: Avg. Loss: 0.000757 time: 648.26
2024-06-18 10:22:33,862 - INFO: ===> Epoch 65: testing psnr = 29.09, ssim = 0.878, time: 0.03
2024-06-18 10:33:21,400 - INFO: ===> Epoch 66 Complete: Avg. Loss: 0.000541 time: 647.54
2024-06-18 10:33:21,767 - INFO: ===> Epoch 66: testing psnr = 29.31, ssim = 0.885, time: 0.03
2024-06-18 10:44:08,797 - INFO: ===> Epoch 67 Complete: Avg. Loss: 0.000644 time: 647.03
2024-06-18 10:44:09,162 - INFO: ===> Epoch 67: testing psnr = 29.24, ssim = 0.883, time: 0.03
2024-06-18 10:54:57,061 - INFO: ===> Epoch 68 Complete: Avg. Loss: 0.000515 time: 647.90
2024-06-18 10:54:57,426 - INFO: ===> Epoch 68: testing psnr = 29.24, ssim = 0.884, time: 0.03
2024-06-18 11:05:48,173 - INFO: ===> Epoch 69 Complete: Avg. Loss: 0.000519 time: 650.74
2024-06-18 11:05:48,541 - INFO: ===> Epoch 69: testing psnr = 28.72, ssim = 0.863, time: 0.03
2024-06-18 11:16:39,590 - INFO: ===> Epoch 70 Complete: Avg. Loss: 0.000547 time: 651.05
2024-06-18 11:16:39,956 - INFO: ===> Epoch 70: testing psnr = 29.08, ssim = 0.880, time: 0.03
2024-06-18 11:27:31,046 - INFO: ===> Epoch 71 Complete: Avg. Loss: 0.000541 time: 651.09
2024-06-18 11:27:31,412 - INFO: ===> Epoch 71: testing psnr = 29.39, ssim = 0.886, time: 0.03
2024-06-18 11:38:21,159 - INFO: ===> Epoch 72 Complete: Avg. Loss: 0.000503 time: 649.75
2024-06-18 11:38:21,525 - INFO: ===> Epoch 72: testing psnr = 29.34, ssim = 0.885, time: 0.03
2024-06-18 11:49:10,893 - INFO: ===> Epoch 73 Complete: Avg. Loss: 0.000514 time: 649.37
2024-06-18 11:49:11,261 - INFO: ===> Epoch 73: testing psnr = 29.24, ssim = 0.886, time: 0.03
2024-06-18 12:00:01,675 - INFO: ===> Epoch 74 Complete: Avg. Loss: 0.000499 time: 650.41
2024-06-18 12:00:02,040 - INFO: ===> Epoch 74: testing psnr = 29.30, ssim = 0.887, time: 0.03
2024-06-18 12:10:52,781 - INFO: ===> Epoch 75 Complete: Avg. Loss: 0.000529 time: 650.74
2024-06-18 12:10:53,147 - INFO: ===> Epoch 75: testing psnr = 29.31, ssim = 0.887, time: 0.03
2024-06-18 12:21:44,729 - INFO: ===> Epoch 76 Complete: Avg. Loss: 0.000520 time: 651.58
2024-06-18 12:21:45,093 - INFO: ===> Epoch 76: testing psnr = 29.25, ssim = 0.884, time: 0.03
2024-06-18 12:32:36,733 - INFO: ===> Epoch 77 Complete: Avg. Loss: 0.000529 time: 651.64
2024-06-18 12:32:37,097 - INFO: ===> Epoch 77: testing psnr = 29.38, ssim = 0.889, time: 0.03
2024-06-18 12:43:30,347 - INFO: ===> Epoch 78 Complete: Avg. Loss: 0.000510 time: 653.25
2024-06-18 12:43:30,714 - INFO: ===> Epoch 78: testing psnr = 29.54, ssim = 0.889, time: 0.03
2024-06-18 12:54:21,032 - INFO: ===> Epoch 79 Complete: Avg. Loss: 0.000537 time: 650.32
2024-06-18 12:54:21,398 - INFO: ===> Epoch 79: testing psnr = 29.40, ssim = 0.888, time: 0.03
2024-06-18 13:05:11,930 - INFO: ===> Epoch 80 Complete: Avg. Loss: 0.000478 time: 650.53
2024-06-18 13:05:12,296 - INFO: ===> Epoch 80: testing psnr = 29.26, ssim = 0.884, time: 0.03
2024-06-18 13:16:02,451 - INFO: ===> Epoch 81 Complete: Avg. Loss: 0.000491 time: 650.15
2024-06-18 13:16:02,818 - INFO: ===> Epoch 81: testing psnr = 29.13, ssim = 0.877, time: 0.03
2024-06-18 13:26:53,758 - INFO: ===> Epoch 82 Complete: Avg. Loss: 0.000478 time: 650.94
2024-06-18 13:26:54,123 - INFO: ===> Epoch 82: testing psnr = 29.41, ssim = 0.888, time: 0.03
2024-06-18 13:37:45,982 - INFO: ===> Epoch 83 Complete: Avg. Loss: 0.000506 time: 651.86
2024-06-18 13:37:46,348 - INFO: ===> Epoch 83: testing psnr = 29.47, ssim = 0.887, time: 0.03
2024-06-18 13:48:37,287 - INFO: ===> Epoch 84 Complete: Avg. Loss: 0.000475 time: 650.94
2024-06-18 13:48:37,653 - INFO: ===> Epoch 84: testing psnr = 29.45, ssim = 0.888, time: 0.03
2024-06-18 13:59:29,304 - INFO: ===> Epoch 85 Complete: Avg. Loss: 0.000491 time: 651.65
2024-06-18 13:59:29,671 - INFO: ===> Epoch 85: testing psnr = 29.38, ssim = 0.885, time: 0.03
2024-06-18 14:10:20,516 - INFO: ===> Epoch 86 Complete: Avg. Loss: 0.000483 time: 650.84
2024-06-18 14:10:20,884 - INFO: ===> Epoch 86: testing psnr = 29.31, ssim = 0.885, time: 0.03
2024-06-18 14:21:12,298 - INFO: ===> Epoch 87 Complete: Avg. Loss: 0.000472 time: 651.41
2024-06-18 14:21:12,665 - INFO: ===> Epoch 87: testing psnr = 29.33, ssim = 0.888, time: 0.03
2024-06-18 14:32:03,987 - INFO: ===> Epoch 88 Complete: Avg. Loss: 0.000469 time: 651.32
2024-06-18 14:32:04,355 - INFO: ===> Epoch 88: testing psnr = 29.42, ssim = 0.882, time: 0.03
2024-06-18 14:42:54,100 - INFO: ===> Epoch 89 Complete: Avg. Loss: 0.000475 time: 649.74
2024-06-18 14:42:54,465 - INFO: ===> Epoch 89: testing psnr = 29.01, ssim = 0.882, time: 0.03
2024-06-18 14:53:41,898 - INFO: ===> Epoch 90 Complete: Avg. Loss: 0.000465 time: 647.43
2024-06-18 14:53:42,264 - INFO: ===> Epoch 90: testing psnr = 29.56, ssim = 0.891, time: 0.03
2024-06-18 15:04:30,190 - INFO: ===> Epoch 91 Complete: Avg. Loss: 0.000478 time: 647.92
2024-06-18 15:04:30,556 - INFO: ===> Epoch 91: testing psnr = 29.65, ssim = 0.893, time: 0.03
2024-06-18 15:15:17,752 - INFO: ===> Epoch 92 Complete: Avg. Loss: 0.000448 time: 647.19
2024-06-18 15:15:18,116 - INFO: ===> Epoch 92: testing psnr = 29.39, ssim = 0.889, time: 0.03
2024-06-18 15:26:07,368 - INFO: ===> Epoch 93 Complete: Avg. Loss: 0.000487 time: 649.25
2024-06-18 15:26:07,734 - INFO: ===> Epoch 93: testing psnr = 29.47, ssim = 0.886, time: 0.03
2024-06-18 15:36:58,132 - INFO: ===> Epoch 94 Complete: Avg. Loss: 0.000447 time: 650.40
2024-06-18 15:36:58,497 - INFO: ===> Epoch 94: testing psnr = 29.52, ssim = 0.891, time: 0.03
2024-06-18 15:47:49,338 - INFO: ===> Epoch 95 Complete: Avg. Loss: 0.000445 time: 650.84
2024-06-18 15:47:49,702 - INFO: ===> Epoch 95: testing psnr = 29.47, ssim = 0.889, time: 0.03
2024-06-18 15:58:41,258 - INFO: ===> Epoch 96 Complete: Avg. Loss: 0.000477 time: 651.55
2024-06-18 15:58:41,622 - INFO: ===> Epoch 96: testing psnr = 29.50, ssim = 0.891, time: 0.03
2024-06-18 16:09:30,973 - INFO: ===> Epoch 97 Complete: Avg. Loss: 0.000449 time: 649.35
2024-06-18 16:09:31,336 - INFO: ===> Epoch 97: testing psnr = 29.62, ssim = 0.893, time: 0.03
2024-06-18 16:20:20,428 - INFO: ===> Epoch 98 Complete: Avg. Loss: 0.000465 time: 649.09
2024-06-18 16:20:20,793 - INFO: ===> Epoch 98: testing psnr = 29.63, ssim = 0.891, time: 0.03
2024-06-18 16:31:08,012 - INFO: ===> Epoch 99 Complete: Avg. Loss: 0.000435 time: 647.22
2024-06-18 16:31:08,376 - INFO: ===> Epoch 99: testing psnr = 29.70, ssim = 0.893, time: 0.03
2024-06-18 16:41:55,231 - INFO: ===> Epoch 100 Complete: Avg. Loss: 0.000437 time: 646.85
2024-06-18 16:41:55,594 - INFO: ===> Epoch 100: testing psnr = 29.70, ssim = 0.892, time: 0.03
