nohup: ignoring input
training sences: 30
Sence 0 is loaded. scene01.mat
Sence 1 is loaded. scene02.mat
Sence 2 is loaded. scene03.mat
Sence 3 is loaded. scene04.mat
Sence 4 is loaded. scene05.mat
Sence 5 is loaded. scene06.mat
Sence 6 is loaded. scene07.mat
Sence 7 is loaded. scene08.mat
Sence 8 is loaded. scene09.mat
Sence 9 is loaded. scene10.mat
Sence 10 is loaded. scene11.mat
Sence 11 is loaded. scene12.mat
Sence 12 is loaded. scene13.mat
Sence 13 is loaded. scene14.mat
Sence 14 is loaded. scene15.mat
Sence 15 is loaded. scene16.mat
Sence 16 is loaded. scene17.mat
Sence 17 is loaded. scene18.mat
Sence 18 is loaded. scene19.mat
Sence 19 is loaded. scene20.mat
Sence 20 is loaded. scene21.mat
Sence 21 is loaded. scene22.mat
Sence 22 is loaded. scene23.mat
Sence 23 is loaded. scene24.mat
Sence 24 is loaded. scene25.mat
Sence 25 is loaded. scene26.mat
Sence 26 is loaded. scene27.mat
Sence 27 is loaded. scene28.mat
Sence 28 is loaded. scene29.mat
Sence 29 is loaded. scene30.mat
0 (256, 256, 28) 0.91325766 0.004317734
1 (256, 256, 28) 0.6268645 0.0024493488
2 (256, 256, 28) 0.7478274 0.0038342373
3 (256, 256, 28) 0.8852826 0.0023525485
4 (256, 256, 28) 0.90493804 0.0034019176
5 (256, 256, 28) 1.0582489 0.000809521
6 (256, 256, 28) 0.5335211 0.008445868
7 (256, 256, 28) 1.0526695 0.0
8 (256, 256, 28) 0.8439114 0.0029929152
9 (256, 256, 28) 0.93364686 0.0029743377
2024-06-07 17:47:19,921 - INFO: Learning rate:0.0004, batch_size:5.

2024-06-07 18:03:18,972 - INFO: ===> Epoch 1 Complete: Avg. Loss: 0.314200 time: 959.05
2024-06-07 18:03:20,029 - INFO: ===> Epoch 1: testing psnr = 12.19, ssim = 0.129, time: 0.73
2024-06-07 18:18:55,944 - INFO: ===> Epoch 2 Complete: Avg. Loss: 0.068798 time: 935.91
2024-06-07 18:18:56,372 - INFO: ===> Epoch 2: testing psnr = 15.05, ssim = 0.116, time: 0.04
2024-06-07 18:34:32,520 - INFO: ===> Epoch 3 Complete: Avg. Loss: 0.033826 time: 936.15
2024-06-07 18:34:32,940 - INFO: ===> Epoch 3: testing psnr = 16.95, ssim = 0.274, time: 0.04
2024-06-07 18:50:08,032 - INFO: ===> Epoch 4 Complete: Avg. Loss: 0.023744 time: 935.09
2024-06-07 18:50:08,444 - INFO: ===> Epoch 4: testing psnr = 17.66, ssim = 0.221, time: 0.07
2024-06-07 19:05:47,374 - INFO: ===> Epoch 5 Complete: Avg. Loss: 0.017523 time: 938.93
2024-06-07 19:05:47,799 - INFO: ===> Epoch 5: testing psnr = 18.92, ssim = 0.335, time: 0.06
2024-06-07 19:21:50,306 - INFO: ===> Epoch 6 Complete: Avg. Loss: 0.014535 time: 962.50
2024-06-07 19:21:50,727 - INFO: ===> Epoch 6: testing psnr = 18.99, ssim = 0.287, time: 0.05
2024-06-07 19:37:30,694 - INFO: ===> Epoch 7 Complete: Avg. Loss: 0.012754 time: 939.97
2024-06-07 19:37:31,117 - INFO: ===> Epoch 7: testing psnr = 19.95, ssim = 0.383, time: 0.05
2024-06-07 19:53:09,452 - INFO: ===> Epoch 8 Complete: Avg. Loss: 0.010776 time: 938.33
2024-06-07 19:53:09,870 - INFO: ===> Epoch 8: testing psnr = 19.88, ssim = 0.381, time: 0.04
2024-06-07 20:08:59,619 - INFO: ===> Epoch 9 Complete: Avg. Loss: 0.008961 time: 949.75
2024-06-07 20:09:00,025 - INFO: ===> Epoch 9: testing psnr = 20.70, ssim = 0.421, time: 0.04
2024-06-07 20:24:47,312 - INFO: ===> Epoch 10 Complete: Avg. Loss: 0.008393 time: 947.28
2024-06-07 20:24:47,750 - INFO: ===> Epoch 10: testing psnr = 21.51, ssim = 0.475, time: 0.05
2024-06-07 20:40:44,262 - INFO: ===> Epoch 11 Complete: Avg. Loss: 0.008029 time: 956.51
2024-06-07 20:40:44,681 - INFO: ===> Epoch 11: testing psnr = 21.80, ssim = 0.488, time: 0.04
2024-06-07 20:56:50,280 - INFO: ===> Epoch 12 Complete: Avg. Loss: 0.007120 time: 965.60
2024-06-07 20:56:50,668 - INFO: ===> Epoch 12: testing psnr = 21.35, ssim = 0.443, time: 0.03
2024-06-07 21:13:02,904 - INFO: ===> Epoch 13 Complete: Avg. Loss: 0.006983 time: 972.23
2024-06-07 21:13:03,324 - INFO: ===> Epoch 13: testing psnr = 21.79, ssim = 0.417, time: 0.04
2024-06-07 21:29:12,037 - INFO: ===> Epoch 14 Complete: Avg. Loss: 0.006091 time: 968.71
2024-06-07 21:29:12,459 - INFO: ===> Epoch 14: testing psnr = 22.49, ssim = 0.516, time: 0.04
2024-06-07 21:45:00,789 - INFO: ===> Epoch 15 Complete: Avg. Loss: 0.005893 time: 948.33
2024-06-07 21:45:01,210 - INFO: ===> Epoch 15: testing psnr = 22.60, ssim = 0.515, time: 0.06
2024-06-07 22:00:49,879 - INFO: ===> Epoch 16 Complete: Avg. Loss: 0.005915 time: 948.67
2024-06-07 22:00:50,275 - INFO: ===> Epoch 16: testing psnr = 22.17, ssim = 0.430, time: 0.03
2024-06-07 22:16:37,538 - INFO: ===> Epoch 17 Complete: Avg. Loss: 0.005938 time: 947.26
2024-06-07 22:16:37,966 - INFO: ===> Epoch 17: testing psnr = 22.55, ssim = 0.523, time: 0.05
2024-06-07 22:33:01,275 - INFO: ===> Epoch 18 Complete: Avg. Loss: 0.004984 time: 983.31
2024-06-07 22:33:01,648 - INFO: ===> Epoch 18: testing psnr = 23.10, ssim = 0.535, time: 0.03
2024-06-07 22:48:48,004 - INFO: ===> Epoch 19 Complete: Avg. Loss: 0.004713 time: 946.35
2024-06-07 22:48:48,503 - INFO: ===> Epoch 19: testing psnr = 23.35, ssim = 0.545, time: 0.08
2024-06-07 23:04:45,827 - INFO: ===> Epoch 20 Complete: Avg. Loss: 0.004672 time: 957.32
2024-06-07 23:04:46,250 - INFO: ===> Epoch 20: testing psnr = 23.11, ssim = 0.544, time: 0.04
2024-06-07 23:20:32,695 - INFO: ===> Epoch 21 Complete: Avg. Loss: 0.004885 time: 946.44
2024-06-07 23:20:33,123 - INFO: ===> Epoch 21: testing psnr = 23.41, ssim = 0.557, time: 0.04
2024-06-07 23:36:08,168 - INFO: ===> Epoch 22 Complete: Avg. Loss: 0.004219 time: 935.04
2024-06-07 23:36:08,596 - INFO: ===> Epoch 22: testing psnr = 23.62, ssim = 0.574, time: 0.05
2024-06-07 23:51:44,007 - INFO: ===> Epoch 23 Complete: Avg. Loss: 0.004374 time: 935.41
2024-06-07 23:51:44,518 - INFO: ===> Epoch 23: testing psnr = 23.79, ssim = 0.575, time: 0.07
2024-06-08 00:07:20,502 - INFO: ===> Epoch 24 Complete: Avg. Loss: 0.003934 time: 935.98
2024-06-08 00:07:20,930 - INFO: ===> Epoch 24: testing psnr = 23.70, ssim = 0.538, time: 0.05
2024-06-08 00:22:49,921 - INFO: ===> Epoch 25 Complete: Avg. Loss: 0.003996 time: 928.99
2024-06-08 00:22:50,332 - INFO: ===> Epoch 25: testing psnr = 23.92, ssim = 0.597, time: 0.04
2024-06-08 00:38:33,980 - INFO: ===> Epoch 26 Complete: Avg. Loss: 0.003868 time: 943.65
2024-06-08 00:38:34,394 - INFO: ===> Epoch 26: testing psnr = 24.12, ssim = 0.602, time: 0.04
2024-06-08 00:54:11,410 - INFO: ===> Epoch 27 Complete: Avg. Loss: 0.003885 time: 937.01
2024-06-08 00:54:11,817 - INFO: ===> Epoch 27: testing psnr = 24.21, ssim = 0.599, time: 0.04
2024-06-08 01:09:55,608 - INFO: ===> Epoch 28 Complete: Avg. Loss: 0.003574 time: 943.79
2024-06-08 01:09:56,101 - INFO: ===> Epoch 28: testing psnr = 23.56, ssim = 0.548, time: 0.05
2024-06-08 01:25:52,096 - INFO: ===> Epoch 29 Complete: Avg. Loss: 0.003591 time: 955.99
2024-06-08 01:25:52,563 - INFO: ===> Epoch 29: testing psnr = 24.33, ssim = 0.598, time: 0.07
2024-06-08 01:41:51,757 - INFO: ===> Epoch 30 Complete: Avg. Loss: 0.003914 time: 959.19
2024-06-08 01:41:52,186 - INFO: ===> Epoch 30: testing psnr = 24.12, ssim = 0.600, time: 0.05
2024-06-08 01:57:42,355 - INFO: ===> Epoch 31 Complete: Avg. Loss: 0.003207 time: 950.17
2024-06-08 01:57:42,777 - INFO: ===> Epoch 31: testing psnr = 24.16, ssim = 0.615, time: 0.06
2024-06-08 02:13:34,189 - INFO: ===> Epoch 32 Complete: Avg. Loss: 0.003156 time: 951.41
2024-06-08 02:13:34,568 - INFO: ===> Epoch 32: testing psnr = 24.53, ssim = 0.626, time: 0.03
2024-06-08 02:29:24,149 - INFO: ===> Epoch 33 Complete: Avg. Loss: 0.003110 time: 949.58
2024-06-08 02:29:24,570 - INFO: ===> Epoch 33: testing psnr = 24.67, ssim = 0.633, time: 0.05
2024-06-08 02:45:23,405 - INFO: ===> Epoch 34 Complete: Avg. Loss: 0.003121 time: 958.83
2024-06-08 02:45:23,904 - INFO: ===> Epoch 34: testing psnr = 22.50, ssim = 0.525, time: 0.06
2024-06-08 03:01:32,403 - INFO: ===> Epoch 35 Complete: Avg. Loss: 0.003204 time: 968.50
2024-06-08 03:01:32,779 - INFO: ===> Epoch 35: testing psnr = 23.64, ssim = 0.559, time: 0.03
2024-06-08 03:17:28,743 - INFO: ===> Epoch 36 Complete: Avg. Loss: 0.003148 time: 955.96
2024-06-08 03:17:29,165 - INFO: ===> Epoch 36: testing psnr = 24.57, ssim = 0.628, time: 0.04
2024-06-08 03:33:09,800 - INFO: ===> Epoch 37 Complete: Avg. Loss: 0.003047 time: 940.63
2024-06-08 03:33:10,211 - INFO: ===> Epoch 37: testing psnr = 24.60, ssim = 0.628, time: 0.04
2024-06-08 03:48:52,323 - INFO: ===> Epoch 38 Complete: Avg. Loss: 0.002819 time: 942.11
2024-06-08 03:48:52,698 - INFO: ===> Epoch 38: testing psnr = 24.88, ssim = 0.615, time: 0.03
2024-06-08 04:04:31,625 - INFO: ===> Epoch 39 Complete: Avg. Loss: 0.003019 time: 938.93
2024-06-08 04:04:32,061 - INFO: ===> Epoch 39: testing psnr = 25.00, ssim = 0.646, time: 0.06
2024-06-08 04:20:57,173 - INFO: ===> Epoch 40 Complete: Avg. Loss: 0.003105 time: 985.11
2024-06-08 04:20:57,632 - INFO: ===> Epoch 40: testing psnr = 24.51, ssim = 0.615, time: 0.05
2024-06-08 04:37:16,179 - INFO: ===> Epoch 41 Complete: Avg. Loss: 0.002735 time: 978.55
2024-06-08 04:37:16,607 - INFO: ===> Epoch 41: testing psnr = 25.18, ssim = 0.654, time: 0.04
2024-06-08 04:52:59,742 - INFO: ===> Epoch 42 Complete: Avg. Loss: 0.002688 time: 943.13
2024-06-08 04:53:00,147 - INFO: ===> Epoch 42: testing psnr = 25.14, ssim = 0.653, time: 0.04
2024-06-08 05:08:45,754 - INFO: ===> Epoch 43 Complete: Avg. Loss: 0.002775 time: 945.60
2024-06-08 05:08:46,132 - INFO: ===> Epoch 43: testing psnr = 24.51, ssim = 0.621, time: 0.03
2024-06-08 05:24:22,841 - INFO: ===> Epoch 44 Complete: Avg. Loss: 0.002681 time: 936.71
2024-06-08 05:24:23,261 - INFO: ===> Epoch 44: testing psnr = 25.01, ssim = 0.649, time: 0.04
2024-06-08 05:40:07,454 - INFO: ===> Epoch 45 Complete: Avg. Loss: 0.002662 time: 944.19
2024-06-08 05:40:07,883 - INFO: ===> Epoch 45: testing psnr = 21.96, ssim = 0.398, time: 0.05
2024-06-08 05:55:46,408 - INFO: ===> Epoch 46 Complete: Avg. Loss: 0.002612 time: 938.52
2024-06-08 05:55:46,878 - INFO: ===> Epoch 46: testing psnr = 25.21, ssim = 0.640, time: 0.07
2024-06-08 06:11:26,403 - INFO: ===> Epoch 47 Complete: Avg. Loss: 0.002562 time: 939.52
2024-06-08 06:11:26,831 - INFO: ===> Epoch 47: testing psnr = 25.21, ssim = 0.652, time: 0.05
2024-06-08 06:27:13,232 - INFO: ===> Epoch 48 Complete: Avg. Loss: 0.002649 time: 946.40
2024-06-08 06:27:13,654 - INFO: ===> Epoch 48: testing psnr = 25.29, ssim = 0.652, time: 0.04
2024-06-08 06:43:02,567 - INFO: ===> Epoch 49 Complete: Avg. Loss: 0.002345 time: 948.91
2024-06-08 06:43:02,994 - INFO: ===> Epoch 49: testing psnr = 24.81, ssim = 0.636, time: 0.05
2024-06-08 06:58:42,982 - INFO: ===> Epoch 50 Complete: Avg. Loss: 0.002818 time: 939.99
2024-06-08 06:58:43,501 - INFO: ===> Epoch 50: testing psnr = 25.60, ssim = 0.676, time: 0.07
2024-06-08 07:14:35,301 - INFO: ===> Epoch 51 Complete: Avg. Loss: 0.002281 time: 951.80
2024-06-08 07:14:35,738 - INFO: ===> Epoch 51: testing psnr = 25.54, ssim = 0.671, time: 0.07
2024-06-08 07:30:26,769 - INFO: ===> Epoch 52 Complete: Avg. Loss: 0.002494 time: 951.03
2024-06-08 07:30:27,198 - INFO: ===> Epoch 52: testing psnr = 25.26, ssim = 0.665, time: 0.06
2024-06-08 07:46:24,234 - INFO: ===> Epoch 53 Complete: Avg. Loss: 0.002275 time: 957.03
2024-06-08 07:46:24,661 - INFO: ===> Epoch 53: testing psnr = 25.50, ssim = 0.657, time: 0.04
2024-06-08 08:02:44,276 - INFO: ===> Epoch 54 Complete: Avg. Loss: 0.003490 time: 979.61
2024-06-08 08:02:44,705 - INFO: ===> Epoch 54: testing psnr = 25.38, ssim = 0.660, time: 0.04
2024-06-08 08:18:25,523 - INFO: ===> Epoch 55 Complete: Avg. Loss: 0.002283 time: 940.82
2024-06-08 08:18:25,947 - INFO: ===> Epoch 55: testing psnr = 25.00, ssim = 0.605, time: 0.04
2024-06-08 08:34:05,596 - INFO: ===> Epoch 56 Complete: Avg. Loss: 0.002269 time: 939.65
2024-06-08 08:34:05,976 - INFO: ===> Epoch 56: testing psnr = 25.48, ssim = 0.671, time: 0.03
2024-06-08 08:49:45,139 - INFO: ===> Epoch 57 Complete: Avg. Loss: 0.002894 time: 939.16
2024-06-08 08:49:45,566 - INFO: ===> Epoch 57: testing psnr = 25.24, ssim = 0.644, time: 0.05
2024-06-08 09:05:24,650 - INFO: ===> Epoch 58 Complete: Avg. Loss: 0.002213 time: 939.08
2024-06-08 09:05:25,074 - INFO: ===> Epoch 58: testing psnr = 25.83, ssim = 0.682, time: 0.05
2024-06-08 09:21:02,855 - INFO: ===> Epoch 59 Complete: Avg. Loss: 0.002021 time: 937.78
2024-06-08 09:21:03,289 - INFO: ===> Epoch 59: testing psnr = 24.81, ssim = 0.640, time: 0.06
2024-06-08 09:36:41,880 - INFO: ===> Epoch 60 Complete: Avg. Loss: 0.002814 time: 938.59
2024-06-08 09:36:42,308 - INFO: ===> Epoch 60: testing psnr = 25.39, ssim = 0.648, time: 0.06
2024-06-08 09:52:23,737 - INFO: ===> Epoch 61 Complete: Avg. Loss: 0.002054 time: 941.43
2024-06-08 09:52:24,169 - INFO: ===> Epoch 61: testing psnr = 25.40, ssim = 0.663, time: 0.05
2024-06-08 10:08:02,253 - INFO: ===> Epoch 62 Complete: Avg. Loss: 0.002041 time: 938.08
2024-06-08 10:08:02,680 - INFO: ===> Epoch 62: testing psnr = 25.54, ssim = 0.660, time: 0.05
2024-06-08 10:23:39,997 - INFO: ===> Epoch 63 Complete: Avg. Loss: 0.002540 time: 937.31
2024-06-08 10:23:40,420 - INFO: ===> Epoch 63: testing psnr = 25.85, ssim = 0.678, time: 0.06
2024-06-08 10:39:40,439 - INFO: ===> Epoch 64 Complete: Avg. Loss: 0.002416 time: 960.02
2024-06-08 10:39:40,859 - INFO: ===> Epoch 64: testing psnr = 25.87, ssim = 0.692, time: 0.05
2024-06-08 10:55:23,313 - INFO: ===> Epoch 65 Complete: Avg. Loss: 0.002116 time: 942.45
2024-06-08 10:55:23,736 - INFO: ===> Epoch 65: testing psnr = 24.98, ssim = 0.573, time: 0.04
2024-06-08 11:11:24,599 - INFO: ===> Epoch 66 Complete: Avg. Loss: 0.002035 time: 960.86
2024-06-08 11:11:24,997 - INFO: ===> Epoch 66: testing psnr = 25.92, ssim = 0.696, time: 0.06
2024-06-08 11:27:33,876 - INFO: ===> Epoch 67 Complete: Avg. Loss: 0.001979 time: 968.88
2024-06-08 11:27:34,362 - INFO: ===> Epoch 67: testing psnr = 25.94, ssim = 0.695, time: 0.07
2024-06-08 11:43:50,820 - INFO: ===> Epoch 68 Complete: Avg. Loss: 0.002137 time: 976.46
2024-06-08 11:43:51,249 - INFO: ===> Epoch 68: testing psnr = 26.02, ssim = 0.678, time: 0.04
2024-06-08 12:00:02,733 - INFO: ===> Epoch 69 Complete: Avg. Loss: 0.002047 time: 971.48
2024-06-08 12:00:03,100 - INFO: ===> Epoch 69: testing psnr = 26.17, ssim = 0.685, time: 0.03
2024-06-08 12:16:22,903 - INFO: ===> Epoch 70 Complete: Avg. Loss: 0.001962 time: 979.80
2024-06-08 12:16:23,320 - INFO: ===> Epoch 70: testing psnr = 26.03, ssim = 0.693, time: 0.04
2024-06-08 12:32:34,270 - INFO: ===> Epoch 71 Complete: Avg. Loss: 0.001965 time: 970.95
2024-06-08 12:32:34,689 - INFO: ===> Epoch 71: testing psnr = 25.81, ssim = 0.686, time: 0.04
2024-06-08 12:49:01,499 - INFO: ===> Epoch 72 Complete: Avg. Loss: 0.002218 time: 986.81
2024-06-08 12:49:01,969 - INFO: ===> Epoch 72: testing psnr = 25.19, ssim = 0.650, time: 0.07
2024-06-08 13:06:03,677 - INFO: ===> Epoch 73 Complete: Avg. Loss: 0.001933 time: 1021.71
2024-06-08 13:06:04,104 - INFO: ===> Epoch 73: testing psnr = 26.34, ssim = 0.715, time: 0.05
2024-06-08 13:22:42,421 - INFO: ===> Epoch 74 Complete: Avg. Loss: 0.001897 time: 998.31
2024-06-08 13:22:42,844 - INFO: ===> Epoch 74: testing psnr = 26.12, ssim = 0.697, time: 0.04
2024-06-08 13:39:16,552 - INFO: ===> Epoch 75 Complete: Avg. Loss: 0.001850 time: 993.71
2024-06-08 13:39:17,026 - INFO: ===> Epoch 75: testing psnr = 26.20, ssim = 0.702, time: 0.07
2024-06-08 13:55:52,602 - INFO: ===> Epoch 76 Complete: Avg. Loss: 0.001874 time: 995.57
2024-06-08 13:55:52,970 - INFO: ===> Epoch 76: testing psnr = 26.35, ssim = 0.714, time: 0.03
2024-06-08 14:12:27,389 - INFO: ===> Epoch 77 Complete: Avg. Loss: 0.002940 time: 994.42
2024-06-08 14:12:27,795 - INFO: ===> Epoch 77: testing psnr = 26.13, ssim = 0.705, time: 0.04
2024-06-08 14:29:16,343 - INFO: ===> Epoch 78 Complete: Avg. Loss: 0.001799 time: 1008.55
2024-06-08 14:29:16,743 - INFO: ===> Epoch 78: testing psnr = 26.30, ssim = 0.711, time: 0.06
2024-06-08 14:45:50,685 - INFO: ===> Epoch 79 Complete: Avg. Loss: 0.001721 time: 993.94
2024-06-08 14:45:51,180 - INFO: ===> Epoch 79: testing psnr = 26.53, ssim = 0.724, time: 0.05
2024-06-08 15:02:33,566 - INFO: ===> Epoch 80 Complete: Avg. Loss: 0.001932 time: 1002.38
2024-06-08 15:02:33,939 - INFO: ===> Epoch 80: testing psnr = 24.76, ssim = 0.515, time: 0.03
2024-06-08 15:19:08,887 - INFO: ===> Epoch 81 Complete: Avg. Loss: 0.001793 time: 994.95
2024-06-08 15:19:09,312 - INFO: ===> Epoch 81: testing psnr = 25.99, ssim = 0.704, time: 0.04
2024-06-08 15:35:35,160 - INFO: ===> Epoch 82 Complete: Avg. Loss: 0.001809 time: 985.85
2024-06-08 15:35:35,574 - INFO: ===> Epoch 82: testing psnr = 26.48, ssim = 0.718, time: 0.05
2024-06-08 15:52:12,244 - INFO: ===> Epoch 83 Complete: Avg. Loss: 0.001813 time: 996.67
2024-06-08 15:52:12,743 - INFO: ===> Epoch 83: testing psnr = 26.39, ssim = 0.718, time: 0.06
2024-06-08 16:08:52,056 - INFO: ===> Epoch 84 Complete: Avg. Loss: 0.002046 time: 999.31
2024-06-08 16:08:52,437 - INFO: ===> Epoch 84: testing psnr = 26.55, ssim = 0.729, time: 0.03
2024-06-08 16:25:13,331 - INFO: ===> Epoch 85 Complete: Avg. Loss: 0.001743 time: 980.89
2024-06-08 16:25:13,766 - INFO: ===> Epoch 85: testing psnr = 26.40, ssim = 0.706, time: 0.07
2024-06-08 16:41:48,979 - INFO: ===> Epoch 86 Complete: Avg. Loss: 0.001708 time: 995.21
2024-06-08 16:41:49,404 - INFO: ===> Epoch 86: testing psnr = 26.71, ssim = 0.731, time: 0.06
2024-06-08 16:58:26,720 - INFO: ===> Epoch 87 Complete: Avg. Loss: 0.001629 time: 997.31
2024-06-08 16:58:27,135 - INFO: ===> Epoch 87: testing psnr = 26.43, ssim = 0.712, time: 0.04
2024-06-08 17:14:57,859 - INFO: ===> Epoch 88 Complete: Avg. Loss: 0.001961 time: 990.72
2024-06-08 17:14:58,281 - INFO: ===> Epoch 88: testing psnr = 25.06, ssim = 0.562, time: 0.04
2024-06-08 17:31:30,568 - INFO: ===> Epoch 89 Complete: Avg. Loss: 0.001639 time: 992.28
2024-06-08 17:31:31,028 - INFO: ===> Epoch 89: testing psnr = 26.70, ssim = 0.721, time: 0.07
2024-06-08 17:48:14,134 - INFO: ===> Epoch 90 Complete: Avg. Loss: 0.001661 time: 1003.10
2024-06-08 17:48:14,546 - INFO: ===> Epoch 90: testing psnr = 26.14, ssim = 0.671, time: 0.04
2024-06-08 18:04:45,106 - INFO: ===> Epoch 91 Complete: Avg. Loss: 0.001660 time: 990.56
2024-06-08 18:04:45,520 - INFO: ===> Epoch 91: testing psnr = 24.29, ssim = 0.562, time: 0.04
2024-06-08 18:21:01,019 - INFO: ===> Epoch 92 Complete: Avg. Loss: 0.001784 time: 975.50
2024-06-08 18:21:01,434 - INFO: ===> Epoch 92: testing psnr = 25.86, ssim = 0.676, time: 0.04
2024-06-08 18:37:34,885 - INFO: ===> Epoch 93 Complete: Avg. Loss: 0.001618 time: 993.45
2024-06-08 18:37:35,397 - INFO: ===> Epoch 93: testing psnr = 26.40, ssim = 0.719, time: 0.07
2024-06-08 18:54:14,430 - INFO: ===> Epoch 94 Complete: Avg. Loss: 0.002273 time: 999.03
2024-06-08 18:54:14,853 - INFO: ===> Epoch 94: testing psnr = 26.50, ssim = 0.724, time: 0.04
2024-06-08 19:10:40,672 - INFO: ===> Epoch 95 Complete: Avg. Loss: 0.001616 time: 985.82
2024-06-08 19:10:41,037 - INFO: ===> Epoch 95: testing psnr = 26.60, ssim = 0.725, time: 0.03
2024-06-08 19:27:12,827 - INFO: ===> Epoch 96 Complete: Avg. Loss: 0.001525 time: 991.79
2024-06-08 19:27:13,327 - INFO: ===> Epoch 96: testing psnr = 26.81, ssim = 0.727, time: 0.07
2024-06-08 19:44:17,917 - INFO: ===> Epoch 97 Complete: Avg. Loss: 0.001683 time: 1024.59
2024-06-08 19:44:18,414 - INFO: ===> Epoch 97: testing psnr = 26.76, ssim = 0.732, time: 0.06
2024-06-08 20:00:49,737 - INFO: ===> Epoch 98 Complete: Avg. Loss: 0.001591 time: 991.32
2024-06-08 20:00:50,155 - INFO: ===> Epoch 98: testing psnr = 25.27, ssim = 0.648, time: 0.05
2024-06-08 20:17:31,714 - INFO: ===> Epoch 99 Complete: Avg. Loss: 0.001838 time: 1001.56
2024-06-08 20:17:32,137 - INFO: ===> Epoch 99: testing psnr = 26.58, ssim = 0.722, time: 0.07
2024-06-08 20:34:35,003 - INFO: ===> Epoch 100 Complete: Avg. Loss: 0.001468 time: 1022.86
2024-06-08 20:34:35,422 - INFO: ===> Epoch 100: testing psnr = 26.87, ssim = 0.735, time: 0.04
