nohup: ignoring input
training sences: 30
Sence 0 is loaded. scene01.mat
Sence 1 is loaded. scene02.mat
Sence 2 is loaded. scene03.mat
Sence 3 is loaded. scene04.mat
Sence 4 is loaded. scene05.mat
Sence 5 is loaded. scene06.mat
Sence 6 is loaded. scene07.mat
Sence 7 is loaded. scene08.mat
Sence 8 is loaded. scene09.mat
Sence 9 is loaded. scene10.mat
Sence 10 is loaded. scene11.mat
Sence 11 is loaded. scene12.mat
Sence 12 is loaded. scene13.mat
Sence 13 is loaded. scene14.mat
Sence 14 is loaded. scene15.mat
Sence 15 is loaded. scene16.mat
Sence 16 is loaded. scene17.mat
Sence 17 is loaded. scene18.mat
Sence 18 is loaded. scene19.mat
Sence 19 is loaded. scene20.mat
Sence 20 is loaded. scene21.mat
Sence 21 is loaded. scene22.mat
Sence 22 is loaded. scene23.mat
Sence 23 is loaded. scene24.mat
Sence 24 is loaded. scene25.mat
Sence 25 is loaded. scene26.mat
Sence 26 is loaded. scene27.mat
Sence 27 is loaded. scene28.mat
Sence 28 is loaded. scene29.mat
Sence 29 is loaded. scene30.mat
0 (256, 256, 28) 0.91325766 0.004317734
1 (256, 256, 28) 0.6268645 0.0024493488
2 (256, 256, 28) 0.7478274 0.0038342373
3 (256, 256, 28) 0.8852826 0.0023525485
4 (256, 256, 28) 0.90493804 0.0034019176
5 (256, 256, 28) 1.0582489 0.000809521
6 (256, 256, 28) 0.5335211 0.008445868
7 (256, 256, 28) 1.0526695 0.0
8 (256, 256, 28) 0.8439114 0.0029929152
9 (256, 256, 28) 0.93364686 0.0029743377
2024-05-04 14:16:06,497 - INFO: Learning rate:0.0004, batch_size:5.

2024-05-04 14:26:36,096 - INFO: ===> Epoch 1 Complete: Avg. Loss: 0.027254 time: 629.60
2024-05-04 14:26:37,128 - INFO: ===> Epoch 1: testing psnr = 19.40, ssim = 0.452, time: 0.69
2024-05-04 14:37:04,792 - INFO: ===> Epoch 2 Complete: Avg. Loss: 0.019300 time: 627.66
2024-05-04 14:37:05,227 - INFO: ===> Epoch 2: testing psnr = 20.26, ssim = 0.511, time: 0.10
2024-05-04 14:47:32,025 - INFO: ===> Epoch 3 Complete: Avg. Loss: 0.015086 time: 626.80
2024-05-04 14:47:32,453 - INFO: ===> Epoch 3: testing psnr = 21.64, ssim = 0.561, time: 0.10
2024-05-04 14:58:00,833 - INFO: ===> Epoch 4 Complete: Avg. Loss: 0.012337 time: 628.38
2024-05-04 14:58:01,256 - INFO: ===> Epoch 4: testing psnr = 22.01, ssim = 0.584, time: 0.10
2024-05-04 15:08:35,142 - INFO: ===> Epoch 5 Complete: Avg. Loss: 0.011565 time: 633.88
2024-05-04 15:08:35,559 - INFO: ===> Epoch 5: testing psnr = 22.27, ssim = 0.538, time: 0.10
2024-05-04 15:19:08,283 - INFO: ===> Epoch 6 Complete: Avg. Loss: 0.009820 time: 632.72
2024-05-04 15:19:08,699 - INFO: ===> Epoch 6: testing psnr = 22.44, ssim = 0.612, time: 0.10
2024-05-04 15:29:42,071 - INFO: ===> Epoch 7 Complete: Avg. Loss: 0.008940 time: 633.37
2024-05-04 15:29:42,492 - INFO: ===> Epoch 7: testing psnr = 22.96, ssim = 0.635, time: 0.10
2024-05-04 15:40:11,579 - INFO: ===> Epoch 8 Complete: Avg. Loss: 0.008032 time: 629.08
2024-05-04 15:40:12,010 - INFO: ===> Epoch 8: testing psnr = 23.31, ssim = 0.621, time: 0.10
2024-05-04 15:50:38,620 - INFO: ===> Epoch 9 Complete: Avg. Loss: 0.007821 time: 626.61
2024-05-04 15:50:39,048 - INFO: ===> Epoch 9: testing psnr = 23.40, ssim = 0.648, time: 0.10
2024-05-04 16:01:05,635 - INFO: ===> Epoch 10 Complete: Avg. Loss: 0.007335 time: 626.59
2024-05-04 16:01:06,066 - INFO: ===> Epoch 10: testing psnr = 23.78, ssim = 0.659, time: 0.10
2024-05-04 16:11:32,610 - INFO: ===> Epoch 11 Complete: Avg. Loss: 0.006845 time: 626.54
2024-05-04 16:11:33,038 - INFO: ===> Epoch 11: testing psnr = 23.69, ssim = 0.651, time: 0.10
2024-05-04 16:21:59,445 - INFO: ===> Epoch 12 Complete: Avg. Loss: 0.006561 time: 626.40
2024-05-04 16:21:59,884 - INFO: ===> Epoch 12: testing psnr = 24.21, ssim = 0.689, time: 0.10
2024-05-04 16:32:27,160 - INFO: ===> Epoch 13 Complete: Avg. Loss: 0.005963 time: 627.27
2024-05-04 16:32:27,590 - INFO: ===> Epoch 13: testing psnr = 23.97, ssim = 0.675, time: 0.10
2024-05-04 16:42:58,278 - INFO: ===> Epoch 14 Complete: Avg. Loss: 0.006093 time: 630.69
2024-05-04 16:42:58,695 - INFO: ===> Epoch 14: testing psnr = 24.55, ssim = 0.696, time: 0.10
2024-05-04 16:53:32,599 - INFO: ===> Epoch 15 Complete: Avg. Loss: 0.005983 time: 633.90
2024-05-04 16:53:33,020 - INFO: ===> Epoch 15: testing psnr = 24.31, ssim = 0.697, time: 0.10
2024-05-04 17:04:05,140 - INFO: ===> Epoch 16 Complete: Avg. Loss: 0.005564 time: 632.12
2024-05-04 17:04:05,557 - INFO: ===> Epoch 16: testing psnr = 23.96, ssim = 0.669, time: 0.10
2024-05-04 17:14:37,164 - INFO: ===> Epoch 17 Complete: Avg. Loss: 0.005361 time: 631.60
2024-05-04 17:14:37,585 - INFO: ===> Epoch 17: testing psnr = 24.88, ssim = 0.705, time: 0.10
2024-05-04 17:25:11,173 - INFO: ===> Epoch 18 Complete: Avg. Loss: 0.005204 time: 633.59
2024-05-04 17:25:11,592 - INFO: ===> Epoch 18: testing psnr = 24.91, ssim = 0.704, time: 0.10
2024-05-04 17:35:44,976 - INFO: ===> Epoch 19 Complete: Avg. Loss: 0.005143 time: 633.38
2024-05-04 17:35:45,393 - INFO: ===> Epoch 19: testing psnr = 24.32, ssim = 0.686, time: 0.10
2024-05-04 17:46:19,295 - INFO: ===> Epoch 20 Complete: Avg. Loss: 0.004658 time: 633.90
2024-05-04 17:46:19,712 - INFO: ===> Epoch 20: testing psnr = 25.06, ssim = 0.726, time: 0.10
2024-05-04 17:56:47,515 - INFO: ===> Epoch 21 Complete: Avg. Loss: 0.004592 time: 627.80
2024-05-04 17:56:47,951 - INFO: ===> Epoch 21: testing psnr = 25.20, ssim = 0.721, time: 0.10
2024-05-04 18:07:15,534 - INFO: ===> Epoch 22 Complete: Avg. Loss: 0.004757 time: 627.58
2024-05-04 18:07:15,970 - INFO: ===> Epoch 22: testing psnr = 23.05, ssim = 0.634, time: 0.10
2024-05-04 18:17:43,382 - INFO: ===> Epoch 23 Complete: Avg. Loss: 0.004572 time: 627.41
2024-05-04 18:17:43,810 - INFO: ===> Epoch 23: testing psnr = 24.84, ssim = 0.698, time: 0.10
2024-05-04 18:28:11,285 - INFO: ===> Epoch 24 Complete: Avg. Loss: 0.004233 time: 627.47
2024-05-04 18:28:11,715 - INFO: ===> Epoch 24: testing psnr = 25.42, ssim = 0.724, time: 0.10
2024-05-04 18:38:41,355 - INFO: ===> Epoch 25 Complete: Avg. Loss: 0.004398 time: 629.64
2024-05-04 18:38:41,773 - INFO: ===> Epoch 25: testing psnr = 25.37, ssim = 0.735, time: 0.10
2024-05-04 18:49:15,928 - INFO: ===> Epoch 26 Complete: Avg. Loss: 0.004359 time: 634.15
2024-05-04 18:49:16,353 - INFO: ===> Epoch 26: testing psnr = 25.61, ssim = 0.745, time: 0.10
2024-05-04 18:59:49,734 - INFO: ===> Epoch 27 Complete: Avg. Loss: 0.004302 time: 633.38
2024-05-04 18:59:50,149 - INFO: ===> Epoch 27: testing psnr = 25.60, ssim = 0.745, time: 0.10
2024-05-04 19:10:23,599 - INFO: ===> Epoch 28 Complete: Avg. Loss: 0.003979 time: 633.45
2024-05-04 19:10:24,017 - INFO: ===> Epoch 28: testing psnr = 25.83, ssim = 0.754, time: 0.10
2024-05-04 19:20:57,122 - INFO: ===> Epoch 29 Complete: Avg. Loss: 0.004211 time: 633.10
2024-05-04 19:20:57,539 - INFO: ===> Epoch 29: testing psnr = 25.80, ssim = 0.750, time: 0.10
2024-05-04 19:31:31,846 - INFO: ===> Epoch 30 Complete: Avg. Loss: 0.003967 time: 634.30
2024-05-04 19:31:32,279 - INFO: ===> Epoch 30: testing psnr = 25.35, ssim = 0.736, time: 0.10
2024-05-04 19:41:59,849 - INFO: ===> Epoch 31 Complete: Avg. Loss: 0.003899 time: 627.57
2024-05-04 19:42:00,281 - INFO: ===> Epoch 31: testing psnr = 26.05, ssim = 0.748, time: 0.10
2024-05-04 19:52:28,055 - INFO: ===> Epoch 32 Complete: Avg. Loss: 0.003743 time: 627.77
2024-05-04 19:52:28,487 - INFO: ===> Epoch 32: testing psnr = 25.37, ssim = 0.691, time: 0.10
2024-05-04 20:02:56,354 - INFO: ===> Epoch 33 Complete: Avg. Loss: 0.003741 time: 627.86
2024-05-04 20:02:56,785 - INFO: ===> Epoch 33: testing psnr = 25.93, ssim = 0.756, time: 0.10
2024-05-04 20:13:26,111 - INFO: ===> Epoch 34 Complete: Avg. Loss: 0.003546 time: 629.32
2024-05-04 20:13:26,543 - INFO: ===> Epoch 34: testing psnr = 25.96, ssim = 0.757, time: 0.10
2024-05-04 20:23:53,493 - INFO: ===> Epoch 35 Complete: Avg. Loss: 0.003671 time: 626.95
2024-05-04 20:23:53,924 - INFO: ===> Epoch 35: testing psnr = 26.15, ssim = 0.767, time: 0.10
2024-05-04 20:34:26,609 - INFO: ===> Epoch 36 Complete: Avg. Loss: 0.003532 time: 632.68
2024-05-04 20:34:27,030 - INFO: ===> Epoch 36: testing psnr = 25.84, ssim = 0.739, time: 0.10
2024-05-04 20:45:00,773 - INFO: ===> Epoch 37 Complete: Avg. Loss: 0.003611 time: 633.74
2024-05-04 20:45:01,184 - INFO: ===> Epoch 37: testing psnr = 25.84, ssim = 0.762, time: 0.10
2024-05-04 20:55:34,600 - INFO: ===> Epoch 38 Complete: Avg. Loss: 0.003836 time: 633.41
2024-05-04 20:55:35,017 - INFO: ===> Epoch 38: testing psnr = 26.29, ssim = 0.769, time: 0.10
2024-05-04 21:06:08,938 - INFO: ===> Epoch 39 Complete: Avg. Loss: 0.003311 time: 633.92
2024-05-04 21:06:09,358 - INFO: ===> Epoch 39: testing psnr = 26.35, ssim = 0.775, time: 0.10
2024-05-04 21:16:43,214 - INFO: ===> Epoch 40 Complete: Avg. Loss: 0.003324 time: 633.85
2024-05-04 21:16:43,635 - INFO: ===> Epoch 40: testing psnr = 26.40, ssim = 0.773, time: 0.10
2024-05-04 21:27:11,927 - INFO: ===> Epoch 41 Complete: Avg. Loss: 0.003314 time: 628.29
2024-05-04 21:27:12,358 - INFO: ===> Epoch 41: testing psnr = 25.91, ssim = 0.767, time: 0.10
2024-05-04 21:37:40,643 - INFO: ===> Epoch 42 Complete: Avg. Loss: 0.003369 time: 628.28
2024-05-04 21:37:41,079 - INFO: ===> Epoch 42: testing psnr = 26.15, ssim = 0.757, time: 0.10
2024-05-04 21:48:08,643 - INFO: ===> Epoch 43 Complete: Avg. Loss: 0.003318 time: 627.56
2024-05-04 21:48:09,073 - INFO: ===> Epoch 43: testing psnr = 26.05, ssim = 0.753, time: 0.10
2024-05-04 21:58:35,985 - INFO: ===> Epoch 44 Complete: Avg. Loss: 0.003140 time: 626.91
2024-05-04 21:58:36,421 - INFO: ===> Epoch 44: testing psnr = 26.49, ssim = 0.785, time: 0.10
2024-05-04 22:09:04,261 - INFO: ===> Epoch 45 Complete: Avg. Loss: 0.003250 time: 627.84
2024-05-04 22:09:04,694 - INFO: ===> Epoch 45: testing psnr = 26.35, ssim = 0.777, time: 0.10
2024-05-04 22:19:32,199 - INFO: ===> Epoch 46 Complete: Avg. Loss: 0.003232 time: 627.50
2024-05-04 22:19:32,628 - INFO: ===> Epoch 46: testing psnr = 26.27, ssim = 0.762, time: 0.10
2024-05-04 22:30:00,064 - INFO: ===> Epoch 47 Complete: Avg. Loss: 0.003190 time: 627.43
2024-05-04 22:30:00,495 - INFO: ===> Epoch 47: testing psnr = 26.55, ssim = 0.788, time: 0.10
2024-05-04 22:40:28,139 - INFO: ===> Epoch 48 Complete: Avg. Loss: 0.003091 time: 627.64
2024-05-04 22:40:28,572 - INFO: ===> Epoch 48: testing psnr = 26.60, ssim = 0.781, time: 0.10
2024-05-04 22:50:57,665 - INFO: ===> Epoch 49 Complete: Avg. Loss: 0.003028 time: 629.09
2024-05-04 22:50:58,094 - INFO: ===> Epoch 49: testing psnr = 26.66, ssim = 0.788, time: 0.10
2024-05-04 23:01:24,059 - INFO: ===> Epoch 50 Complete: Avg. Loss: 0.003489 time: 625.96
2024-05-04 23:01:24,488 - INFO: ===> Epoch 50: testing psnr = 26.78, ssim = 0.792, time: 0.10
2024-05-04 23:11:53,856 - INFO: ===> Epoch 51 Complete: Avg. Loss: 0.002933 time: 629.37
2024-05-04 23:11:54,289 - INFO: ===> Epoch 51: testing psnr = 26.49, ssim = 0.782, time: 0.10
2024-05-04 23:22:22,596 - INFO: ===> Epoch 52 Complete: Avg. Loss: 0.002936 time: 628.30
2024-05-04 23:22:23,036 - INFO: ===> Epoch 52: testing psnr = 26.67, ssim = 0.771, time: 0.10
2024-05-04 23:32:51,315 - INFO: ===> Epoch 53 Complete: Avg. Loss: 0.002935 time: 628.28
2024-05-04 23:32:51,747 - INFO: ===> Epoch 53: testing psnr = 26.78, ssim = 0.796, time: 0.10
2024-05-04 23:43:20,398 - INFO: ===> Epoch 54 Complete: Avg. Loss: 0.002861 time: 628.65
2024-05-04 23:43:20,836 - INFO: ===> Epoch 54: testing psnr = 26.52, ssim = 0.786, time: 0.10
2024-05-04 23:53:49,029 - INFO: ===> Epoch 55 Complete: Avg. Loss: 0.002887 time: 628.19
2024-05-04 23:53:49,461 - INFO: ===> Epoch 55: testing psnr = 26.95, ssim = 0.799, time: 0.10
2024-05-05 00:04:16,689 - INFO: ===> Epoch 56 Complete: Avg. Loss: 0.002906 time: 627.23
2024-05-05 00:04:17,124 - INFO: ===> Epoch 56: testing psnr = 26.95, ssim = 0.796, time: 0.10
2024-05-05 00:14:48,859 - INFO: ===> Epoch 57 Complete: Avg. Loss: 0.002839 time: 631.73
2024-05-05 00:14:49,277 - INFO: ===> Epoch 57: testing psnr = 26.77, ssim = 0.789, time: 0.10
2024-05-05 00:25:21,839 - INFO: ===> Epoch 58 Complete: Avg. Loss: 0.002875 time: 632.56
2024-05-05 00:25:22,257 - INFO: ===> Epoch 58: testing psnr = 26.86, ssim = 0.797, time: 0.10
2024-05-05 00:35:57,350 - INFO: ===> Epoch 59 Complete: Avg. Loss: 0.002674 time: 635.09
2024-05-05 00:35:57,771 - INFO: ===> Epoch 59: testing psnr = 26.07, ssim = 0.754, time: 0.10
2024-05-05 00:46:30,820 - INFO: ===> Epoch 60 Complete: Avg. Loss: 0.002881 time: 633.05
2024-05-05 00:46:31,239 - INFO: ===> Epoch 60: testing psnr = 26.89, ssim = 0.794, time: 0.10
2024-05-05 00:57:05,178 - INFO: ===> Epoch 61 Complete: Avg. Loss: 0.002792 time: 633.94
2024-05-05 00:57:05,596 - INFO: ===> Epoch 61: testing psnr = 25.88, ssim = 0.764, time: 0.10
2024-05-05 01:07:41,052 - INFO: ===> Epoch 62 Complete: Avg. Loss: 0.002648 time: 635.45
2024-05-05 01:07:41,474 - INFO: ===> Epoch 62: testing psnr = 26.98, ssim = 0.802, time: 0.10
2024-05-05 01:18:14,188 - INFO: ===> Epoch 63 Complete: Avg. Loss: 0.002700 time: 632.71
2024-05-05 01:18:14,602 - INFO: ===> Epoch 63: testing psnr = 26.80, ssim = 0.796, time: 0.10
2024-05-05 01:28:46,790 - INFO: ===> Epoch 64 Complete: Avg. Loss: 0.002732 time: 632.19
2024-05-05 01:28:47,210 - INFO: ===> Epoch 64: testing psnr = 26.95, ssim = 0.785, time: 0.10
2024-05-05 01:39:20,226 - INFO: ===> Epoch 65 Complete: Avg. Loss: 0.002708 time: 633.01
2024-05-05 01:39:20,640 - INFO: ===> Epoch 65: testing psnr = 26.46, ssim = 0.779, time: 0.10
2024-05-05 01:49:53,707 - INFO: ===> Epoch 66 Complete: Avg. Loss: 0.002691 time: 633.06
2024-05-05 01:49:54,122 - INFO: ===> Epoch 66: testing psnr = 27.13, ssim = 0.809, time: 0.10
2024-05-05 01:49:54,982 - INFO: Checkpoint saved to ./model/2024_05_04_14_16_06/model_epoch_66.pth
2024-05-05 02:00:23,303 - INFO: ===> Epoch 67 Complete: Avg. Loss: 0.002512 time: 628.32
2024-05-05 02:00:23,731 - INFO: ===> Epoch 67: testing psnr = 26.58, ssim = 0.768, time: 0.10
2024-05-05 02:10:50,424 - INFO: ===> Epoch 68 Complete: Avg. Loss: 0.002663 time: 626.69
2024-05-05 02:10:50,851 - INFO: ===> Epoch 68: testing psnr = 27.12, ssim = 0.807, time: 0.10
2024-05-05 02:21:17,509 - INFO: ===> Epoch 69 Complete: Avg. Loss: 0.002572 time: 626.66
2024-05-05 02:21:17,942 - INFO: ===> Epoch 69: testing psnr = 27.12, ssim = 0.807, time: 0.10
2024-05-05 02:31:48,502 - INFO: ===> Epoch 70 Complete: Avg. Loss: 0.002485 time: 630.56
2024-05-05 02:31:48,922 - INFO: ===> Epoch 70: testing psnr = 27.10, ssim = 0.806, time: 0.10
2024-05-05 02:42:23,662 - INFO: ===> Epoch 71 Complete: Avg. Loss: 0.002610 time: 634.74
2024-05-05 02:42:24,075 - INFO: ===> Epoch 71: testing psnr = 27.30, ssim = 0.809, time: 0.10
2024-05-05 02:42:24,891 - INFO: Checkpoint saved to ./model/2024_05_04_14_16_06/model_epoch_71.pth
2024-05-05 02:52:56,721 - INFO: ===> Epoch 72 Complete: Avg. Loss: 0.002626 time: 631.83
2024-05-05 02:52:57,137 - INFO: ===> Epoch 72: testing psnr = 27.16, ssim = 0.802, time: 0.10
2024-05-05 03:03:29,565 - INFO: ===> Epoch 73 Complete: Avg. Loss: 0.002407 time: 632.43
2024-05-05 03:03:29,983 - INFO: ===> Epoch 73: testing psnr = 27.15, ssim = 0.806, time: 0.10
2024-05-05 03:14:04,049 - INFO: ===> Epoch 74 Complete: Avg. Loss: 0.002564 time: 634.06
2024-05-05 03:14:04,462 - INFO: ===> Epoch 74: testing psnr = 27.18, ssim = 0.807, time: 0.10
2024-05-05 03:24:36,083 - INFO: ===> Epoch 75 Complete: Avg. Loss: 0.002384 time: 631.62
2024-05-05 03:24:36,495 - INFO: ===> Epoch 75: testing psnr = 27.29, ssim = 0.813, time: 0.10
2024-05-05 03:35:09,195 - INFO: ===> Epoch 76 Complete: Avg. Loss: 0.002491 time: 632.70
2024-05-05 03:35:09,613 - INFO: ===> Epoch 76: testing psnr = 27.36, ssim = 0.808, time: 0.10
2024-05-05 03:35:10,457 - INFO: Checkpoint saved to ./model/2024_05_04_14_16_06/model_epoch_76.pth
2024-05-05 03:45:43,640 - INFO: ===> Epoch 77 Complete: Avg. Loss: 0.002399 time: 633.18
2024-05-05 03:45:44,055 - INFO: ===> Epoch 77: testing psnr = 27.23, ssim = 0.806, time: 0.10
2024-05-05 03:56:17,057 - INFO: ===> Epoch 78 Complete: Avg. Loss: 0.002404 time: 633.00
2024-05-05 03:56:17,474 - INFO: ===> Epoch 78: testing psnr = 27.16, ssim = 0.805, time: 0.10
2024-05-05 04:06:51,060 - INFO: ===> Epoch 79 Complete: Avg. Loss: 0.002458 time: 633.58
2024-05-05 04:06:51,484 - INFO: ===> Epoch 79: testing psnr = 27.03, ssim = 0.802, time: 0.10
2024-05-05 04:17:25,986 - INFO: ===> Epoch 80 Complete: Avg. Loss: 0.002342 time: 634.50
2024-05-05 04:17:26,416 - INFO: ===> Epoch 80: testing psnr = 27.38, ssim = 0.814, time: 0.10
2024-05-05 04:17:27,257 - INFO: Checkpoint saved to ./model/2024_05_04_14_16_06/model_epoch_80.pth
2024-05-05 04:27:55,084 - INFO: ===> Epoch 81 Complete: Avg. Loss: 0.002509 time: 627.83
2024-05-05 04:27:55,512 - INFO: ===> Epoch 81: testing psnr = 27.46, ssim = 0.819, time: 0.10
2024-05-05 04:27:56,350 - INFO: Checkpoint saved to ./model/2024_05_04_14_16_06/model_epoch_81.pth
2024-05-05 04:38:23,070 - INFO: ===> Epoch 82 Complete: Avg. Loss: 0.002281 time: 626.72
2024-05-05 04:38:23,501 - INFO: ===> Epoch 82: testing psnr = 26.43, ssim = 0.791, time: 0.10
2024-05-05 04:48:51,582 - INFO: ===> Epoch 83 Complete: Avg. Loss: 0.002297 time: 628.08
2024-05-05 04:48:52,010 - INFO: ===> Epoch 83: testing psnr = 27.20, ssim = 0.813, time: 0.10
2024-05-05 04:59:20,464 - INFO: ===> Epoch 84 Complete: Avg. Loss: 0.002349 time: 628.45
2024-05-05 04:59:20,897 - INFO: ===> Epoch 84: testing psnr = 25.53, ssim = 0.702, time: 0.10
2024-05-05 05:09:50,002 - INFO: ===> Epoch 85 Complete: Avg. Loss: 0.002240 time: 629.10
2024-05-05 05:09:50,432 - INFO: ===> Epoch 85: testing psnr = 25.12, ssim = 0.728, time: 0.10
2024-05-05 05:20:24,198 - INFO: ===> Epoch 86 Complete: Avg. Loss: 0.002312 time: 633.76
2024-05-05 05:20:24,619 - INFO: ===> Epoch 86: testing psnr = 26.92, ssim = 0.801, time: 0.10
2024-05-05 05:30:59,342 - INFO: ===> Epoch 87 Complete: Avg. Loss: 0.002378 time: 634.72
2024-05-05 05:30:59,757 - INFO: ===> Epoch 87: testing psnr = 27.33, ssim = 0.813, time: 0.10
2024-05-05 05:41:33,538 - INFO: ===> Epoch 88 Complete: Avg. Loss: 0.002238 time: 633.78
2024-05-05 05:41:33,958 - INFO: ===> Epoch 88: testing psnr = 27.34, ssim = 0.811, time: 0.10
2024-05-05 05:52:04,072 - INFO: ===> Epoch 89 Complete: Avg. Loss: 0.002384 time: 630.11
2024-05-05 05:52:04,502 - INFO: ===> Epoch 89: testing psnr = 27.27, ssim = 0.813, time: 0.10
2024-05-05 06:02:32,273 - INFO: ===> Epoch 90 Complete: Avg. Loss: 0.002373 time: 627.77
2024-05-05 06:02:32,701 - INFO: ===> Epoch 90: testing psnr = 26.08, ssim = 0.708, time: 0.10
2024-05-05 06:13:03,339 - INFO: ===> Epoch 91 Complete: Avg. Loss: 0.002340 time: 630.64
2024-05-05 06:13:03,755 - INFO: ===> Epoch 91: testing psnr = 27.28, ssim = 0.809, time: 0.10
2024-05-05 06:23:36,654 - INFO: ===> Epoch 92 Complete: Avg. Loss: 0.002332 time: 632.90
2024-05-05 06:23:37,071 - INFO: ===> Epoch 92: testing psnr = 27.47, ssim = 0.821, time: 0.10
2024-05-05 06:23:37,899 - INFO: Checkpoint saved to ./model/2024_05_04_14_16_06/model_epoch_92.pth
2024-05-05 06:34:10,390 - INFO: ===> Epoch 93 Complete: Avg. Loss: 0.002190 time: 632.49
2024-05-05 06:34:10,818 - INFO: ===> Epoch 93: testing psnr = 27.09, ssim = 0.801, time: 0.10
2024-05-05 06:44:38,386 - INFO: ===> Epoch 94 Complete: Avg. Loss: 0.002269 time: 627.57
2024-05-05 06:44:38,814 - INFO: ===> Epoch 94: testing psnr = 27.55, ssim = 0.828, time: 0.10
2024-05-05 06:44:39,644 - INFO: Checkpoint saved to ./model/2024_05_04_14_16_06/model_epoch_94.pth
2024-05-05 06:55:07,234 - INFO: ===> Epoch 95 Complete: Avg. Loss: 0.002235 time: 627.59
2024-05-05 06:55:07,666 - INFO: ===> Epoch 95: testing psnr = 27.27, ssim = 0.815, time: 0.10
2024-05-05 07:05:37,565 - INFO: ===> Epoch 96 Complete: Avg. Loss: 0.002221 time: 629.90
2024-05-05 07:05:37,998 - INFO: ===> Epoch 96: testing psnr = 26.98, ssim = 0.800, time: 0.10
2024-05-05 07:16:07,072 - INFO: ===> Epoch 97 Complete: Avg. Loss: 0.002214 time: 629.07
2024-05-05 07:16:07,499 - INFO: ===> Epoch 97: testing psnr = 27.57, ssim = 0.825, time: 0.10
2024-05-05 07:16:08,313 - INFO: Checkpoint saved to ./model/2024_05_04_14_16_06/model_epoch_97.pth
2024-05-05 07:26:35,637 - INFO: ===> Epoch 98 Complete: Avg. Loss: 0.002069 time: 627.32
2024-05-05 07:26:36,073 - INFO: ===> Epoch 98: testing psnr = 27.46, ssim = 0.825, time: 0.10
2024-05-05 07:37:08,087 - INFO: ===> Epoch 99 Complete: Avg. Loss: 0.002211 time: 632.01
2024-05-05 07:37:08,506 - INFO: ===> Epoch 99: testing psnr = 26.98, ssim = 0.781, time: 0.10
2024-05-05 07:47:41,011 - INFO: ===> Epoch 100 Complete: Avg. Loss: 0.002161 time: 632.50
2024-05-05 07:47:41,435 - INFO: ===> Epoch 100: testing psnr = 27.09, ssim = 0.801, time: 0.10
2024-05-05 07:58:15,825 - INFO: ===> Epoch 101 Complete: Avg. Loss: 0.002196 time: 634.39
2024-05-05 07:58:16,248 - INFO: ===> Epoch 101: testing psnr = 27.54, ssim = 0.812, time: 0.10
2024-05-05 08:08:50,092 - INFO: ===> Epoch 102 Complete: Avg. Loss: 0.002218 time: 633.84
2024-05-05 08:08:50,511 - INFO: ===> Epoch 102: testing psnr = 27.64, ssim = 0.825, time: 0.10
2024-05-05 08:08:51,360 - INFO: Checkpoint saved to ./model/2024_05_04_14_16_06/model_epoch_102.pth
2024-05-05 08:19:24,448 - INFO: ===> Epoch 103 Complete: Avg. Loss: 0.002098 time: 633.09
2024-05-05 08:19:24,865 - INFO: ===> Epoch 103: testing psnr = 27.47, ssim = 0.812, time: 0.10
2024-05-05 08:29:59,808 - INFO: ===> Epoch 104 Complete: Avg. Loss: 0.002129 time: 634.94
2024-05-05 08:30:00,229 - INFO: ===> Epoch 104: testing psnr = 27.47, ssim = 0.822, time: 0.10
2024-05-05 08:40:35,150 - INFO: ===> Epoch 105 Complete: Avg. Loss: 0.002169 time: 634.92
2024-05-05 08:40:35,567 - INFO: ===> Epoch 105: testing psnr = 27.27, ssim = 0.810, time: 0.10
2024-05-05 08:51:09,487 - INFO: ===> Epoch 106 Complete: Avg. Loss: 0.002082 time: 633.92
2024-05-05 08:51:09,904 - INFO: ===> Epoch 106: testing psnr = 27.21, ssim = 0.819, time: 0.10
2024-05-05 09:01:42,337 - INFO: ===> Epoch 107 Complete: Avg. Loss: 0.002167 time: 632.43
2024-05-05 09:01:42,758 - INFO: ===> Epoch 107: testing psnr = 27.48, ssim = 0.825, time: 0.10
2024-05-05 09:12:16,560 - INFO: ===> Epoch 108 Complete: Avg. Loss: 0.002056 time: 633.80
2024-05-05 09:12:16,981 - INFO: ===> Epoch 108: testing psnr = 27.23, ssim = 0.801, time: 0.10
2024-05-05 09:22:50,874 - INFO: ===> Epoch 109 Complete: Avg. Loss: 0.002123 time: 633.89
2024-05-05 09:22:51,290 - INFO: ===> Epoch 109: testing psnr = 27.53, ssim = 0.816, time: 0.10
2024-05-05 09:33:24,656 - INFO: ===> Epoch 110 Complete: Avg. Loss: 0.002073 time: 633.36
2024-05-05 09:33:25,073 - INFO: ===> Epoch 110: testing psnr = 27.71, ssim = 0.821, time: 0.10
2024-05-05 09:33:25,921 - INFO: Checkpoint saved to ./model/2024_05_04_14_16_06/model_epoch_110.pth
2024-05-05 09:43:57,016 - INFO: ===> Epoch 111 Complete: Avg. Loss: 0.002096 time: 631.09
2024-05-05 09:43:57,449 - INFO: ===> Epoch 111: testing psnr = 27.77, ssim = 0.828, time: 0.10
2024-05-05 09:43:58,336 - INFO: Checkpoint saved to ./model/2024_05_04_14_16_06/model_epoch_111.pth
2024-05-05 09:54:27,229 - INFO: ===> Epoch 112 Complete: Avg. Loss: 0.002172 time: 628.89
2024-05-05 09:54:27,667 - INFO: ===> Epoch 112: testing psnr = 27.25, ssim = 0.803, time: 0.10
2024-05-05 10:04:54,931 - INFO: ===> Epoch 113 Complete: Avg. Loss: 0.001967 time: 627.26
2024-05-05 10:04:55,359 - INFO: ===> Epoch 113: testing psnr = 27.82, ssim = 0.828, time: 0.10
2024-05-05 10:04:56,215 - INFO: Checkpoint saved to ./model/2024_05_04_14_16_06/model_epoch_113.pth
2024-05-05 10:15:22,790 - INFO: ===> Epoch 114 Complete: Avg. Loss: 0.002058 time: 626.57
2024-05-05 10:15:23,218 - INFO: ===> Epoch 114: testing psnr = 27.47, ssim = 0.822, time: 0.10
2024-05-05 10:25:51,502 - INFO: ===> Epoch 115 Complete: Avg. Loss: 0.002196 time: 628.28
2024-05-05 10:25:51,929 - INFO: ===> Epoch 115: testing psnr = 25.96, ssim = 0.747, time: 0.10
2024-05-05 10:36:20,577 - INFO: ===> Epoch 116 Complete: Avg. Loss: 0.002073 time: 628.65
2024-05-05 10:36:21,010 - INFO: ===> Epoch 116: testing psnr = 27.59, ssim = 0.814, time: 0.10
2024-05-05 10:46:49,092 - INFO: ===> Epoch 117 Complete: Avg. Loss: 0.001927 time: 628.08
2024-05-05 10:46:49,524 - INFO: ===> Epoch 117: testing psnr = 27.44, ssim = 0.826, time: 0.10
2024-05-05 10:57:17,033 - INFO: ===> Epoch 118 Complete: Avg. Loss: 0.002062 time: 627.51
2024-05-05 10:57:17,464 - INFO: ===> Epoch 118: testing psnr = 27.71, ssim = 0.826, time: 0.10
2024-05-05 11:07:43,589 - INFO: ===> Epoch 119 Complete: Avg. Loss: 0.002190 time: 626.12
2024-05-05 11:07:44,017 - INFO: ===> Epoch 119: testing psnr = 27.67, ssim = 0.822, time: 0.10
2024-05-05 11:18:11,709 - INFO: ===> Epoch 120 Complete: Avg. Loss: 0.001963 time: 627.69
2024-05-05 11:18:12,146 - INFO: ===> Epoch 120: testing psnr = 27.95, ssim = 0.837, time: 0.10
2024-05-05 11:18:12,998 - INFO: Checkpoint saved to ./model/2024_05_04_14_16_06/model_epoch_120.pth
2024-05-05 11:28:39,793 - INFO: ===> Epoch 121 Complete: Avg. Loss: 0.002013 time: 626.79
2024-05-05 11:28:40,227 - INFO: ===> Epoch 121: testing psnr = 27.82, ssim = 0.809, time: 0.10
2024-05-05 11:39:08,194 - INFO: ===> Epoch 122 Complete: Avg. Loss: 0.002041 time: 627.96
2024-05-05 11:39:08,625 - INFO: ===> Epoch 122: testing psnr = 27.17, ssim = 0.817, time: 0.10
2024-05-05 11:49:37,443 - INFO: ===> Epoch 123 Complete: Avg. Loss: 0.002008 time: 628.82
2024-05-05 11:49:37,880 - INFO: ===> Epoch 123: testing psnr = 27.35, ssim = 0.817, time: 0.10
2024-05-05 12:00:05,121 - INFO: ===> Epoch 124 Complete: Avg. Loss: 0.001967 time: 627.24
2024-05-05 12:00:05,551 - INFO: ===> Epoch 124: testing psnr = 27.84, ssim = 0.826, time: 0.10
2024-05-05 12:10:33,649 - INFO: ===> Epoch 125 Complete: Avg. Loss: 0.001996 time: 628.10
2024-05-05 12:10:34,077 - INFO: ===> Epoch 125: testing psnr = 27.89, ssim = 0.832, time: 0.10
2024-05-05 12:21:04,635 - INFO: ===> Epoch 126 Complete: Avg. Loss: 0.001946 time: 630.56
2024-05-05 12:21:05,066 - INFO: ===> Epoch 126: testing psnr = 27.99, ssim = 0.836, time: 0.10
2024-05-05 12:21:05,909 - INFO: Checkpoint saved to ./model/2024_05_04_14_16_06/model_epoch_126.pth
2024-05-05 12:31:32,796 - INFO: ===> Epoch 127 Complete: Avg. Loss: 0.002038 time: 626.89
2024-05-05 12:31:33,225 - INFO: ===> Epoch 127: testing psnr = 27.84, ssim = 0.838, time: 0.10
2024-05-05 12:42:00,265 - INFO: ===> Epoch 128 Complete: Avg. Loss: 0.001936 time: 627.04
2024-05-05 12:42:00,696 - INFO: ===> Epoch 128: testing psnr = 27.76, ssim = 0.829, time: 0.10
2024-05-05 12:52:28,018 - INFO: ===> Epoch 129 Complete: Avg. Loss: 0.001853 time: 627.32
2024-05-05 12:52:28,452 - INFO: ===> Epoch 129: testing psnr = 27.85, ssim = 0.820, time: 0.10
2024-05-05 13:02:56,036 - INFO: ===> Epoch 130 Complete: Avg. Loss: 0.002000 time: 627.58
2024-05-05 13:02:56,478 - INFO: ===> Epoch 130: testing psnr = 27.69, ssim = 0.815, time: 0.10
2024-05-05 13:13:24,385 - INFO: ===> Epoch 131 Complete: Avg. Loss: 0.001907 time: 627.90
2024-05-05 13:13:24,816 - INFO: ===> Epoch 131: testing psnr = 27.74, ssim = 0.825, time: 0.10
2024-05-05 13:23:52,043 - INFO: ===> Epoch 132 Complete: Avg. Loss: 0.001959 time: 627.22
2024-05-05 13:23:52,490 - INFO: ===> Epoch 132: testing psnr = 27.95, ssim = 0.834, time: 0.10
2024-05-05 13:34:20,357 - INFO: ===> Epoch 133 Complete: Avg. Loss: 0.001888 time: 627.86
2024-05-05 13:34:20,792 - INFO: ===> Epoch 133: testing psnr = 28.02, ssim = 0.837, time: 0.10
2024-05-05 13:34:21,721 - INFO: Checkpoint saved to ./model/2024_05_04_14_16_06/model_epoch_133.pth
2024-05-05 13:44:48,975 - INFO: ===> Epoch 134 Complete: Avg. Loss: 0.001882 time: 627.25
2024-05-05 13:44:49,399 - INFO: ===> Epoch 134: testing psnr = 27.64, ssim = 0.817, time: 0.10
2024-05-05 13:55:22,978 - INFO: ===> Epoch 135 Complete: Avg. Loss: 0.001959 time: 633.58
2024-05-05 13:55:23,403 - INFO: ===> Epoch 135: testing psnr = 27.36, ssim = 0.805, time: 0.10
2024-05-05 14:05:57,316 - INFO: ===> Epoch 136 Complete: Avg. Loss: 0.001980 time: 633.91
2024-05-05 14:05:57,737 - INFO: ===> Epoch 136: testing psnr = 27.09, ssim = 0.797, time: 0.10
2024-05-05 14:16:31,374 - INFO: ===> Epoch 137 Complete: Avg. Loss: 0.001850 time: 633.63
2024-05-05 14:16:31,789 - INFO: ===> Epoch 137: testing psnr = 28.03, ssim = 0.841, time: 0.10
2024-05-05 14:16:32,677 - INFO: Checkpoint saved to ./model/2024_05_04_14_16_06/model_epoch_137.pth
2024-05-05 14:27:03,474 - INFO: ===> Epoch 138 Complete: Avg. Loss: 0.001802 time: 630.80
2024-05-05 14:27:03,906 - INFO: ===> Epoch 138: testing psnr = 27.88, ssim = 0.833, time: 0.10
2024-05-05 14:37:31,093 - INFO: ===> Epoch 139 Complete: Avg. Loss: 0.001867 time: 627.18
2024-05-05 14:37:31,521 - INFO: ===> Epoch 139: testing psnr = 27.88, ssim = 0.828, time: 0.10
2024-05-05 14:47:57,730 - INFO: ===> Epoch 140 Complete: Avg. Loss: 0.001916 time: 626.21
2024-05-05 14:47:58,162 - INFO: ===> Epoch 140: testing psnr = 27.78, ssim = 0.822, time: 0.10
2024-05-05 14:58:25,333 - INFO: ===> Epoch 141 Complete: Avg. Loss: 0.001916 time: 627.17
2024-05-05 14:58:25,763 - INFO: ===> Epoch 141: testing psnr = 27.50, ssim = 0.798, time: 0.10
2024-05-05 15:08:58,917 - INFO: ===> Epoch 142 Complete: Avg. Loss: 0.001871 time: 633.15
2024-05-05 15:08:59,338 - INFO: ===> Epoch 142: testing psnr = 27.86, ssim = 0.831, time: 0.10
2024-05-05 15:19:28,388 - INFO: ===> Epoch 143 Complete: Avg. Loss: 0.001887 time: 629.05
2024-05-05 15:19:28,818 - INFO: ===> Epoch 143: testing psnr = 27.77, ssim = 0.823, time: 0.10
2024-05-05 15:29:55,738 - INFO: ===> Epoch 144 Complete: Avg. Loss: 0.001760 time: 626.92
2024-05-05 15:29:56,173 - INFO: ===> Epoch 144: testing psnr = 27.86, ssim = 0.823, time: 0.10
2024-05-05 15:40:24,356 - INFO: ===> Epoch 145 Complete: Avg. Loss: 0.001875 time: 628.18
2024-05-05 15:40:24,770 - INFO: ===> Epoch 145: testing psnr = 27.47, ssim = 0.822, time: 0.10
2024-05-05 15:50:57,428 - INFO: ===> Epoch 146 Complete: Avg. Loss: 0.001800 time: 632.66
2024-05-05 15:50:57,844 - INFO: ===> Epoch 146: testing psnr = 27.91, ssim = 0.833, time: 0.10
2024-05-05 16:01:31,778 - INFO: ===> Epoch 147 Complete: Avg. Loss: 0.001818 time: 633.93
2024-05-05 16:01:32,193 - INFO: ===> Epoch 147: testing psnr = 28.18, ssim = 0.846, time: 0.10
2024-05-05 16:01:33,057 - INFO: Checkpoint saved to ./model/2024_05_04_14_16_06/model_epoch_147.pth
2024-05-05 16:12:05,713 - INFO: ===> Epoch 148 Complete: Avg. Loss: 0.001851 time: 632.66
2024-05-05 16:12:06,130 - INFO: ===> Epoch 148: testing psnr = 25.90, ssim = 0.746, time: 0.10
2024-05-05 16:22:38,659 - INFO: ===> Epoch 149 Complete: Avg. Loss: 0.001811 time: 632.53
2024-05-05 16:22:39,072 - INFO: ===> Epoch 149: testing psnr = 27.84, ssim = 0.819, time: 0.10
2024-05-05 16:33:12,311 - INFO: ===> Epoch 150 Complete: Avg. Loss: 0.001788 time: 633.24
2024-05-05 16:33:12,727 - INFO: ===> Epoch 150: testing psnr = 28.15, ssim = 0.839, time: 0.10
2024-05-05 16:43:46,521 - INFO: ===> Epoch 151 Complete: Avg. Loss: 0.001890 time: 633.79
2024-05-05 16:43:46,939 - INFO: ===> Epoch 151: testing psnr = 27.47, ssim = 0.818, time: 0.10
2024-05-05 16:54:20,362 - INFO: ===> Epoch 152 Complete: Avg. Loss: 0.001758 time: 633.42
2024-05-05 16:54:20,776 - INFO: ===> Epoch 152: testing psnr = 27.90, ssim = 0.842, time: 0.10
2024-05-05 17:04:50,455 - INFO: ===> Epoch 153 Complete: Avg. Loss: 0.001807 time: 629.68
2024-05-05 17:04:50,883 - INFO: ===> Epoch 153: testing psnr = 28.03, ssim = 0.834, time: 0.10
2024-05-05 17:15:19,289 - INFO: ===> Epoch 154 Complete: Avg. Loss: 0.001811 time: 628.40
2024-05-05 17:15:19,721 - INFO: ===> Epoch 154: testing psnr = 28.13, ssim = 0.842, time: 0.10
2024-05-05 17:25:47,445 - INFO: ===> Epoch 155 Complete: Avg. Loss: 0.001793 time: 627.72
2024-05-05 17:25:47,880 - INFO: ===> Epoch 155: testing psnr = 26.90, ssim = 0.794, time: 0.10
2024-05-05 17:36:16,474 - INFO: ===> Epoch 156 Complete: Avg. Loss: 0.001866 time: 628.59
2024-05-05 17:36:16,906 - INFO: ===> Epoch 156: testing psnr = 27.68, ssim = 0.830, time: 0.10
2024-05-05 17:46:44,707 - INFO: ===> Epoch 157 Complete: Avg. Loss: 0.001883 time: 627.80
2024-05-05 17:46:45,137 - INFO: ===> Epoch 157: testing psnr = 28.33, ssim = 0.848, time: 0.10
2024-05-05 17:46:46,033 - INFO: Checkpoint saved to ./model/2024_05_04_14_16_06/model_epoch_157.pth
2024-05-05 17:57:17,678 - INFO: ===> Epoch 158 Complete: Avg. Loss: 0.001725 time: 631.64
2024-05-05 17:57:18,095 - INFO: ===> Epoch 158: testing psnr = 28.14, ssim = 0.846, time: 0.10
2024-05-05 18:07:52,544 - INFO: ===> Epoch 159 Complete: Avg. Loss: 0.001777 time: 634.45
2024-05-05 18:07:52,958 - INFO: ===> Epoch 159: testing psnr = 28.13, ssim = 0.839, time: 0.10
2024-05-05 18:18:25,804 - INFO: ===> Epoch 160 Complete: Avg. Loss: 0.001797 time: 632.84
2024-05-05 18:18:26,219 - INFO: ===> Epoch 160: testing psnr = 28.27, ssim = 0.838, time: 0.10
2024-05-05 18:28:59,309 - INFO: ===> Epoch 161 Complete: Avg. Loss: 0.001898 time: 633.09
2024-05-05 18:28:59,724 - INFO: ===> Epoch 161: testing psnr = 28.10, ssim = 0.838, time: 0.10
2024-05-05 18:39:28,053 - INFO: ===> Epoch 162 Complete: Avg. Loss: 0.001681 time: 628.33
2024-05-05 18:39:28,485 - INFO: ===> Epoch 162: testing psnr = 28.04, ssim = 0.824, time: 0.10
2024-05-05 18:49:56,510 - INFO: ===> Epoch 163 Complete: Avg. Loss: 0.001768 time: 628.02
2024-05-05 18:49:56,939 - INFO: ===> Epoch 163: testing psnr = 28.22, ssim = 0.845, time: 0.10
2024-05-05 19:00:22,243 - INFO: ===> Epoch 164 Complete: Avg. Loss: 0.001701 time: 625.30
2024-05-05 19:00:22,678 - INFO: ===> Epoch 164: testing psnr = 28.25, ssim = 0.845, time: 0.10
2024-05-05 19:10:49,618 - INFO: ===> Epoch 165 Complete: Avg. Loss: 0.001728 time: 626.94
2024-05-05 19:10:50,052 - INFO: ===> Epoch 165: testing psnr = 28.26, ssim = 0.840, time: 0.10
2024-05-05 19:21:19,105 - INFO: ===> Epoch 166 Complete: Avg. Loss: 0.001818 time: 629.05
2024-05-05 19:21:19,535 - INFO: ===> Epoch 166: testing psnr = 28.04, ssim = 0.833, time: 0.10
2024-05-05 19:31:46,469 - INFO: ===> Epoch 167 Complete: Avg. Loss: 0.001708 time: 626.93
2024-05-05 19:31:46,899 - INFO: ===> Epoch 167: testing psnr = 27.71, ssim = 0.815, time: 0.10
2024-05-05 19:42:14,539 - INFO: ===> Epoch 168 Complete: Avg. Loss: 0.001805 time: 627.64
2024-05-05 19:42:14,972 - INFO: ===> Epoch 168: testing psnr = 28.06, ssim = 0.830, time: 0.10
2024-05-05 19:52:41,634 - INFO: ===> Epoch 169 Complete: Avg. Loss: 0.001738 time: 626.66
2024-05-05 19:52:42,062 - INFO: ===> Epoch 169: testing psnr = 28.17, ssim = 0.830, time: 0.10
2024-05-05 20:03:08,965 - INFO: ===> Epoch 170 Complete: Avg. Loss: 0.001805 time: 626.90
2024-05-05 20:03:09,393 - INFO: ===> Epoch 170: testing psnr = 28.10, ssim = 0.833, time: 0.10
2024-05-05 20:13:41,695 - INFO: ===> Epoch 171 Complete: Avg. Loss: 0.001644 time: 632.30
2024-05-05 20:13:42,115 - INFO: ===> Epoch 171: testing psnr = 28.26, ssim = 0.848, time: 0.10
2024-05-05 20:24:16,151 - INFO: ===> Epoch 172 Complete: Avg. Loss: 0.001759 time: 634.03
2024-05-05 20:24:16,570 - INFO: ===> Epoch 172: testing psnr = 27.85, ssim = 0.823, time: 0.10
2024-05-05 20:34:51,423 - INFO: ===> Epoch 173 Complete: Avg. Loss: 0.001656 time: 634.85
2024-05-05 20:34:51,847 - INFO: ===> Epoch 173: testing psnr = 27.50, ssim = 0.799, time: 0.10
2024-05-05 20:45:25,644 - INFO: ===> Epoch 174 Complete: Avg. Loss: 0.001781 time: 633.79
2024-05-05 20:45:26,063 - INFO: ===> Epoch 174: testing psnr = 28.04, ssim = 0.836, time: 0.10
2024-05-05 20:55:59,911 - INFO: ===> Epoch 175 Complete: Avg. Loss: 0.001734 time: 633.85
2024-05-05 20:56:00,328 - INFO: ===> Epoch 175: testing psnr = 27.86, ssim = 0.834, time: 0.10
2024-05-05 21:06:34,807 - INFO: ===> Epoch 176 Complete: Avg. Loss: 0.001672 time: 634.48
2024-05-05 21:06:35,231 - INFO: ===> Epoch 176: testing psnr = 28.37, ssim = 0.848, time: 0.10
2024-05-05 21:06:36,100 - INFO: Checkpoint saved to ./model/2024_05_04_14_16_06/model_epoch_176.pth
2024-05-05 21:17:09,286 - INFO: ===> Epoch 177 Complete: Avg. Loss: 0.001868 time: 633.19
2024-05-05 21:17:09,707 - INFO: ===> Epoch 177: testing psnr = 28.03, ssim = 0.829, time: 0.10
2024-05-05 21:27:44,311 - INFO: ===> Epoch 178 Complete: Avg. Loss: 0.001618 time: 634.60
2024-05-05 21:27:44,729 - INFO: ===> Epoch 178: testing psnr = 27.94, ssim = 0.832, time: 0.10
2024-05-05 21:38:18,965 - INFO: ===> Epoch 179 Complete: Avg. Loss: 0.001679 time: 634.23
2024-05-05 21:38:19,376 - INFO: ===> Epoch 179: testing psnr = 28.09, ssim = 0.842, time: 0.10
2024-05-05 21:48:51,659 - INFO: ===> Epoch 180 Complete: Avg. Loss: 0.001743 time: 632.28
2024-05-05 21:48:52,078 - INFO: ===> Epoch 180: testing psnr = 27.96, ssim = 0.825, time: 0.10
2024-05-05 21:59:25,374 - INFO: ===> Epoch 181 Complete: Avg. Loss: 0.001594 time: 633.29
2024-05-05 21:59:25,794 - INFO: ===> Epoch 181: testing psnr = 28.19, ssim = 0.838, time: 0.10
2024-05-05 22:09:57,941 - INFO: ===> Epoch 182 Complete: Avg. Loss: 0.001696 time: 632.14
2024-05-05 22:09:58,372 - INFO: ===> Epoch 182: testing psnr = 27.95, ssim = 0.837, time: 0.10
2024-05-05 22:20:25,014 - INFO: ===> Epoch 183 Complete: Avg. Loss: 0.001658 time: 626.64
2024-05-05 22:20:25,442 - INFO: ===> Epoch 183: testing psnr = 28.17, ssim = 0.841, time: 0.10
2024-05-05 22:30:51,610 - INFO: ===> Epoch 184 Complete: Avg. Loss: 0.001703 time: 626.17
2024-05-05 22:30:52,044 - INFO: ===> Epoch 184: testing psnr = 27.29, ssim = 0.783, time: 0.10
2024-05-05 22:41:17,776 - INFO: ===> Epoch 185 Complete: Avg. Loss: 0.001674 time: 625.73
2024-05-05 22:41:18,203 - INFO: ===> Epoch 185: testing psnr = 28.25, ssim = 0.850, time: 0.10
2024-05-05 22:51:47,266 - INFO: ===> Epoch 186 Complete: Avg. Loss: 0.001809 time: 629.06
2024-05-05 22:51:47,683 - INFO: ===> Epoch 186: testing psnr = 27.66, ssim = 0.807, time: 0.10
2024-05-05 23:02:19,645 - INFO: ===> Epoch 187 Complete: Avg. Loss: 0.001565 time: 631.96
2024-05-05 23:02:20,064 - INFO: ===> Epoch 187: testing psnr = 28.08, ssim = 0.839, time: 0.10
2024-05-05 23:12:52,487 - INFO: ===> Epoch 188 Complete: Avg. Loss: 0.001662 time: 632.42
2024-05-05 23:12:52,921 - INFO: ===> Epoch 188: testing psnr = 26.95, ssim = 0.745, time: 0.10
2024-05-05 23:23:20,506 - INFO: ===> Epoch 189 Complete: Avg. Loss: 0.001631 time: 627.58
2024-05-05 23:23:20,937 - INFO: ===> Epoch 189: testing psnr = 28.17, ssim = 0.841, time: 0.10
2024-05-05 23:33:48,728 - INFO: ===> Epoch 190 Complete: Avg. Loss: 0.001707 time: 627.79
2024-05-05 23:33:49,162 - INFO: ===> Epoch 190: testing psnr = 28.09, ssim = 0.828, time: 0.10
2024-05-05 23:44:17,100 - INFO: ===> Epoch 191 Complete: Avg. Loss: 0.001722 time: 627.94
2024-05-05 23:44:17,535 - INFO: ===> Epoch 191: testing psnr = 28.42, ssim = 0.852, time: 0.10
2024-05-05 23:44:18,421 - INFO: Checkpoint saved to ./model/2024_05_04_14_16_06/model_epoch_191.pth
2024-05-05 23:54:45,966 - INFO: ===> Epoch 192 Complete: Avg. Loss: 0.001634 time: 627.54
2024-05-05 23:54:46,399 - INFO: ===> Epoch 192: testing psnr = 28.20, ssim = 0.842, time: 0.10
2024-05-06 00:05:13,981 - INFO: ===> Epoch 193 Complete: Avg. Loss: 0.001619 time: 627.58
2024-05-06 00:05:14,410 - INFO: ===> Epoch 193: testing psnr = 28.24, ssim = 0.841, time: 0.10
2024-05-06 00:15:42,149 - INFO: ===> Epoch 194 Complete: Avg. Loss: 0.001609 time: 627.74
2024-05-06 00:15:42,579 - INFO: ===> Epoch 194: testing psnr = 28.41, ssim = 0.850, time: 0.10
2024-05-06 00:26:10,187 - INFO: ===> Epoch 195 Complete: Avg. Loss: 0.001617 time: 627.61
2024-05-06 00:26:10,618 - INFO: ===> Epoch 195: testing psnr = 28.17, ssim = 0.830, time: 0.10
2024-05-06 00:36:38,993 - INFO: ===> Epoch 196 Complete: Avg. Loss: 0.001603 time: 628.37
2024-05-06 00:36:39,428 - INFO: ===> Epoch 196: testing psnr = 28.40, ssim = 0.849, time: 0.10
2024-05-06 00:47:11,051 - INFO: ===> Epoch 197 Complete: Avg. Loss: 0.001668 time: 631.62
2024-05-06 00:47:11,472 - INFO: ===> Epoch 197: testing psnr = 27.06, ssim = 0.779, time: 0.10
2024-05-06 00:57:45,716 - INFO: ===> Epoch 198 Complete: Avg. Loss: 0.001645 time: 634.24
2024-05-06 00:57:46,135 - INFO: ===> Epoch 198: testing psnr = 27.95, ssim = 0.835, time: 0.10
2024-05-06 01:08:18,902 - INFO: ===> Epoch 199 Complete: Avg. Loss: 0.001610 time: 632.76
2024-05-06 01:08:19,318 - INFO: ===> Epoch 199: testing psnr = 28.41, ssim = 0.847, time: 0.10
2024-05-06 01:18:51,726 - INFO: ===> Epoch 200 Complete: Avg. Loss: 0.001573 time: 632.40
2024-05-06 01:18:52,146 - INFO: ===> Epoch 200: testing psnr = 28.19, ssim = 0.847, time: 0.10
2024-05-06 01:29:25,399 - INFO: ===> Epoch 201 Complete: Avg. Loss: 0.001629 time: 633.25
2024-05-06 01:29:25,819 - INFO: ===> Epoch 201: testing psnr = 28.41, ssim = 0.845, time: 0.10
2024-05-06 01:39:59,115 - INFO: ===> Epoch 202 Complete: Avg. Loss: 0.001660 time: 633.29
2024-05-06 01:39:59,532 - INFO: ===> Epoch 202: testing psnr = 28.00, ssim = 0.848, time: 0.10
2024-05-06 01:50:32,514 - INFO: ===> Epoch 203 Complete: Avg. Loss: 0.001578 time: 632.98
2024-05-06 01:50:32,930 - INFO: ===> Epoch 203: testing psnr = 28.46, ssim = 0.851, time: 0.10
2024-05-06 01:50:33,788 - INFO: Checkpoint saved to ./model/2024_05_04_14_16_06/model_epoch_203.pth
2024-05-06 02:01:06,738 - INFO: ===> Epoch 204 Complete: Avg. Loss: 0.001565 time: 632.95
2024-05-06 02:01:07,155 - INFO: ===> Epoch 204: testing psnr = 28.43, ssim = 0.848, time: 0.10
2024-05-06 02:11:37,983 - INFO: ===> Epoch 205 Complete: Avg. Loss: 0.001734 time: 630.83
2024-05-06 02:11:38,416 - INFO: ===> Epoch 205: testing psnr = 28.19, ssim = 0.837, time: 0.10
2024-05-06 02:22:07,018 - INFO: ===> Epoch 206 Complete: Avg. Loss: 0.001561 time: 628.60
2024-05-06 02:22:07,450 - INFO: ===> Epoch 206: testing psnr = 28.38, ssim = 0.851, time: 0.10
2024-05-06 02:32:35,296 - INFO: ===> Epoch 207 Complete: Avg. Loss: 0.001569 time: 627.84
2024-05-06 02:32:35,735 - INFO: ===> Epoch 207: testing psnr = 28.42, ssim = 0.851, time: 0.10
2024-05-06 02:43:04,004 - INFO: ===> Epoch 208 Complete: Avg. Loss: 0.001535 time: 628.27
2024-05-06 02:43:04,436 - INFO: ===> Epoch 208: testing psnr = 28.10, ssim = 0.829, time: 0.10
2024-05-06 02:53:34,633 - INFO: ===> Epoch 209 Complete: Avg. Loss: 0.001542 time: 630.19
2024-05-06 02:53:35,050 - INFO: ===> Epoch 209: testing psnr = 28.46, ssim = 0.850, time: 0.10
2024-05-06 02:53:35,927 - INFO: Checkpoint saved to ./model/2024_05_04_14_16_06/model_epoch_209.pth
2024-05-06 03:04:09,653 - INFO: ===> Epoch 210 Complete: Avg. Loss: 0.001764 time: 633.73
2024-05-06 03:04:10,076 - INFO: ===> Epoch 210: testing psnr = 28.38, ssim = 0.844, time: 0.10
2024-05-06 03:14:44,784 - INFO: ===> Epoch 211 Complete: Avg. Loss: 0.001553 time: 634.71
2024-05-06 03:14:45,196 - INFO: ===> Epoch 211: testing psnr = 28.18, ssim = 0.845, time: 0.10
2024-05-06 03:25:19,088 - INFO: ===> Epoch 212 Complete: Avg. Loss: 0.001582 time: 633.89
2024-05-06 03:25:19,504 - INFO: ===> Epoch 212: testing psnr = 28.46, ssim = 0.849, time: 0.10
2024-05-06 03:35:53,227 - INFO: ===> Epoch 213 Complete: Avg. Loss: 0.001554 time: 633.72
2024-05-06 03:35:53,643 - INFO: ===> Epoch 213: testing psnr = 28.43, ssim = 0.851, time: 0.10
2024-05-06 03:46:27,610 - INFO: ===> Epoch 214 Complete: Avg. Loss: 0.001529 time: 633.97
2024-05-06 03:46:28,028 - INFO: ===> Epoch 214: testing psnr = 27.64, ssim = 0.819, time: 0.10
2024-05-06 03:57:02,763 - INFO: ===> Epoch 215 Complete: Avg. Loss: 0.001559 time: 634.73
2024-05-06 03:57:03,180 - INFO: ===> Epoch 215: testing psnr = 28.23, ssim = 0.836, time: 0.10
2024-05-06 04:07:37,577 - INFO: ===> Epoch 216 Complete: Avg. Loss: 0.001552 time: 634.40
2024-05-06 04:07:37,993 - INFO: ===> Epoch 216: testing psnr = 28.48, ssim = 0.844, time: 0.10
2024-05-06 04:07:38,925 - INFO: Checkpoint saved to ./model/2024_05_04_14_16_06/model_epoch_216.pth
2024-05-06 04:18:11,201 - INFO: ===> Epoch 217 Complete: Avg. Loss: 0.001552 time: 632.28
2024-05-06 04:18:11,617 - INFO: ===> Epoch 217: testing psnr = 28.38, ssim = 0.833, time: 0.10
2024-05-06 04:28:44,146 - INFO: ===> Epoch 218 Complete: Avg. Loss: 0.001753 time: 632.53
2024-05-06 04:28:44,563 - INFO: ===> Epoch 218: testing psnr = 28.37, ssim = 0.841, time: 0.10
2024-05-06 04:39:17,524 - INFO: ===> Epoch 219 Complete: Avg. Loss: 0.001439 time: 632.96
2024-05-06 04:39:17,945 - INFO: ===> Epoch 219: testing psnr = 28.28, ssim = 0.848, time: 0.10
2024-05-06 04:49:51,518 - INFO: ===> Epoch 220 Complete: Avg. Loss: 0.001568 time: 633.57
2024-05-06 04:49:51,941 - INFO: ===> Epoch 220: testing psnr = 28.55, ssim = 0.859, time: 0.10
2024-05-06 04:49:52,878 - INFO: Checkpoint saved to ./model/2024_05_04_14_16_06/model_epoch_220.pth
2024-05-06 05:00:26,754 - INFO: ===> Epoch 221 Complete: Avg. Loss: 0.001605 time: 633.88
2024-05-06 05:00:27,177 - INFO: ===> Epoch 221: testing psnr = 28.42, ssim = 0.850, time: 0.10
2024-05-06 05:11:00,937 - INFO: ===> Epoch 222 Complete: Avg. Loss: 0.001554 time: 633.76
2024-05-06 05:11:01,351 - INFO: ===> Epoch 222: testing psnr = 28.29, ssim = 0.836, time: 0.10
2024-05-06 05:21:34,020 - INFO: ===> Epoch 223 Complete: Avg. Loss: 0.001699 time: 632.67
2024-05-06 05:21:34,441 - INFO: ===> Epoch 223: testing psnr = 28.48, ssim = 0.849, time: 0.10
2024-05-06 05:32:07,972 - INFO: ===> Epoch 224 Complete: Avg. Loss: 0.001465 time: 633.53
2024-05-06 05:32:08,394 - INFO: ===> Epoch 224: testing psnr = 28.58, ssim = 0.855, time: 0.10
2024-05-06 05:32:09,283 - INFO: Checkpoint saved to ./model/2024_05_04_14_16_06/model_epoch_224.pth
2024-05-06 05:42:43,185 - INFO: ===> Epoch 225 Complete: Avg. Loss: 0.001550 time: 633.90
2024-05-06 05:42:43,605 - INFO: ===> Epoch 225: testing psnr = 27.59, ssim = 0.836, time: 0.10
2024-05-06 05:53:18,587 - INFO: ===> Epoch 226 Complete: Avg. Loss: 0.001552 time: 634.98
2024-05-06 05:53:19,005 - INFO: ===> Epoch 226: testing psnr = 28.23, ssim = 0.845, time: 0.10
2024-05-06 06:03:52,235 - INFO: ===> Epoch 227 Complete: Avg. Loss: 0.001596 time: 633.23
2024-05-06 06:03:52,656 - INFO: ===> Epoch 227: testing psnr = 28.52, ssim = 0.855, time: 0.10
2024-05-06 06:14:25,226 - INFO: ===> Epoch 228 Complete: Avg. Loss: 0.001524 time: 632.57
2024-05-06 06:14:25,645 - INFO: ===> Epoch 228: testing psnr = 28.16, ssim = 0.840, time: 0.10
2024-05-06 06:24:59,568 - INFO: ===> Epoch 229 Complete: Avg. Loss: 0.001617 time: 633.92
2024-05-06 06:24:59,982 - INFO: ===> Epoch 229: testing psnr = 28.52, ssim = 0.836, time: 0.10
2024-05-06 06:35:30,114 - INFO: ===> Epoch 230 Complete: Avg. Loss: 0.001494 time: 630.13
2024-05-06 06:35:30,545 - INFO: ===> Epoch 230: testing psnr = 28.16, ssim = 0.834, time: 0.10
2024-05-06 06:45:58,983 - INFO: ===> Epoch 231 Complete: Avg. Loss: 0.001548 time: 628.44
2024-05-06 06:45:59,421 - INFO: ===> Epoch 231: testing psnr = 28.18, ssim = 0.826, time: 0.10
2024-05-06 06:56:27,189 - INFO: ===> Epoch 232 Complete: Avg. Loss: 0.001504 time: 627.77
2024-05-06 06:56:27,619 - INFO: ===> Epoch 232: testing psnr = 28.66, ssim = 0.860, time: 0.10
2024-05-06 06:56:28,509 - INFO: Checkpoint saved to ./model/2024_05_04_14_16_06/model_epoch_232.pth
2024-05-06 07:06:55,690 - INFO: ===> Epoch 233 Complete: Avg. Loss: 0.001519 time: 627.18
2024-05-06 07:06:56,117 - INFO: ===> Epoch 233: testing psnr = 27.86, ssim = 0.801, time: 0.10
2024-05-06 07:17:23,374 - INFO: ===> Epoch 234 Complete: Avg. Loss: 0.001543 time: 627.25
2024-05-06 07:17:23,805 - INFO: ===> Epoch 234: testing psnr = 28.30, ssim = 0.841, time: 0.10
2024-05-06 07:27:50,310 - INFO: ===> Epoch 235 Complete: Avg. Loss: 0.001629 time: 626.50
2024-05-06 07:27:50,741 - INFO: ===> Epoch 235: testing psnr = 28.67, ssim = 0.856, time: 0.10
2024-05-06 07:27:51,621 - INFO: Checkpoint saved to ./model/2024_05_04_14_16_06/model_epoch_235.pth
2024-05-06 07:38:20,989 - INFO: ===> Epoch 236 Complete: Avg. Loss: 0.001540 time: 629.37
2024-05-06 07:38:21,423 - INFO: ===> Epoch 236: testing psnr = 28.63, ssim = 0.861, time: 0.10
2024-05-06 07:48:54,239 - INFO: ===> Epoch 237 Complete: Avg. Loss: 0.001441 time: 632.81
2024-05-06 07:48:54,651 - INFO: ===> Epoch 237: testing psnr = 27.36, ssim = 0.780, time: 0.10
2024-05-06 07:59:27,731 - INFO: ===> Epoch 238 Complete: Avg. Loss: 0.001612 time: 633.08
2024-05-06 07:59:28,147 - INFO: ===> Epoch 238: testing psnr = 28.18, ssim = 0.838, time: 0.10
2024-05-06 08:09:58,823 - INFO: ===> Epoch 239 Complete: Avg. Loss: 0.001478 time: 630.67
2024-05-06 08:09:59,257 - INFO: ===> Epoch 239: testing psnr = 28.38, ssim = 0.850, time: 0.10
2024-05-06 08:20:27,494 - INFO: ===> Epoch 240 Complete: Avg. Loss: 0.001749 time: 628.23
2024-05-06 08:20:27,929 - INFO: ===> Epoch 240: testing psnr = 28.43, ssim = 0.845, time: 0.10
2024-05-06 08:30:57,521 - INFO: ===> Epoch 241 Complete: Avg. Loss: 0.001380 time: 629.59
2024-05-06 08:30:57,941 - INFO: ===> Epoch 241: testing psnr = 28.46, ssim = 0.852, time: 0.10
2024-05-06 08:41:26,953 - INFO: ===> Epoch 242 Complete: Avg. Loss: 0.001564 time: 629.01
2024-05-06 08:41:27,383 - INFO: ===> Epoch 242: testing psnr = 28.46, ssim = 0.846, time: 0.10
2024-05-06 08:51:54,086 - INFO: ===> Epoch 243 Complete: Avg. Loss: 0.001513 time: 626.70
2024-05-06 08:51:54,518 - INFO: ===> Epoch 243: testing psnr = 28.72, ssim = 0.859, time: 0.10
2024-05-06 08:51:55,401 - INFO: Checkpoint saved to ./model/2024_05_04_14_16_06/model_epoch_243.pth
2024-05-06 09:02:22,190 - INFO: ===> Epoch 244 Complete: Avg. Loss: 0.001509 time: 626.79
2024-05-06 09:02:22,629 - INFO: ===> Epoch 244: testing psnr = 28.62, ssim = 0.860, time: 0.10
2024-05-06 09:12:49,696 - INFO: ===> Epoch 245 Complete: Avg. Loss: 0.001497 time: 627.06
2024-05-06 09:12:50,128 - INFO: ===> Epoch 245: testing psnr = 28.48, ssim = 0.856, time: 0.10
2024-05-06 09:23:17,122 - INFO: ===> Epoch 246 Complete: Avg. Loss: 0.001444 time: 626.99
2024-05-06 09:23:17,555 - INFO: ===> Epoch 246: testing psnr = 28.47, ssim = 0.851, time: 0.10
2024-05-06 09:33:49,363 - INFO: ===> Epoch 247 Complete: Avg. Loss: 0.001576 time: 631.81
2024-05-06 09:33:49,794 - INFO: ===> Epoch 247: testing psnr = 28.54, ssim = 0.854, time: 0.10
2024-05-06 09:44:16,789 - INFO: ===> Epoch 248 Complete: Avg. Loss: 0.001456 time: 626.99
2024-05-06 09:44:17,210 - INFO: ===> Epoch 248: testing psnr = 28.45, ssim = 0.848, time: 0.10
2024-05-06 09:54:51,076 - INFO: ===> Epoch 249 Complete: Avg. Loss: 0.001745 time: 633.86
2024-05-06 09:54:51,496 - INFO: ===> Epoch 249: testing psnr = 27.93, ssim = 0.812, time: 0.10
2024-05-06 10:05:24,941 - INFO: ===> Epoch 250 Complete: Avg. Loss: 0.001430 time: 633.44
2024-05-06 10:05:25,360 - INFO: ===> Epoch 250: testing psnr = 28.28, ssim = 0.851, time: 0.10
2024-05-06 10:15:56,388 - INFO: ===> Epoch 251 Complete: Avg. Loss: 0.001414 time: 631.03
2024-05-06 10:15:56,818 - INFO: ===> Epoch 251: testing psnr = 28.78, ssim = 0.860, time: 0.10
2024-05-06 10:15:57,700 - INFO: Checkpoint saved to ./model/2024_05_04_14_16_06/model_epoch_251.pth
2024-05-06 10:26:24,351 - INFO: ===> Epoch 252 Complete: Avg. Loss: 0.001473 time: 626.65
2024-05-06 10:26:24,782 - INFO: ===> Epoch 252: testing psnr = 28.61, ssim = 0.853, time: 0.10
2024-05-06 10:36:58,263 - INFO: ===> Epoch 253 Complete: Avg. Loss: 0.001460 time: 633.47
2024-05-06 10:36:58,686 - INFO: ===> Epoch 253: testing psnr = 28.60, ssim = 0.858, time: 0.10
2024-05-06 10:47:32,357 - INFO: ===> Epoch 254 Complete: Avg. Loss: 0.001499 time: 633.67
2024-05-06 10:47:32,775 - INFO: ===> Epoch 254: testing psnr = 28.47, ssim = 0.848, time: 0.10
2024-05-06 10:58:07,098 - INFO: ===> Epoch 255 Complete: Avg. Loss: 0.001484 time: 634.32
2024-05-06 10:58:07,515 - INFO: ===> Epoch 255: testing psnr = 28.46, ssim = 0.851, time: 0.10
2024-05-06 11:08:41,159 - INFO: ===> Epoch 256 Complete: Avg. Loss: 0.001420 time: 633.64
2024-05-06 11:08:41,577 - INFO: ===> Epoch 256: testing psnr = 28.51, ssim = 0.857, time: 0.10
2024-05-06 11:19:14,866 - INFO: ===> Epoch 257 Complete: Avg. Loss: 0.001565 time: 633.29
2024-05-06 11:19:15,286 - INFO: ===> Epoch 257: testing psnr = 28.62, ssim = 0.859, time: 0.10
2024-05-06 11:29:51,454 - INFO: ===> Epoch 258 Complete: Avg. Loss: 0.001433 time: 636.17
2024-05-06 11:29:51,873 - INFO: ===> Epoch 258: testing psnr = 28.55, ssim = 0.857, time: 0.10
2024-05-06 11:40:24,826 - INFO: ===> Epoch 259 Complete: Avg. Loss: 0.001604 time: 632.95
2024-05-06 11:40:25,245 - INFO: ===> Epoch 259: testing psnr = 28.80, ssim = 0.861, time: 0.10
2024-05-06 11:40:26,124 - INFO: Checkpoint saved to ./model/2024_05_04_14_16_06/model_epoch_259.pth
2024-05-06 11:50:57,164 - INFO: ===> Epoch 260 Complete: Avg. Loss: 0.001481 time: 631.04
2024-05-06 11:50:57,600 - INFO: ===> Epoch 260: testing psnr = 28.24, ssim = 0.846, time: 0.10
2024-05-06 12:01:25,406 - INFO: ===> Epoch 261 Complete: Avg. Loss: 0.001458 time: 627.80
2024-05-06 12:01:25,840 - INFO: ===> Epoch 261: testing psnr = 28.50, ssim = 0.856, time: 0.10
2024-05-06 12:11:54,435 - INFO: ===> Epoch 262 Complete: Avg. Loss: 0.001494 time: 628.59
2024-05-06 12:11:54,869 - INFO: ===> Epoch 262: testing psnr = 28.71, ssim = 0.861, time: 0.10
2024-05-06 12:22:23,260 - INFO: ===> Epoch 263 Complete: Avg. Loss: 0.001448 time: 628.39
2024-05-06 12:22:23,690 - INFO: ===> Epoch 263: testing psnr = 28.76, ssim = 0.864, time: 0.10
2024-05-06 12:32:50,872 - INFO: ===> Epoch 264 Complete: Avg. Loss: 0.001488 time: 627.18
2024-05-06 12:32:51,301 - INFO: ===> Epoch 264: testing psnr = 28.61, ssim = 0.853, time: 0.10
2024-05-06 12:43:22,409 - INFO: ===> Epoch 265 Complete: Avg. Loss: 0.001477 time: 631.11
2024-05-06 12:43:22,827 - INFO: ===> Epoch 265: testing psnr = 28.57, ssim = 0.851, time: 0.10
2024-05-06 12:53:56,946 - INFO: ===> Epoch 266 Complete: Avg. Loss: 0.001407 time: 634.12
2024-05-06 12:53:57,367 - INFO: ===> Epoch 266: testing psnr = 28.50, ssim = 0.859, time: 0.10
2024-05-06 13:04:31,510 - INFO: ===> Epoch 267 Complete: Avg. Loss: 0.001469 time: 634.14
2024-05-06 13:04:31,929 - INFO: ===> Epoch 267: testing psnr = 28.70, ssim = 0.855, time: 0.10
2024-05-06 13:15:04,676 - INFO: ===> Epoch 268 Complete: Avg. Loss: 0.001399 time: 632.74
2024-05-06 13:15:05,091 - INFO: ===> Epoch 268: testing psnr = 28.60, ssim = 0.855, time: 0.10
2024-05-06 13:25:35,679 - INFO: ===> Epoch 269 Complete: Avg. Loss: 0.001507 time: 630.59
2024-05-06 13:25:36,096 - INFO: ===> Epoch 269: testing psnr = 28.69, ssim = 0.858, time: 0.10
2024-05-06 13:36:10,142 - INFO: ===> Epoch 270 Complete: Avg. Loss: 0.001482 time: 634.04
2024-05-06 13:36:10,564 - INFO: ===> Epoch 270: testing psnr = 28.76, ssim = 0.861, time: 0.10
2024-05-06 13:46:41,964 - INFO: ===> Epoch 271 Complete: Avg. Loss: 0.001358 time: 631.40
2024-05-06 13:46:42,390 - INFO: ===> Epoch 271: testing psnr = 28.74, ssim = 0.855, time: 0.10
2024-05-06 13:57:15,292 - INFO: ===> Epoch 272 Complete: Avg. Loss: 0.001533 time: 632.90
2024-05-06 13:57:15,717 - INFO: ===> Epoch 272: testing psnr = 28.28, ssim = 0.820, time: 0.10
2024-05-06 14:07:49,261 - INFO: ===> Epoch 273 Complete: Avg. Loss: 0.001496 time: 633.54
2024-05-06 14:07:49,682 - INFO: ===> Epoch 273: testing psnr = 28.03, ssim = 0.827, time: 0.10
2024-05-06 14:18:23,408 - INFO: ===> Epoch 274 Complete: Avg. Loss: 0.001385 time: 633.72
2024-05-06 14:18:23,830 - INFO: ===> Epoch 274: testing psnr = 28.63, ssim = 0.857, time: 0.10
2024-05-06 14:28:57,189 - INFO: ===> Epoch 275 Complete: Avg. Loss: 0.001482 time: 633.36
2024-05-06 14:28:57,610 - INFO: ===> Epoch 275: testing psnr = 28.48, ssim = 0.853, time: 0.10
2024-05-06 14:39:29,601 - INFO: ===> Epoch 276 Complete: Avg. Loss: 0.001510 time: 631.99
2024-05-06 14:39:30,028 - INFO: ===> Epoch 276: testing psnr = 28.74, ssim = 0.865, time: 0.10
