nohup: ignoring input
training sences: 30
Sence 0 is loaded. scene01.mat
Sence 1 is loaded. scene02.mat
Sence 2 is loaded. scene03.mat
Sence 3 is loaded. scene04.mat
Sence 4 is loaded. scene05.mat
Sence 5 is loaded. scene06.mat
Sence 6 is loaded. scene07.mat
Sence 7 is loaded. scene08.mat
Sence 8 is loaded. scene09.mat
Sence 9 is loaded. scene10.mat
Sence 10 is loaded. scene11.mat
Sence 11 is loaded. scene12.mat
Sence 12 is loaded. scene13.mat
Sence 13 is loaded. scene14.mat
Sence 14 is loaded. scene15.mat
Sence 15 is loaded. scene16.mat
Sence 16 is loaded. scene17.mat
Sence 17 is loaded. scene18.mat
Sence 18 is loaded. scene19.mat
Sence 19 is loaded. scene20.mat
Sence 20 is loaded. scene21.mat
Sence 21 is loaded. scene22.mat
Sence 22 is loaded. scene23.mat
Sence 23 is loaded. scene24.mat
Sence 24 is loaded. scene25.mat
Sence 25 is loaded. scene26.mat
Sence 26 is loaded. scene27.mat
Sence 27 is loaded. scene28.mat
Sence 28 is loaded. scene29.mat
Sence 29 is loaded. scene30.mat
0 (256, 256, 28) 0.91325766 0.004317734
1 (256, 256, 28) 0.6268645 0.0024493488
2 (256, 256, 28) 0.7478274 0.0038342373
3 (256, 256, 28) 0.8852826 0.0023525485
4 (256, 256, 28) 0.90493804 0.0034019176
5 (256, 256, 28) 1.0582489 0.000809521
6 (256, 256, 28) 0.5335211 0.008445868
7 (256, 256, 28) 1.0526695 0.0
8 (256, 256, 28) 0.8439114 0.0029929152
9 (256, 256, 28) 0.93364686 0.0029743377
2024-06-19 20:05:53,641 - INFO: Learning rate:0.0004, batch_size:5.

2024-06-19 20:27:10,369 - INFO: ===> Epoch 1 Complete: Avg. Loss: 0.010745 time: 1276.73
2024-06-19 20:27:11,339 - INFO: ===> Epoch 1: testing psnr = 21.32, ssim = 0.574, time: 0.62
2024-06-19 20:48:20,786 - INFO: ===> Epoch 2 Complete: Avg. Loss: 0.005591 time: 1269.45
2024-06-19 20:48:21,222 - INFO: ===> Epoch 2: testing psnr = 23.99, ssim = 0.680, time: 0.07
2024-06-19 21:09:41,684 - INFO: ===> Epoch 3 Complete: Avg. Loss: 0.003750 time: 1280.46
2024-06-19 21:09:42,129 - INFO: ===> Epoch 3: testing psnr = 24.64, ssim = 0.705, time: 0.07
2024-06-19 21:31:03,285 - INFO: ===> Epoch 4 Complete: Avg. Loss: 0.003058 time: 1281.15
2024-06-19 21:31:03,730 - INFO: ===> Epoch 4: testing psnr = 25.00, ssim = 0.729, time: 0.07
2024-06-19 21:52:15,526 - INFO: ===> Epoch 5 Complete: Avg. Loss: 0.002502 time: 1271.79
2024-06-19 21:52:15,965 - INFO: ===> Epoch 5: testing psnr = 25.80, ssim = 0.764, time: 0.07
2024-06-19 22:12:50,632 - INFO: ===> Epoch 6 Complete: Avg. Loss: 0.002111 time: 1234.67
2024-06-19 22:12:51,063 - INFO: ===> Epoch 6: testing psnr = 26.33, ssim = 0.780, time: 0.07
2024-06-19 22:33:21,762 - INFO: ===> Epoch 7 Complete: Avg. Loss: 0.001894 time: 1230.70
2024-06-19 22:33:22,193 - INFO: ===> Epoch 7: testing psnr = 26.58, ssim = 0.791, time: 0.07
2024-06-19 22:53:57,631 - INFO: ===> Epoch 8 Complete: Avg. Loss: 0.001739 time: 1235.44
2024-06-19 22:53:58,062 - INFO: ===> Epoch 8: testing psnr = 26.50, ssim = 0.758, time: 0.07
2024-06-19 23:14:30,555 - INFO: ===> Epoch 9 Complete: Avg. Loss: 0.001557 time: 1232.49
2024-06-19 23:14:30,986 - INFO: ===> Epoch 9: testing psnr = 27.08, ssim = 0.799, time: 0.07
2024-06-19 23:35:01,840 - INFO: ===> Epoch 10 Complete: Avg. Loss: 0.001445 time: 1230.85
2024-06-19 23:35:02,271 - INFO: ===> Epoch 10: testing psnr = 26.94, ssim = 0.806, time: 0.07
2024-06-19 23:55:30,875 - INFO: ===> Epoch 11 Complete: Avg. Loss: 0.001288 time: 1228.60
2024-06-19 23:55:31,306 - INFO: ===> Epoch 11: testing psnr = 27.96, ssim = 0.832, time: 0.07
2024-06-20 00:16:02,731 - INFO: ===> Epoch 12 Complete: Avg. Loss: 0.001267 time: 1231.42
2024-06-20 00:16:03,162 - INFO: ===> Epoch 12: testing psnr = 27.96, ssim = 0.833, time: 0.07
2024-06-20 00:36:32,666 - INFO: ===> Epoch 13 Complete: Avg. Loss: 0.001186 time: 1229.50
2024-06-20 00:36:33,098 - INFO: ===> Epoch 13: testing psnr = 27.49, ssim = 0.833, time: 0.07
2024-06-20 00:57:03,045 - INFO: ===> Epoch 14 Complete: Avg. Loss: 0.001139 time: 1229.95
2024-06-20 00:57:03,475 - INFO: ===> Epoch 14: testing psnr = 27.91, ssim = 0.842, time: 0.07
2024-06-20 01:17:33,117 - INFO: ===> Epoch 15 Complete: Avg. Loss: 0.001065 time: 1229.64
2024-06-20 01:17:33,549 - INFO: ===> Epoch 15: testing psnr = 28.51, ssim = 0.852, time: 0.07
2024-06-20 01:38:03,852 - INFO: ===> Epoch 16 Complete: Avg. Loss: 0.000978 time: 1230.30
2024-06-20 01:38:04,282 - INFO: ===> Epoch 16: testing psnr = 28.64, ssim = 0.847, time: 0.07
2024-06-20 01:58:35,385 - INFO: ===> Epoch 17 Complete: Avg. Loss: 0.000986 time: 1231.10
2024-06-20 01:58:35,819 - INFO: ===> Epoch 17: testing psnr = 28.66, ssim = 0.858, time: 0.07
2024-06-20 02:19:08,975 - INFO: ===> Epoch 18 Complete: Avg. Loss: 0.000912 time: 1233.15
2024-06-20 02:19:09,408 - INFO: ===> Epoch 18: testing psnr = 28.61, ssim = 0.844, time: 0.07
2024-06-20 02:39:43,061 - INFO: ===> Epoch 19 Complete: Avg. Loss: 0.000878 time: 1233.65
2024-06-20 02:39:43,493 - INFO: ===> Epoch 19: testing psnr = 28.52, ssim = 0.860, time: 0.07
2024-06-20 03:00:16,829 - INFO: ===> Epoch 20 Complete: Avg. Loss: 0.000874 time: 1233.33
2024-06-20 03:00:17,262 - INFO: ===> Epoch 20: testing psnr = 28.12, ssim = 0.844, time: 0.07
2024-06-20 03:20:50,701 - INFO: ===> Epoch 21 Complete: Avg. Loss: 0.000800 time: 1233.44
2024-06-20 03:20:51,134 - INFO: ===> Epoch 21: testing psnr = 28.78, ssim = 0.869, time: 0.07
2024-06-20 03:41:37,809 - INFO: ===> Epoch 22 Complete: Avg. Loss: 0.000800 time: 1246.67
2024-06-20 03:41:38,255 - INFO: ===> Epoch 22: testing psnr = 28.90, ssim = 0.865, time: 0.07
2024-06-20 04:02:57,439 - INFO: ===> Epoch 23 Complete: Avg. Loss: 0.000931 time: 1279.18
2024-06-20 04:02:57,887 - INFO: ===> Epoch 23: testing psnr = 28.97, ssim = 0.870, time: 0.07
2024-06-20 04:24:17,021 - INFO: ===> Epoch 24 Complete: Avg. Loss: 0.000719 time: 1279.13
2024-06-20 04:24:17,468 - INFO: ===> Epoch 24: testing psnr = 29.28, ssim = 0.876, time: 0.07
2024-06-20 04:45:36,981 - INFO: ===> Epoch 25 Complete: Avg. Loss: 0.000709 time: 1279.51
2024-06-20 04:45:37,427 - INFO: ===> Epoch 25: testing psnr = 28.82, ssim = 0.870, time: 0.07
2024-06-20 05:06:57,305 - INFO: ===> Epoch 26 Complete: Avg. Loss: 0.000726 time: 1279.88
2024-06-20 05:06:57,751 - INFO: ===> Epoch 26: testing psnr = 28.76, ssim = 0.864, time: 0.07
2024-06-20 05:28:17,650 - INFO: ===> Epoch 27 Complete: Avg. Loss: 0.000683 time: 1279.90
2024-06-20 05:28:18,097 - INFO: ===> Epoch 27: testing psnr = 29.23, ssim = 0.875, time: 0.07
2024-06-20 05:49:36,972 - INFO: ===> Epoch 28 Complete: Avg. Loss: 0.000682 time: 1278.87
2024-06-20 05:49:37,418 - INFO: ===> Epoch 28: testing psnr = 28.85, ssim = 0.876, time: 0.07
2024-06-20 06:10:56,393 - INFO: ===> Epoch 29 Complete: Avg. Loss: 0.000643 time: 1278.97
2024-06-20 06:10:56,839 - INFO: ===> Epoch 29: testing psnr = 29.52, ssim = 0.883, time: 0.07
2024-06-20 06:32:16,032 - INFO: ===> Epoch 30 Complete: Avg. Loss: 0.000641 time: 1279.19
2024-06-20 06:32:16,477 - INFO: ===> Epoch 30: testing psnr = 29.68, ssim = 0.886, time: 0.07
2024-06-20 06:53:36,803 - INFO: ===> Epoch 31 Complete: Avg. Loss: 0.000617 time: 1280.32
2024-06-20 06:53:37,249 - INFO: ===> Epoch 31: testing psnr = 29.41, ssim = 0.880, time: 0.07
2024-06-20 07:14:47,904 - INFO: ===> Epoch 32 Complete: Avg. Loss: 0.000602 time: 1270.65
2024-06-20 07:14:48,338 - INFO: ===> Epoch 32: testing psnr = 29.47, ssim = 0.878, time: 0.07
2024-06-20 07:35:58,085 - INFO: ===> Epoch 33 Complete: Avg. Loss: 0.000583 time: 1269.74
2024-06-20 07:35:58,520 - INFO: ===> Epoch 33: testing psnr = 29.45, ssim = 0.859, time: 0.07
2024-06-20 07:57:07,549 - INFO: ===> Epoch 34 Complete: Avg. Loss: 0.000610 time: 1269.03
2024-06-20 07:57:07,984 - INFO: ===> Epoch 34: testing psnr = 29.83, ssim = 0.886, time: 0.07
2024-06-20 08:18:17,439 - INFO: ===> Epoch 35 Complete: Avg. Loss: 0.000560 time: 1269.45
2024-06-20 08:18:17,874 - INFO: ===> Epoch 35: testing psnr = 29.83, ssim = 0.875, time: 0.07
2024-06-20 08:39:15,334 - INFO: ===> Epoch 36 Complete: Avg. Loss: 0.000575 time: 1257.46
2024-06-20 08:39:15,770 - INFO: ===> Epoch 36: testing psnr = 29.18, ssim = 0.875, time: 0.07
2024-06-20 08:59:47,634 - INFO: ===> Epoch 37 Complete: Avg. Loss: 0.000524 time: 1231.86
2024-06-20 08:59:48,069 - INFO: ===> Epoch 37: testing psnr = 29.97, ssim = 0.891, time: 0.07
2024-06-20 09:20:21,480 - INFO: ===> Epoch 38 Complete: Avg. Loss: 0.000682 time: 1233.41
2024-06-20 09:20:21,911 - INFO: ===> Epoch 38: testing psnr = 30.17, ssim = 0.896, time: 0.07
2024-06-20 09:40:53,945 - INFO: ===> Epoch 39 Complete: Avg. Loss: 0.000504 time: 1232.03
2024-06-20 09:40:54,375 - INFO: ===> Epoch 39: testing psnr = 30.18, ssim = 0.895, time: 0.07
2024-06-20 10:01:25,313 - INFO: ===> Epoch 40 Complete: Avg. Loss: 0.000515 time: 1230.94
2024-06-20 10:01:25,744 - INFO: ===> Epoch 40: testing psnr = 29.89, ssim = 0.895, time: 0.07
2024-06-20 10:22:00,018 - INFO: ===> Epoch 41 Complete: Avg. Loss: 0.000519 time: 1234.27
2024-06-20 10:22:00,448 - INFO: ===> Epoch 41: testing psnr = 30.27, ssim = 0.897, time: 0.07
2024-06-20 10:42:34,565 - INFO: ===> Epoch 42 Complete: Avg. Loss: 0.000484 time: 1234.12
2024-06-20 10:42:34,995 - INFO: ===> Epoch 42: testing psnr = 30.24, ssim = 0.895, time: 0.07
2024-06-20 11:03:10,326 - INFO: ===> Epoch 43 Complete: Avg. Loss: 0.000514 time: 1235.33
2024-06-20 11:03:10,757 - INFO: ===> Epoch 43: testing psnr = 30.29, ssim = 0.899, time: 0.07
2024-06-20 11:23:47,290 - INFO: ===> Epoch 44 Complete: Avg. Loss: 0.000476 time: 1236.53
2024-06-20 11:23:47,722 - INFO: ===> Epoch 44: testing psnr = 28.87, ssim = 0.834, time: 0.07
2024-06-20 11:44:19,833 - INFO: ===> Epoch 45 Complete: Avg. Loss: 0.000484 time: 1232.11
2024-06-20 11:44:20,265 - INFO: ===> Epoch 45: testing psnr = 30.39, ssim = 0.899, time: 0.07
2024-06-20 12:04:52,786 - INFO: ===> Epoch 46 Complete: Avg. Loss: 0.000488 time: 1232.52
2024-06-20 12:04:53,215 - INFO: ===> Epoch 46: testing psnr = 29.94, ssim = 0.893, time: 0.07
2024-06-20 12:25:25,209 - INFO: ===> Epoch 47 Complete: Avg. Loss: 0.000445 time: 1231.99
2024-06-20 12:25:25,640 - INFO: ===> Epoch 47: testing psnr = 30.31, ssim = 0.898, time: 0.07
2024-06-20 12:45:58,599 - INFO: ===> Epoch 48 Complete: Avg. Loss: 0.000459 time: 1232.96
2024-06-20 12:45:59,031 - INFO: ===> Epoch 48: testing psnr = 30.43, ssim = 0.901, time: 0.07
2024-06-20 13:06:33,285 - INFO: ===> Epoch 49 Complete: Avg. Loss: 0.000458 time: 1234.25
2024-06-20 13:06:33,716 - INFO: ===> Epoch 49: testing psnr = 29.63, ssim = 0.893, time: 0.07
2024-06-20 13:27:06,446 - INFO: ===> Epoch 50 Complete: Avg. Loss: 0.000450 time: 1232.73
2024-06-20 13:27:06,879 - INFO: ===> Epoch 50: testing psnr = 30.39, ssim = 0.901, time: 0.07
2024-06-20 13:47:37,149 - INFO: ===> Epoch 51 Complete: Avg. Loss: 0.000474 time: 1230.27
2024-06-20 13:47:37,581 - INFO: ===> Epoch 51: testing psnr = 30.07, ssim = 0.899, time: 0.07
2024-06-20 14:08:08,865 - INFO: ===> Epoch 52 Complete: Avg. Loss: 0.000410 time: 1231.28
2024-06-20 14:08:09,295 - INFO: ===> Epoch 52: testing psnr = 30.20, ssim = 0.895, time: 0.07
2024-06-20 14:28:42,938 - INFO: ===> Epoch 53 Complete: Avg. Loss: 0.000419 time: 1233.64
2024-06-20 14:28:43,371 - INFO: ===> Epoch 53: testing psnr = 30.45, ssim = 0.904, time: 0.07
2024-06-20 14:49:20,349 - INFO: ===> Epoch 54 Complete: Avg. Loss: 0.000469 time: 1236.98
2024-06-20 14:49:20,782 - INFO: ===> Epoch 54: testing psnr = 30.61, ssim = 0.907, time: 0.07
2024-06-20 15:09:56,000 - INFO: ===> Epoch 55 Complete: Avg. Loss: 0.000403 time: 1235.22
2024-06-20 15:09:56,433 - INFO: ===> Epoch 55: testing psnr = 30.10, ssim = 0.892, time: 0.07
2024-06-20 15:30:28,984 - INFO: ===> Epoch 56 Complete: Avg. Loss: 0.000418 time: 1232.55
2024-06-20 15:30:29,418 - INFO: ===> Epoch 56: testing psnr = 30.48, ssim = 0.903, time: 0.07
2024-06-20 15:51:02,206 - INFO: ===> Epoch 57 Complete: Avg. Loss: 0.000458 time: 1232.79
2024-06-20 15:51:02,641 - INFO: ===> Epoch 57: testing psnr = 26.72, ssim = 0.825, time: 0.07
2024-06-20 16:11:35,775 - INFO: ===> Epoch 58 Complete: Avg. Loss: 0.000437 time: 1233.13
2024-06-20 16:11:36,206 - INFO: ===> Epoch 58: testing psnr = 30.77, ssim = 0.910, time: 0.07
2024-06-20 16:32:08,073 - INFO: ===> Epoch 59 Complete: Avg. Loss: 0.000406 time: 1231.87
2024-06-20 16:32:08,508 - INFO: ===> Epoch 59: testing psnr = 30.74, ssim = 0.912, time: 0.07
2024-06-20 16:52:40,811 - INFO: ===> Epoch 60 Complete: Avg. Loss: 0.000405 time: 1232.30
2024-06-20 16:52:41,244 - INFO: ===> Epoch 60: testing psnr = 30.70, ssim = 0.910, time: 0.07
2024-06-20 17:13:15,722 - INFO: ===> Epoch 61 Complete: Avg. Loss: 0.000441 time: 1234.48
2024-06-20 17:13:16,157 - INFO: ===> Epoch 61: testing psnr = 30.49, ssim = 0.902, time: 0.07
2024-06-20 17:33:50,862 - INFO: ===> Epoch 62 Complete: Avg. Loss: 0.000367 time: 1234.70
2024-06-20 17:33:51,295 - INFO: ===> Epoch 62: testing psnr = 30.73, ssim = 0.911, time: 0.07
2024-06-20 17:54:26,752 - INFO: ===> Epoch 63 Complete: Avg. Loss: 0.000395 time: 1235.46
2024-06-20 17:54:27,190 - INFO: ===> Epoch 63: testing psnr = 30.75, ssim = 0.906, time: 0.07
2024-06-20 18:15:04,301 - INFO: ===> Epoch 64 Complete: Avg. Loss: 0.000414 time: 1237.11
2024-06-20 18:15:04,736 - INFO: ===> Epoch 64: testing psnr = 30.75, ssim = 0.908, time: 0.07
2024-06-20 18:35:41,523 - INFO: ===> Epoch 65 Complete: Avg. Loss: 0.000367 time: 1236.79
2024-06-20 18:35:41,956 - INFO: ===> Epoch 65: testing psnr = 30.72, ssim = 0.910, time: 0.07
2024-06-20 18:56:14,334 - INFO: ===> Epoch 66 Complete: Avg. Loss: 0.000399 time: 1232.38
2024-06-20 18:56:14,768 - INFO: ===> Epoch 66: testing psnr = 30.82, ssim = 0.914, time: 0.07
2024-06-20 19:16:48,763 - INFO: ===> Epoch 67 Complete: Avg. Loss: 0.000379 time: 1233.99
2024-06-20 19:16:49,200 - INFO: ===> Epoch 67: testing psnr = 30.90, ssim = 0.913, time: 0.07
2024-06-20 19:37:22,428 - INFO: ===> Epoch 68 Complete: Avg. Loss: 0.000364 time: 1233.23
2024-06-20 19:37:22,863 - INFO: ===> Epoch 68: testing psnr = 30.36, ssim = 0.901, time: 0.07
2024-06-20 19:57:54,598 - INFO: ===> Epoch 69 Complete: Avg. Loss: 0.000704 time: 1231.73
2024-06-20 19:57:55,030 - INFO: ===> Epoch 69: testing psnr = 30.85, ssim = 0.909, time: 0.07
2024-06-20 20:18:28,403 - INFO: ===> Epoch 70 Complete: Avg. Loss: 0.000362 time: 1233.37
2024-06-20 20:18:28,834 - INFO: ===> Epoch 70: testing psnr = 30.70, ssim = 0.906, time: 0.07
2024-06-20 20:39:00,986 - INFO: ===> Epoch 71 Complete: Avg. Loss: 0.000356 time: 1232.15
2024-06-20 20:39:01,419 - INFO: ===> Epoch 71: testing psnr = 30.84, ssim = 0.912, time: 0.07
2024-06-20 20:59:34,803 - INFO: ===> Epoch 72 Complete: Avg. Loss: 0.000391 time: 1233.38
2024-06-20 20:59:35,238 - INFO: ===> Epoch 72: testing psnr = 30.97, ssim = 0.915, time: 0.07
2024-06-20 21:20:07,010 - INFO: ===> Epoch 73 Complete: Avg. Loss: 0.000384 time: 1231.77
2024-06-20 21:20:07,442 - INFO: ===> Epoch 73: testing psnr = 30.87, ssim = 0.911, time: 0.07
2024-06-20 21:40:38,903 - INFO: ===> Epoch 74 Complete: Avg. Loss: 0.000356 time: 1231.46
2024-06-20 21:40:39,334 - INFO: ===> Epoch 74: testing psnr = 30.91, ssim = 0.915, time: 0.07
2024-06-20 22:01:10,836 - INFO: ===> Epoch 75 Complete: Avg. Loss: 0.000344 time: 1231.50
2024-06-20 22:01:11,268 - INFO: ===> Epoch 75: testing psnr = 30.49, ssim = 0.890, time: 0.07
2024-06-20 22:21:45,588 - INFO: ===> Epoch 76 Complete: Avg. Loss: 0.000359 time: 1234.32
2024-06-20 22:21:46,020 - INFO: ===> Epoch 76: testing psnr = 30.94, ssim = 0.914, time: 0.07
2024-06-20 22:42:18,150 - INFO: ===> Epoch 77 Complete: Avg. Loss: 0.000371 time: 1232.13
2024-06-20 22:42:18,581 - INFO: ===> Epoch 77: testing psnr = 30.92, ssim = 0.915, time: 0.07
2024-06-20 23:02:47,387 - INFO: ===> Epoch 78 Complete: Avg. Loss: 0.000354 time: 1228.80
2024-06-20 23:02:47,819 - INFO: ===> Epoch 78: testing psnr = 30.88, ssim = 0.914, time: 0.07
2024-06-20 23:23:17,016 - INFO: ===> Epoch 79 Complete: Avg. Loss: 0.000344 time: 1229.19
2024-06-20 23:23:17,447 - INFO: ===> Epoch 79: testing psnr = 30.67, ssim = 0.909, time: 0.07
2024-06-20 23:43:47,888 - INFO: ===> Epoch 80 Complete: Avg. Loss: 0.000398 time: 1230.44
2024-06-20 23:43:48,319 - INFO: ===> Epoch 80: testing psnr = 31.03, ssim = 0.915, time: 0.07
2024-06-21 00:04:21,323 - INFO: ===> Epoch 81 Complete: Avg. Loss: 0.000340 time: 1233.00
2024-06-21 00:04:21,754 - INFO: ===> Epoch 81: testing psnr = 30.93, ssim = 0.916, time: 0.07
2024-06-21 00:24:54,971 - INFO: ===> Epoch 82 Complete: Avg. Loss: 0.000348 time: 1233.22
2024-06-21 00:24:55,401 - INFO: ===> Epoch 82: testing psnr = 30.85, ssim = 0.913, time: 0.07
2024-06-21 00:45:31,367 - INFO: ===> Epoch 83 Complete: Avg. Loss: 0.000406 time: 1235.96
2024-06-21 00:45:31,799 - INFO: ===> Epoch 83: testing psnr = 30.99, ssim = 0.917, time: 0.07
2024-06-21 01:06:03,231 - INFO: ===> Epoch 84 Complete: Avg. Loss: 0.000328 time: 1231.43
2024-06-21 01:06:03,663 - INFO: ===> Epoch 84: testing psnr = 30.81, ssim = 0.908, time: 0.07
2024-06-21 01:26:34,694 - INFO: ===> Epoch 85 Complete: Avg. Loss: 0.000336 time: 1231.03
2024-06-21 01:26:35,124 - INFO: ===> Epoch 85: testing psnr = 30.95, ssim = 0.915, time: 0.07
2024-06-21 01:47:06,783 - INFO: ===> Epoch 86 Complete: Avg. Loss: 0.000330 time: 1231.66
2024-06-21 01:47:07,213 - INFO: ===> Epoch 86: testing psnr = 31.02, ssim = 0.915, time: 0.07
2024-06-21 02:07:40,485 - INFO: ===> Epoch 87 Complete: Avg. Loss: 0.000328 time: 1233.27
2024-06-21 02:07:40,915 - INFO: ===> Epoch 87: testing psnr = 30.90, ssim = 0.910, time: 0.07
2024-06-21 02:28:16,092 - INFO: ===> Epoch 88 Complete: Avg. Loss: 0.000389 time: 1235.17
2024-06-21 02:28:16,523 - INFO: ===> Epoch 88: testing psnr = 30.97, ssim = 0.915, time: 0.07
2024-06-21 02:48:51,668 - INFO: ===> Epoch 89 Complete: Avg. Loss: 0.000309 time: 1235.14
2024-06-21 02:48:52,100 - INFO: ===> Epoch 89: testing psnr = 31.08, ssim = 0.918, time: 0.07
2024-06-21 03:09:25,161 - INFO: ===> Epoch 90 Complete: Avg. Loss: 0.000329 time: 1233.06
2024-06-21 03:09:25,593 - INFO: ===> Epoch 90: testing psnr = 30.77, ssim = 0.910, time: 0.07
2024-06-21 03:30:02,625 - INFO: ===> Epoch 91 Complete: Avg. Loss: 0.000372 time: 1237.03
2024-06-21 03:30:03,059 - INFO: ===> Epoch 91: testing psnr = 30.92, ssim = 0.913, time: 0.07
2024-06-21 03:50:42,241 - INFO: ===> Epoch 92 Complete: Avg. Loss: 0.000307 time: 1239.18
2024-06-21 03:50:42,674 - INFO: ===> Epoch 92: testing psnr = 30.88, ssim = 0.913, time: 0.07
2024-06-21 04:11:15,222 - INFO: ===> Epoch 93 Complete: Avg. Loss: 0.000330 time: 1232.55
2024-06-21 04:11:15,655 - INFO: ===> Epoch 93: testing psnr = 30.86, ssim = 0.916, time: 0.07
2024-06-21 04:31:50,381 - INFO: ===> Epoch 94 Complete: Avg. Loss: 0.000362 time: 1234.73
2024-06-21 04:31:50,815 - INFO: ===> Epoch 94: testing psnr = 31.11, ssim = 0.918, time: 0.07
2024-06-21 04:52:25,089 - INFO: ===> Epoch 95 Complete: Avg. Loss: 0.000315 time: 1234.27
2024-06-21 04:52:25,523 - INFO: ===> Epoch 95: testing psnr = 31.12, ssim = 0.918, time: 0.07
2024-06-21 05:13:03,465 - INFO: ===> Epoch 96 Complete: Avg. Loss: 0.000321 time: 1237.94
2024-06-21 05:13:03,898 - INFO: ===> Epoch 96: testing psnr = 30.92, ssim = 0.915, time: 0.07
2024-06-21 05:33:37,157 - INFO: ===> Epoch 97 Complete: Avg. Loss: 0.000322 time: 1233.26
2024-06-21 05:33:37,587 - INFO: ===> Epoch 97: testing psnr = 30.99, ssim = 0.918, time: 0.07
2024-06-21 05:54:09,179 - INFO: ===> Epoch 98 Complete: Avg. Loss: 0.000319 time: 1231.59
2024-06-21 05:54:09,607 - INFO: ===> Epoch 98: testing psnr = 30.90, ssim = 0.914, time: 0.07
2024-06-21 06:14:41,484 - INFO: ===> Epoch 99 Complete: Avg. Loss: 0.000416 time: 1231.88
2024-06-21 06:14:41,918 - INFO: ===> Epoch 99: testing psnr = 31.10, ssim = 0.918, time: 0.07
2024-06-21 06:35:15,177 - INFO: ===> Epoch 100 Complete: Avg. Loss: 0.000308 time: 1233.26
2024-06-21 06:35:15,609 - INFO: ===> Epoch 100: testing psnr = 31.11, ssim = 0.917, time: 0.07
