nohup: ignoring input
training sences: 30
Sence 0 is loaded. scene01.mat
Sence 1 is loaded. scene02.mat
Sence 2 is loaded. scene03.mat
Sence 3 is loaded. scene04.mat
Sence 4 is loaded. scene05.mat
Sence 5 is loaded. scene06.mat
Sence 6 is loaded. scene07.mat
Sence 7 is loaded. scene08.mat
Sence 8 is loaded. scene09.mat
Sence 9 is loaded. scene10.mat
Sence 10 is loaded. scene11.mat
Sence 11 is loaded. scene12.mat
Sence 12 is loaded. scene13.mat
Sence 13 is loaded. scene14.mat
Sence 14 is loaded. scene15.mat
Sence 15 is loaded. scene16.mat
Sence 16 is loaded. scene17.mat
Sence 17 is loaded. scene18.mat
Sence 18 is loaded. scene19.mat
Sence 19 is loaded. scene20.mat
Sence 20 is loaded. scene21.mat
Sence 21 is loaded. scene22.mat
Sence 22 is loaded. scene23.mat
Sence 23 is loaded. scene24.mat
Sence 24 is loaded. scene25.mat
Sence 25 is loaded. scene26.mat
Sence 26 is loaded. scene27.mat
Sence 27 is loaded. scene28.mat
Sence 28 is loaded. scene29.mat
Sence 29 is loaded. scene30.mat
0 (256, 256, 28) 0.91325766 0.004317734
1 (256, 256, 28) 0.6268645 0.0024493488
2 (256, 256, 28) 0.7478274 0.0038342373
3 (256, 256, 28) 0.8852826 0.0023525485
4 (256, 256, 28) 0.90493804 0.0034019176
5 (256, 256, 28) 1.0582489 0.000809521
6 (256, 256, 28) 0.5335211 0.008445868
7 (256, 256, 28) 1.0526695 0.0
8 (256, 256, 28) 0.8439114 0.0029929152
9 (256, 256, 28) 0.93364686 0.0029743377
2024-05-22 21:45:46,958 - INFO: Learning rate:0.0004, batch_size:5.

2024-05-22 21:53:37,541 - INFO: ===> Epoch 1 Complete: Avg. Loss: 0.011628 time: 470.58
2024-05-22 21:53:38,378 - INFO: ===> Epoch 1: testing psnr = 20.20, ssim = 0.548, time: 0.51
2024-05-22 22:01:09,763 - INFO: ===> Epoch 2 Complete: Avg. Loss: 0.007822 time: 451.38
2024-05-22 22:01:10,109 - INFO: ===> Epoch 2: testing psnr = 21.51, ssim = 0.597, time: 0.02
2024-05-22 22:08:38,831 - INFO: ===> Epoch 3 Complete: Avg. Loss: 0.005979 time: 448.72
2024-05-22 22:08:39,175 - INFO: ===> Epoch 3: testing psnr = 22.47, ssim = 0.627, time: 0.02
2024-05-22 22:16:07,224 - INFO: ===> Epoch 4 Complete: Avg. Loss: 0.004830 time: 448.05
2024-05-22 22:16:07,583 - INFO: ===> Epoch 4: testing psnr = 22.91, ssim = 0.647, time: 0.02
2024-05-22 22:23:50,196 - INFO: ===> Epoch 5 Complete: Avg. Loss: 0.003944 time: 462.61
2024-05-22 22:23:50,537 - INFO: ===> Epoch 5: testing psnr = 23.58, ssim = 0.675, time: 0.02
2024-05-22 22:31:31,782 - INFO: ===> Epoch 6 Complete: Avg. Loss: 0.003373 time: 461.24
2024-05-22 22:31:32,142 - INFO: ===> Epoch 6: testing psnr = 23.55, ssim = 0.675, time: 0.02
2024-05-22 22:39:14,860 - INFO: ===> Epoch 7 Complete: Avg. Loss: 0.003235 time: 462.72
2024-05-22 22:39:15,202 - INFO: ===> Epoch 7: testing psnr = 24.03, ssim = 0.686, time: 0.02
2024-05-22 22:46:53,936 - INFO: ===> Epoch 8 Complete: Avg. Loss: 0.002950 time: 458.73
2024-05-22 22:46:54,276 - INFO: ===> Epoch 8: testing psnr = 24.44, ssim = 0.719, time: 0.02
2024-05-22 22:54:32,858 - INFO: ===> Epoch 9 Complete: Avg. Loss: 0.002712 time: 458.58
2024-05-22 22:54:33,219 - INFO: ===> Epoch 9: testing psnr = 24.77, ssim = 0.729, time: 0.02
2024-05-22 23:02:18,124 - INFO: ===> Epoch 10 Complete: Avg. Loss: 0.002568 time: 464.90
2024-05-22 23:02:18,466 - INFO: ===> Epoch 10: testing psnr = 24.85, ssim = 0.725, time: 0.02
2024-05-22 23:10:04,479 - INFO: ===> Epoch 11 Complete: Avg. Loss: 0.002434 time: 466.01
2024-05-22 23:10:04,823 - INFO: ===> Epoch 11: testing psnr = 25.08, ssim = 0.726, time: 0.02
2024-05-22 23:17:44,071 - INFO: ===> Epoch 12 Complete: Avg. Loss: 0.002311 time: 459.25
2024-05-22 23:17:44,415 - INFO: ===> Epoch 12: testing psnr = 25.21, ssim = 0.745, time: 0.02
2024-05-22 23:25:21,050 - INFO: ===> Epoch 13 Complete: Avg. Loss: 0.002198 time: 456.63
2024-05-22 23:25:21,394 - INFO: ===> Epoch 13: testing psnr = 25.38, ssim = 0.756, time: 0.02
2024-05-22 23:33:04,648 - INFO: ===> Epoch 14 Complete: Avg. Loss: 0.002060 time: 463.25
2024-05-22 23:33:04,990 - INFO: ===> Epoch 14: testing psnr = 25.62, ssim = 0.752, time: 0.02
2024-05-22 23:40:40,590 - INFO: ===> Epoch 15 Complete: Avg. Loss: 0.002076 time: 455.60
2024-05-22 23:40:40,930 - INFO: ===> Epoch 15: testing psnr = 25.79, ssim = 0.761, time: 0.02
2024-05-22 23:48:16,140 - INFO: ===> Epoch 16 Complete: Avg. Loss: 0.001934 time: 455.21
2024-05-22 23:48:16,479 - INFO: ===> Epoch 16: testing psnr = 25.76, ssim = 0.769, time: 0.02
2024-05-22 23:55:55,054 - INFO: ===> Epoch 17 Complete: Avg. Loss: 0.002523 time: 458.57
2024-05-22 23:55:55,414 - INFO: ===> Epoch 17: testing psnr = 25.75, ssim = 0.768, time: 0.02
2024-05-23 00:03:34,928 - INFO: ===> Epoch 18 Complete: Avg. Loss: 0.001871 time: 459.51
2024-05-23 00:03:35,271 - INFO: ===> Epoch 18: testing psnr = 25.47, ssim = 0.751, time: 0.02
2024-05-23 00:11:10,701 - INFO: ===> Epoch 19 Complete: Avg. Loss: 0.001804 time: 455.43
2024-05-23 00:11:11,042 - INFO: ===> Epoch 19: testing psnr = 26.06, ssim = 0.776, time: 0.02
2024-05-23 00:18:50,311 - INFO: ===> Epoch 20 Complete: Avg. Loss: 0.001811 time: 459.27
2024-05-23 00:18:50,653 - INFO: ===> Epoch 20: testing psnr = 25.84, ssim = 0.774, time: 0.02
2024-05-23 00:26:28,517 - INFO: ===> Epoch 21 Complete: Avg. Loss: 0.001735 time: 457.86
2024-05-23 00:26:28,856 - INFO: ===> Epoch 21: testing psnr = 25.97, ssim = 0.780, time: 0.02
2024-05-23 00:34:07,420 - INFO: ===> Epoch 22 Complete: Avg. Loss: 0.001725 time: 458.56
2024-05-23 00:34:07,763 - INFO: ===> Epoch 22: testing psnr = 26.27, ssim = 0.780, time: 0.02
2024-05-23 00:41:49,038 - INFO: ===> Epoch 23 Complete: Avg. Loss: 0.001683 time: 461.27
2024-05-23 00:41:49,384 - INFO: ===> Epoch 23: testing psnr = 26.38, ssim = 0.790, time: 0.02
2024-05-23 00:49:26,746 - INFO: ===> Epoch 24 Complete: Avg. Loss: 0.001644 time: 457.36
2024-05-23 00:49:27,089 - INFO: ===> Epoch 24: testing psnr = 26.42, ssim = 0.794, time: 0.02
2024-05-23 00:57:11,757 - INFO: ===> Epoch 25 Complete: Avg. Loss: 0.001547 time: 464.67
2024-05-23 00:57:12,101 - INFO: ===> Epoch 25: testing psnr = 26.00, ssim = 0.780, time: 0.02
2024-05-23 01:04:50,533 - INFO: ===> Epoch 26 Complete: Avg. Loss: 0.001540 time: 458.43
2024-05-23 01:04:50,891 - INFO: ===> Epoch 26: testing psnr = 26.03, ssim = 0.788, time: 0.02
2024-05-23 01:12:32,192 - INFO: ===> Epoch 27 Complete: Avg. Loss: 0.001600 time: 461.30
2024-05-23 01:12:32,541 - INFO: ===> Epoch 27: testing psnr = 26.51, ssim = 0.794, time: 0.02
2024-05-23 01:20:11,101 - INFO: ===> Epoch 28 Complete: Avg. Loss: 0.001440 time: 458.56
2024-05-23 01:20:11,444 - INFO: ===> Epoch 28: testing psnr = 26.49, ssim = 0.793, time: 0.02
2024-05-23 01:27:48,342 - INFO: ===> Epoch 29 Complete: Avg. Loss: 0.001853 time: 456.90
2024-05-23 01:27:48,677 - INFO: ===> Epoch 29: testing psnr = 26.62, ssim = 0.796, time: 0.02
2024-05-23 01:35:22,069 - INFO: ===> Epoch 30 Complete: Avg. Loss: 0.001423 time: 453.39
2024-05-23 01:35:22,411 - INFO: ===> Epoch 30: testing psnr = 26.66, ssim = 0.798, time: 0.02
2024-05-23 01:43:00,121 - INFO: ===> Epoch 31 Complete: Avg. Loss: 0.001429 time: 457.71
2024-05-23 01:43:00,461 - INFO: ===> Epoch 31: testing psnr = 26.46, ssim = 0.784, time: 0.02
2024-05-23 01:50:48,104 - INFO: ===> Epoch 32 Complete: Avg. Loss: 0.001440 time: 467.64
2024-05-23 01:50:48,460 - INFO: ===> Epoch 32: testing psnr = 26.44, ssim = 0.802, time: 0.02
2024-05-23 01:58:28,044 - INFO: ===> Epoch 33 Complete: Avg. Loss: 0.001555 time: 459.58
2024-05-23 01:58:28,387 - INFO: ===> Epoch 33: testing psnr = 25.76, ssim = 0.772, time: 0.02
2024-05-23 02:06:04,149 - INFO: ===> Epoch 34 Complete: Avg. Loss: 0.001406 time: 455.76
2024-05-23 02:06:04,495 - INFO: ===> Epoch 34: testing psnr = 26.43, ssim = 0.784, time: 0.02
2024-05-23 02:13:40,184 - INFO: ===> Epoch 35 Complete: Avg. Loss: 0.001319 time: 455.69
2024-05-23 02:13:40,527 - INFO: ===> Epoch 35: testing psnr = 26.67, ssim = 0.803, time: 0.02
2024-05-23 02:21:13,343 - INFO: ===> Epoch 36 Complete: Avg. Loss: 0.001325 time: 452.81
2024-05-23 02:21:13,681 - INFO: ===> Epoch 36: testing psnr = 26.73, ssim = 0.802, time: 0.02
2024-05-23 02:28:46,006 - INFO: ===> Epoch 37 Complete: Avg. Loss: 0.001450 time: 452.32
2024-05-23 02:28:46,348 - INFO: ===> Epoch 37: testing psnr = 26.92, ssim = 0.809, time: 0.02
2024-05-23 02:36:22,300 - INFO: ===> Epoch 38 Complete: Avg. Loss: 0.001280 time: 455.95
2024-05-23 02:36:22,643 - INFO: ===> Epoch 38: testing psnr = 26.73, ssim = 0.796, time: 0.02
2024-05-23 02:43:58,033 - INFO: ===> Epoch 39 Complete: Avg. Loss: 0.001294 time: 455.39
2024-05-23 02:43:58,378 - INFO: ===> Epoch 39: testing psnr = 26.86, ssim = 0.807, time: 0.02
2024-05-23 02:51:34,673 - INFO: ===> Epoch 40 Complete: Avg. Loss: 0.001300 time: 456.29
2024-05-23 02:51:35,027 - INFO: ===> Epoch 40: testing psnr = 26.69, ssim = 0.811, time: 0.02
2024-05-23 02:59:29,618 - INFO: ===> Epoch 41 Complete: Avg. Loss: 0.001321 time: 474.59
2024-05-23 02:59:29,971 - INFO: ===> Epoch 41: testing psnr = 26.85, ssim = 0.808, time: 0.02
2024-05-23 03:07:26,039 - INFO: ===> Epoch 42 Complete: Avg. Loss: 0.001213 time: 476.07
2024-05-23 03:07:26,394 - INFO: ===> Epoch 42: testing psnr = 26.77, ssim = 0.807, time: 0.02
2024-05-23 03:15:06,256 - INFO: ===> Epoch 43 Complete: Avg. Loss: 0.001285 time: 459.86
2024-05-23 03:15:06,597 - INFO: ===> Epoch 43: testing psnr = 26.81, ssim = 0.809, time: 0.02
2024-05-23 03:22:38,397 - INFO: ===> Epoch 44 Complete: Avg. Loss: 0.001243 time: 451.80
2024-05-23 03:22:38,739 - INFO: ===> Epoch 44: testing psnr = 26.68, ssim = 0.811, time: 0.02
2024-05-23 03:30:10,091 - INFO: ===> Epoch 45 Complete: Avg. Loss: 0.001189 time: 451.35
2024-05-23 03:30:10,434 - INFO: ===> Epoch 45: testing psnr = 26.84, ssim = 0.804, time: 0.02
2024-05-23 03:37:39,445 - INFO: ===> Epoch 46 Complete: Avg. Loss: 0.001242 time: 449.01
2024-05-23 03:37:39,786 - INFO: ===> Epoch 46: testing psnr = 26.93, ssim = 0.813, time: 0.02
2024-05-23 03:45:20,254 - INFO: ===> Epoch 47 Complete: Avg. Loss: 0.001254 time: 460.47
2024-05-23 03:45:20,595 - INFO: ===> Epoch 47: testing psnr = 27.03, ssim = 0.808, time: 0.02
2024-05-23 03:45:21,242 - INFO: Checkpoint saved to ./model/2024_05_22_21_45_46/model_epoch_47.pth
2024-05-23 03:52:56,546 - INFO: ===> Epoch 48 Complete: Avg. Loss: 0.001177 time: 455.30
2024-05-23 03:52:56,888 - INFO: ===> Epoch 48: testing psnr = 26.95, ssim = 0.809, time: 0.02
2024-05-23 04:00:45,208 - INFO: ===> Epoch 49 Complete: Avg. Loss: 0.001125 time: 468.32
2024-05-23 04:00:45,549 - INFO: ===> Epoch 49: testing psnr = 26.65, ssim = 0.803, time: 0.02
2024-05-23 04:08:29,949 - INFO: ===> Epoch 50 Complete: Avg. Loss: 0.001198 time: 464.40
2024-05-23 04:08:30,289 - INFO: ===> Epoch 50: testing psnr = 26.94, ssim = 0.812, time: 0.02
2024-05-23 04:16:07,660 - INFO: ===> Epoch 51 Complete: Avg. Loss: 0.001158 time: 457.37
2024-05-23 04:16:08,004 - INFO: ===> Epoch 51: testing psnr = 26.98, ssim = 0.818, time: 0.02
2024-05-23 04:23:43,425 - INFO: ===> Epoch 52 Complete: Avg. Loss: 0.001323 time: 455.42
2024-05-23 04:23:43,767 - INFO: ===> Epoch 52: testing psnr = 27.08, ssim = 0.819, time: 0.02
2024-05-23 04:23:44,422 - INFO: Checkpoint saved to ./model/2024_05_22_21_45_46/model_epoch_52.pth
2024-05-23 04:31:17,082 - INFO: ===> Epoch 53 Complete: Avg. Loss: 0.001107 time: 452.66
2024-05-23 04:31:17,424 - INFO: ===> Epoch 53: testing psnr = 27.01, ssim = 0.814, time: 0.02
2024-05-23 04:38:51,952 - INFO: ===> Epoch 54 Complete: Avg. Loss: 0.001153 time: 454.53
2024-05-23 04:38:52,292 - INFO: ===> Epoch 54: testing psnr = 27.02, ssim = 0.819, time: 0.02
2024-05-23 04:46:24,229 - INFO: ===> Epoch 55 Complete: Avg. Loss: 0.001186 time: 451.93
2024-05-23 04:46:24,567 - INFO: ===> Epoch 55: testing psnr = 27.04, ssim = 0.813, time: 0.02
2024-05-23 04:53:58,540 - INFO: ===> Epoch 56 Complete: Avg. Loss: 0.001107 time: 453.97
2024-05-23 04:53:58,885 - INFO: ===> Epoch 56: testing psnr = 27.15, ssim = 0.823, time: 0.02
2024-05-23 04:53:59,529 - INFO: Checkpoint saved to ./model/2024_05_22_21_45_46/model_epoch_56.pth
2024-05-23 05:01:34,289 - INFO: ===> Epoch 57 Complete: Avg. Loss: 0.001100 time: 454.76
2024-05-23 05:01:34,631 - INFO: ===> Epoch 57: testing psnr = 25.44, ssim = 0.789, time: 0.02
2024-05-23 05:09:07,239 - INFO: ===> Epoch 58 Complete: Avg. Loss: 0.001120 time: 452.61
2024-05-23 05:09:07,581 - INFO: ===> Epoch 58: testing psnr = 27.04, ssim = 0.822, time: 0.02
2024-05-23 05:16:38,480 - INFO: ===> Epoch 59 Complete: Avg. Loss: 0.001161 time: 450.90
2024-05-23 05:16:38,823 - INFO: ===> Epoch 59: testing psnr = 27.04, ssim = 0.814, time: 0.02
2024-05-23 05:24:14,349 - INFO: ===> Epoch 60 Complete: Avg. Loss: 0.001094 time: 455.52
2024-05-23 05:24:14,691 - INFO: ===> Epoch 60: testing psnr = 27.10, ssim = 0.818, time: 0.02
2024-05-23 05:31:47,188 - INFO: ===> Epoch 61 Complete: Avg. Loss: 0.001071 time: 452.50
2024-05-23 05:31:47,529 - INFO: ===> Epoch 61: testing psnr = 27.02, ssim = 0.823, time: 0.02
2024-05-23 05:39:32,697 - INFO: ===> Epoch 62 Complete: Avg. Loss: 0.001155 time: 465.17
2024-05-23 05:39:33,036 - INFO: ===> Epoch 62: testing psnr = 26.87, ssim = 0.820, time: 0.02
2024-05-23 05:47:09,987 - INFO: ===> Epoch 63 Complete: Avg. Loss: 0.001065 time: 456.95
2024-05-23 05:47:10,328 - INFO: ===> Epoch 63: testing psnr = 27.04, ssim = 0.817, time: 0.02
2024-05-23 05:54:41,125 - INFO: ===> Epoch 64 Complete: Avg. Loss: 0.001071 time: 450.80
2024-05-23 05:54:41,464 - INFO: ===> Epoch 64: testing psnr = 27.03, ssim = 0.823, time: 0.02
2024-05-23 06:02:11,533 - INFO: ===> Epoch 65 Complete: Avg. Loss: 0.001077 time: 450.07
2024-05-23 06:02:11,871 - INFO: ===> Epoch 65: testing psnr = 27.10, ssim = 0.822, time: 0.02
2024-05-23 06:09:40,732 - INFO: ===> Epoch 66 Complete: Avg. Loss: 0.001080 time: 448.86
2024-05-23 06:09:41,072 - INFO: ===> Epoch 66: testing psnr = 27.07, ssim = 0.823, time: 0.02
2024-05-23 06:17:09,197 - INFO: ===> Epoch 67 Complete: Avg. Loss: 0.001036 time: 448.12
2024-05-23 06:17:09,536 - INFO: ===> Epoch 67: testing psnr = 27.24, ssim = 0.819, time: 0.02
2024-05-23 06:17:10,177 - INFO: Checkpoint saved to ./model/2024_05_22_21_45_46/model_epoch_67.pth
2024-05-23 06:24:37,997 - INFO: ===> Epoch 68 Complete: Avg. Loss: 0.001149 time: 447.82
2024-05-23 06:24:38,336 - INFO: ===> Epoch 68: testing psnr = 27.25, ssim = 0.819, time: 0.02
2024-05-23 06:24:38,968 - INFO: Checkpoint saved to ./model/2024_05_22_21_45_46/model_epoch_68.pth
2024-05-23 06:32:06,778 - INFO: ===> Epoch 69 Complete: Avg. Loss: 0.001012 time: 447.81
2024-05-23 06:32:07,117 - INFO: ===> Epoch 69: testing psnr = 27.07, ssim = 0.826, time: 0.02
2024-05-23 06:39:40,360 - INFO: ===> Epoch 70 Complete: Avg. Loss: 0.001038 time: 453.24
2024-05-23 06:39:40,700 - INFO: ===> Epoch 70: testing psnr = 27.27, ssim = 0.817, time: 0.02
2024-05-23 06:39:41,334 - INFO: Checkpoint saved to ./model/2024_05_22_21_45_46/model_epoch_70.pth
2024-05-23 06:47:14,434 - INFO: ===> Epoch 71 Complete: Avg. Loss: 0.001211 time: 453.10
2024-05-23 06:47:14,774 - INFO: ===> Epoch 71: testing psnr = 26.72, ssim = 0.794, time: 0.02
2024-05-23 06:54:44,452 - INFO: ===> Epoch 72 Complete: Avg. Loss: 0.001021 time: 449.68
2024-05-23 06:54:44,788 - INFO: ===> Epoch 72: testing psnr = 27.08, ssim = 0.816, time: 0.02
2024-05-23 07:02:15,004 - INFO: ===> Epoch 73 Complete: Avg. Loss: 0.000973 time: 450.21
2024-05-23 07:02:15,342 - INFO: ===> Epoch 73: testing psnr = 27.21, ssim = 0.821, time: 0.02
2024-05-23 07:09:44,425 - INFO: ===> Epoch 74 Complete: Avg. Loss: 0.001029 time: 449.08
2024-05-23 07:09:44,762 - INFO: ===> Epoch 74: testing psnr = 27.51, ssim = 0.832, time: 0.02
2024-05-23 07:09:45,403 - INFO: Checkpoint saved to ./model/2024_05_22_21_45_46/model_epoch_74.pth
2024-05-23 07:17:17,095 - INFO: ===> Epoch 75 Complete: Avg. Loss: 0.001004 time: 451.69
2024-05-23 07:17:17,432 - INFO: ===> Epoch 75: testing psnr = 27.39, ssim = 0.832, time: 0.02
2024-05-23 07:24:44,881 - INFO: ===> Epoch 76 Complete: Avg. Loss: 0.001503 time: 447.45
2024-05-23 07:24:45,218 - INFO: ===> Epoch 76: testing psnr = 27.39, ssim = 0.824, time: 0.02
2024-05-23 07:32:17,560 - INFO: ===> Epoch 77 Complete: Avg. Loss: 0.000989 time: 452.34
2024-05-23 07:32:17,898 - INFO: ===> Epoch 77: testing psnr = 27.33, ssim = 0.829, time: 0.02
2024-05-23 07:39:46,523 - INFO: ===> Epoch 78 Complete: Avg. Loss: 0.001004 time: 448.62
2024-05-23 07:39:46,864 - INFO: ===> Epoch 78: testing psnr = 27.34, ssim = 0.827, time: 0.02
2024-05-23 07:47:18,505 - INFO: ===> Epoch 79 Complete: Avg. Loss: 0.000969 time: 451.64
2024-05-23 07:47:18,845 - INFO: ===> Epoch 79: testing psnr = 27.37, ssim = 0.828, time: 0.02
2024-05-23 07:54:48,905 - INFO: ===> Epoch 80 Complete: Avg. Loss: 0.000946 time: 450.06
2024-05-23 07:54:49,243 - INFO: ===> Epoch 80: testing psnr = 27.37, ssim = 0.833, time: 0.02
2024-05-23 08:02:18,659 - INFO: ===> Epoch 81 Complete: Avg. Loss: 0.001080 time: 449.41
2024-05-23 08:02:18,997 - INFO: ===> Epoch 81: testing psnr = 27.42, ssim = 0.829, time: 0.02
2024-05-23 08:09:48,744 - INFO: ===> Epoch 82 Complete: Avg. Loss: 0.000956 time: 449.75
2024-05-23 08:09:49,083 - INFO: ===> Epoch 82: testing psnr = 27.39, ssim = 0.829, time: 0.02
2024-05-23 08:17:18,032 - INFO: ===> Epoch 83 Complete: Avg. Loss: 0.000977 time: 448.95
2024-05-23 08:17:18,372 - INFO: ===> Epoch 83: testing psnr = 27.45, ssim = 0.832, time: 0.02
2024-05-23 08:24:51,103 - INFO: ===> Epoch 84 Complete: Avg. Loss: 0.001054 time: 452.73
2024-05-23 08:24:51,444 - INFO: ===> Epoch 84: testing psnr = 27.41, ssim = 0.829, time: 0.02
2024-05-23 08:32:23,505 - INFO: ===> Epoch 85 Complete: Avg. Loss: 0.000924 time: 452.06
2024-05-23 08:32:23,846 - INFO: ===> Epoch 85: testing psnr = 27.53, ssim = 0.835, time: 0.02
2024-05-23 08:32:24,499 - INFO: Checkpoint saved to ./model/2024_05_22_21_45_46/model_epoch_85.pth
2024-05-23 08:39:55,958 - INFO: ===> Epoch 86 Complete: Avg. Loss: 0.000973 time: 451.46
2024-05-23 08:39:56,300 - INFO: ===> Epoch 86: testing psnr = 27.31, ssim = 0.823, time: 0.02
2024-05-23 08:47:28,378 - INFO: ===> Epoch 87 Complete: Avg. Loss: 0.000982 time: 452.08
2024-05-23 08:47:28,720 - INFO: ===> Epoch 87: testing psnr = 27.48, ssim = 0.837, time: 0.02
2024-05-23 08:54:58,814 - INFO: ===> Epoch 88 Complete: Avg. Loss: 0.000969 time: 450.09
2024-05-23 08:54:59,155 - INFO: ===> Epoch 88: testing psnr = 27.40, ssim = 0.830, time: 0.02
2024-05-23 09:02:28,835 - INFO: ===> Epoch 89 Complete: Avg. Loss: 0.001103 time: 449.68
2024-05-23 09:02:29,173 - INFO: ===> Epoch 89: testing psnr = 27.36, ssim = 0.830, time: 0.02
2024-05-23 09:10:02,525 - INFO: ===> Epoch 90 Complete: Avg. Loss: 0.000960 time: 453.35
2024-05-23 09:10:02,867 - INFO: ===> Epoch 90: testing psnr = 27.19, ssim = 0.825, time: 0.02
2024-05-23 09:17:37,304 - INFO: ===> Epoch 91 Complete: Avg. Loss: 0.000939 time: 454.44
2024-05-23 09:17:37,643 - INFO: ===> Epoch 91: testing psnr = 27.39, ssim = 0.832, time: 0.02
2024-05-23 09:25:09,989 - INFO: ===> Epoch 92 Complete: Avg. Loss: 0.000997 time: 452.34
2024-05-23 09:25:10,329 - INFO: ===> Epoch 92: testing psnr = 27.39, ssim = 0.830, time: 0.02
2024-05-23 09:32:39,014 - INFO: ===> Epoch 93 Complete: Avg. Loss: 0.000908 time: 448.68
2024-05-23 09:32:39,354 - INFO: ===> Epoch 93: testing psnr = 27.61, ssim = 0.832, time: 0.02
2024-05-23 09:32:39,991 - INFO: Checkpoint saved to ./model/2024_05_22_21_45_46/model_epoch_93.pth
2024-05-23 09:40:11,225 - INFO: ===> Epoch 94 Complete: Avg. Loss: 0.000941 time: 451.23
2024-05-23 09:40:11,560 - INFO: ===> Epoch 94: testing psnr = 27.46, ssim = 0.830, time: 0.02
2024-05-23 09:47:40,537 - INFO: ===> Epoch 95 Complete: Avg. Loss: 0.000951 time: 448.98
2024-05-23 09:47:40,873 - INFO: ===> Epoch 95: testing psnr = 27.49, ssim = 0.836, time: 0.02
2024-05-23 09:55:10,113 - INFO: ===> Epoch 96 Complete: Avg. Loss: 0.001062 time: 449.24
2024-05-23 09:55:10,450 - INFO: ===> Epoch 96: testing psnr = 24.40, ssim = 0.703, time: 0.02
2024-05-23 10:02:37,162 - INFO: ===> Epoch 97 Complete: Avg. Loss: 0.000974 time: 446.71
2024-05-23 10:02:37,497 - INFO: ===> Epoch 97: testing psnr = 27.69, ssim = 0.833, time: 0.02
2024-05-23 10:02:38,130 - INFO: Checkpoint saved to ./model/2024_05_22_21_45_46/model_epoch_97.pth
2024-05-23 10:10:06,977 - INFO: ===> Epoch 98 Complete: Avg. Loss: 0.000890 time: 448.85
2024-05-23 10:10:07,312 - INFO: ===> Epoch 98: testing psnr = 27.56, ssim = 0.835, time: 0.02
2024-05-23 10:17:36,833 - INFO: ===> Epoch 99 Complete: Avg. Loss: 0.000906 time: 449.52
2024-05-23 10:17:37,170 - INFO: ===> Epoch 99: testing psnr = 27.55, ssim = 0.830, time: 0.02
2024-05-23 10:25:20,217 - INFO: ===> Epoch 100 Complete: Avg. Loss: 0.000935 time: 463.05
2024-05-23 10:25:20,553 - INFO: ===> Epoch 100: testing psnr = 27.50, ssim = 0.837, time: 0.02
2024-05-23 10:33:04,612 - INFO: ===> Epoch 101 Complete: Avg. Loss: 0.001057 time: 464.06
2024-05-23 10:33:04,948 - INFO: ===> Epoch 101: testing psnr = 27.56, ssim = 0.836, time: 0.02
2024-05-23 10:40:52,467 - INFO: ===> Epoch 102 Complete: Avg. Loss: 0.000865 time: 467.52
2024-05-23 10:40:52,804 - INFO: ===> Epoch 102: testing psnr = 27.54, ssim = 0.840, time: 0.02
2024-05-23 10:48:32,954 - INFO: ===> Epoch 103 Complete: Avg. Loss: 0.000908 time: 460.15
2024-05-23 10:48:33,290 - INFO: ===> Epoch 103: testing psnr = 27.67, ssim = 0.841, time: 0.02
2024-05-23 10:55:59,862 - INFO: ===> Epoch 104 Complete: Avg. Loss: 0.000892 time: 446.57
2024-05-23 10:56:00,202 - INFO: ===> Epoch 104: testing psnr = 27.63, ssim = 0.838, time: 0.02
2024-05-23 11:03:38,763 - INFO: ===> Epoch 105 Complete: Avg. Loss: 0.000897 time: 458.56
2024-05-23 11:03:39,101 - INFO: ===> Epoch 105: testing psnr = 27.54, ssim = 0.833, time: 0.02
2024-05-23 11:11:18,529 - INFO: ===> Epoch 106 Complete: Avg. Loss: 0.000871 time: 459.43
2024-05-23 11:11:18,868 - INFO: ===> Epoch 106: testing psnr = 27.67, ssim = 0.835, time: 0.02
2024-05-23 11:18:58,382 - INFO: ===> Epoch 107 Complete: Avg. Loss: 0.000962 time: 459.51
2024-05-23 11:18:58,723 - INFO: ===> Epoch 107: testing psnr = 27.71, ssim = 0.838, time: 0.02
2024-05-23 11:18:59,374 - INFO: Checkpoint saved to ./model/2024_05_22_21_45_46/model_epoch_107.pth
2024-05-23 11:26:38,264 - INFO: ===> Epoch 108 Complete: Avg. Loss: 0.000884 time: 458.89
2024-05-23 11:26:38,604 - INFO: ===> Epoch 108: testing psnr = 27.37, ssim = 0.824, time: 0.02
2024-05-23 11:34:10,775 - INFO: ===> Epoch 109 Complete: Avg. Loss: 0.000890 time: 452.17
2024-05-23 11:34:11,111 - INFO: ===> Epoch 109: testing psnr = 27.60, ssim = 0.830, time: 0.02
2024-05-23 11:41:40,584 - INFO: ===> Epoch 110 Complete: Avg. Loss: 0.000900 time: 449.47
2024-05-23 11:41:40,919 - INFO: ===> Epoch 110: testing psnr = 27.67, ssim = 0.843, time: 0.02
2024-05-23 11:49:10,059 - INFO: ===> Epoch 111 Complete: Avg. Loss: 0.000911 time: 449.14
2024-05-23 11:49:10,394 - INFO: ===> Epoch 111: testing psnr = 27.75, ssim = 0.845, time: 0.02
2024-05-23 11:49:11,031 - INFO: Checkpoint saved to ./model/2024_05_22_21_45_46/model_epoch_111.pth
2024-05-23 11:56:39,715 - INFO: ===> Epoch 112 Complete: Avg. Loss: 0.000868 time: 448.68
2024-05-23 11:56:40,050 - INFO: ===> Epoch 112: testing psnr = 27.49, ssim = 0.831, time: 0.02
2024-05-23 12:04:11,362 - INFO: ===> Epoch 113 Complete: Avg. Loss: 0.001037 time: 451.31
2024-05-23 12:04:11,701 - INFO: ===> Epoch 113: testing psnr = 27.71, ssim = 0.834, time: 0.02
2024-05-23 12:11:43,343 - INFO: ===> Epoch 114 Complete: Avg. Loss: 0.000862 time: 451.64
2024-05-23 12:11:43,679 - INFO: ===> Epoch 114: testing psnr = 27.41, ssim = 0.834, time: 0.02
2024-05-23 12:19:17,374 - INFO: ===> Epoch 115 Complete: Avg. Loss: 0.000887 time: 453.69
2024-05-23 12:19:17,710 - INFO: ===> Epoch 115: testing psnr = 27.12, ssim = 0.828, time: 0.02
2024-05-23 12:26:49,184 - INFO: ===> Epoch 116 Complete: Avg. Loss: 0.000883 time: 451.47
2024-05-23 12:26:49,522 - INFO: ===> Epoch 116: testing psnr = 27.69, ssim = 0.833, time: 0.02
2024-05-23 12:34:18,820 - INFO: ===> Epoch 117 Complete: Avg. Loss: 0.000836 time: 449.30
2024-05-23 12:34:19,159 - INFO: ===> Epoch 117: testing psnr = 27.51, ssim = 0.837, time: 0.02
2024-05-23 12:41:48,290 - INFO: ===> Epoch 118 Complete: Avg. Loss: 0.000879 time: 449.13
2024-05-23 12:41:48,632 - INFO: ===> Epoch 118: testing psnr = 27.59, ssim = 0.837, time: 0.02
2024-05-23 12:49:18,234 - INFO: ===> Epoch 119 Complete: Avg. Loss: 0.000907 time: 449.60
2024-05-23 12:49:18,571 - INFO: ===> Epoch 119: testing psnr = 27.75, ssim = 0.846, time: 0.02
2024-05-23 12:56:50,306 - INFO: ===> Epoch 120 Complete: Avg. Loss: 0.000832 time: 451.73
2024-05-23 12:56:50,648 - INFO: ===> Epoch 120: testing psnr = 27.74, ssim = 0.840, time: 0.02
2024-05-23 13:04:27,570 - INFO: ===> Epoch 121 Complete: Avg. Loss: 0.000873 time: 456.92
2024-05-23 13:04:27,920 - INFO: ===> Epoch 121: testing psnr = 27.58, ssim = 0.840, time: 0.02
2024-05-23 13:12:12,957 - INFO: ===> Epoch 122 Complete: Avg. Loss: 0.000857 time: 465.03
2024-05-23 13:12:13,295 - INFO: ===> Epoch 122: testing psnr = 27.27, ssim = 0.818, time: 0.02
2024-05-23 13:19:48,295 - INFO: ===> Epoch 123 Complete: Avg. Loss: 0.000848 time: 455.00
2024-05-23 13:19:48,635 - INFO: ===> Epoch 123: testing psnr = 27.67, ssim = 0.844, time: 0.02
2024-05-23 13:27:20,032 - INFO: ===> Epoch 124 Complete: Avg. Loss: 0.000881 time: 451.40
2024-05-23 13:27:20,368 - INFO: ===> Epoch 124: testing psnr = 27.62, ssim = 0.832, time: 0.02
2024-05-23 13:34:51,247 - INFO: ===> Epoch 125 Complete: Avg. Loss: 0.000919 time: 450.88
2024-05-23 13:34:51,583 - INFO: ===> Epoch 125: testing psnr = 27.89, ssim = 0.848, time: 0.02
2024-05-23 13:34:52,234 - INFO: Checkpoint saved to ./model/2024_05_22_21_45_46/model_epoch_125.pth
2024-05-23 13:42:24,512 - INFO: ===> Epoch 126 Complete: Avg. Loss: 0.000834 time: 452.28
2024-05-23 13:42:24,846 - INFO: ===> Epoch 126: testing psnr = 27.68, ssim = 0.841, time: 0.02
2024-05-23 13:49:53,239 - INFO: ===> Epoch 127 Complete: Avg. Loss: 0.000849 time: 448.39
2024-05-23 13:49:53,578 - INFO: ===> Epoch 127: testing psnr = 27.87, ssim = 0.845, time: 0.02
2024-05-23 13:57:27,423 - INFO: ===> Epoch 128 Complete: Avg. Loss: 0.000843 time: 453.84
2024-05-23 13:57:27,757 - INFO: ===> Epoch 128: testing psnr = 27.87, ssim = 0.843, time: 0.02
2024-05-23 14:04:56,496 - INFO: ===> Epoch 129 Complete: Avg. Loss: 0.000863 time: 448.74
2024-05-23 14:04:56,834 - INFO: ===> Epoch 129: testing psnr = 27.79, ssim = 0.847, time: 0.02
2024-05-23 14:12:26,269 - INFO: ===> Epoch 130 Complete: Avg. Loss: 0.000836 time: 449.43
2024-05-23 14:12:26,607 - INFO: ===> Epoch 130: testing psnr = 27.81, ssim = 0.843, time: 0.02
2024-05-23 14:19:57,529 - INFO: ===> Epoch 131 Complete: Avg. Loss: 0.000852 time: 450.92
2024-05-23 14:19:57,867 - INFO: ===> Epoch 131: testing psnr = 27.45, ssim = 0.844, time: 0.02
2024-05-23 14:27:27,555 - INFO: ===> Epoch 132 Complete: Avg. Loss: 0.000842 time: 449.69
2024-05-23 14:27:27,893 - INFO: ===> Epoch 132: testing psnr = 27.85, ssim = 0.843, time: 0.02
2024-05-23 14:35:01,798 - INFO: ===> Epoch 133 Complete: Avg. Loss: 0.000823 time: 453.90
2024-05-23 14:35:02,136 - INFO: ===> Epoch 133: testing psnr = 27.85, ssim = 0.844, time: 0.02
2024-05-23 14:42:33,015 - INFO: ===> Epoch 134 Complete: Avg. Loss: 0.000831 time: 450.88
2024-05-23 14:42:33,351 - INFO: ===> Epoch 134: testing psnr = 27.81, ssim = 0.848, time: 0.02
2024-05-23 14:50:01,526 - INFO: ===> Epoch 135 Complete: Avg. Loss: 0.000828 time: 448.17
2024-05-23 14:50:01,867 - INFO: ===> Epoch 135: testing psnr = 27.85, ssim = 0.848, time: 0.02
2024-05-23 14:57:32,762 - INFO: ===> Epoch 136 Complete: Avg. Loss: 0.000814 time: 450.89
2024-05-23 14:57:33,100 - INFO: ===> Epoch 136: testing psnr = 27.70, ssim = 0.842, time: 0.02
2024-05-23 15:05:04,047 - INFO: ===> Epoch 137 Complete: Avg. Loss: 0.000810 time: 450.95
2024-05-23 15:05:04,383 - INFO: ===> Epoch 137: testing psnr = 27.59, ssim = 0.833, time: 0.02
2024-05-23 15:12:39,139 - INFO: ===> Epoch 138 Complete: Avg. Loss: 0.000923 time: 454.76
2024-05-23 15:12:39,478 - INFO: ===> Epoch 138: testing psnr = 27.39, ssim = 0.826, time: 0.02
2024-05-23 15:20:07,942 - INFO: ===> Epoch 139 Complete: Avg. Loss: 0.000785 time: 448.46
2024-05-23 15:20:08,279 - INFO: ===> Epoch 139: testing psnr = 27.95, ssim = 0.846, time: 0.02
2024-05-23 15:20:08,923 - INFO: Checkpoint saved to ./model/2024_05_22_21_45_46/model_epoch_139.pth
2024-05-23 15:27:38,190 - INFO: ===> Epoch 140 Complete: Avg. Loss: 0.000845 time: 449.27
2024-05-23 15:27:38,526 - INFO: ===> Epoch 140: testing psnr = 28.01, ssim = 0.851, time: 0.02
2024-05-23 15:27:39,171 - INFO: Checkpoint saved to ./model/2024_05_22_21_45_46/model_epoch_140.pth
2024-05-23 15:35:07,724 - INFO: ===> Epoch 141 Complete: Avg. Loss: 0.000763 time: 448.55
2024-05-23 15:35:08,059 - INFO: ===> Epoch 141: testing psnr = 27.80, ssim = 0.846, time: 0.02
2024-05-23 15:42:37,704 - INFO: ===> Epoch 142 Complete: Avg. Loss: 0.000803 time: 449.64
2024-05-23 15:42:38,042 - INFO: ===> Epoch 142: testing psnr = 28.03, ssim = 0.852, time: 0.02
2024-05-23 15:42:38,688 - INFO: Checkpoint saved to ./model/2024_05_22_21_45_46/model_epoch_142.pth
2024-05-23 15:50:09,003 - INFO: ===> Epoch 143 Complete: Avg. Loss: 0.000826 time: 450.31
2024-05-23 15:50:09,343 - INFO: ===> Epoch 143: testing psnr = 27.99, ssim = 0.846, time: 0.02
2024-05-23 15:57:39,292 - INFO: ===> Epoch 144 Complete: Avg. Loss: 0.000832 time: 449.95
2024-05-23 15:57:39,628 - INFO: ===> Epoch 144: testing psnr = 27.94, ssim = 0.850, time: 0.02
2024-05-23 16:05:08,916 - INFO: ===> Epoch 145 Complete: Avg. Loss: 0.000820 time: 449.29
2024-05-23 16:05:09,254 - INFO: ===> Epoch 145: testing psnr = 27.84, ssim = 0.849, time: 0.02
2024-05-23 16:13:02,899 - INFO: ===> Epoch 146 Complete: Avg. Loss: 0.000796 time: 473.64
2024-05-23 16:13:03,250 - INFO: ===> Epoch 146: testing psnr = 28.02, ssim = 0.852, time: 0.02
2024-05-23 16:20:38,238 - INFO: ===> Epoch 147 Complete: Avg. Loss: 0.000828 time: 454.99
2024-05-23 16:20:38,576 - INFO: ===> Epoch 147: testing psnr = 27.99, ssim = 0.853, time: 0.02
2024-05-23 16:28:09,795 - INFO: ===> Epoch 148 Complete: Avg. Loss: 0.000818 time: 451.22
2024-05-23 16:28:10,135 - INFO: ===> Epoch 148: testing psnr = 28.18, ssim = 0.853, time: 0.02
2024-05-23 16:28:10,779 - INFO: Checkpoint saved to ./model/2024_05_22_21_45_46/model_epoch_148.pth
2024-05-23 16:35:44,434 - INFO: ===> Epoch 149 Complete: Avg. Loss: 0.000981 time: 453.65
2024-05-23 16:35:44,772 - INFO: ===> Epoch 149: testing psnr = 23.78, ssim = 0.636, time: 0.02
2024-05-23 16:43:15,013 - INFO: ===> Epoch 150 Complete: Avg. Loss: 0.000939 time: 450.24
2024-05-23 16:43:15,353 - INFO: ===> Epoch 150: testing psnr = 27.89, ssim = 0.841, time: 0.02
2024-05-23 16:50:42,947 - INFO: ===> Epoch 151 Complete: Avg. Loss: 0.000783 time: 447.59
2024-05-23 16:50:43,287 - INFO: ===> Epoch 151: testing psnr = 27.68, ssim = 0.839, time: 0.02
2024-05-23 16:58:11,495 - INFO: ===> Epoch 152 Complete: Avg. Loss: 0.000791 time: 448.21
2024-05-23 16:58:11,830 - INFO: ===> Epoch 152: testing psnr = 28.01, ssim = 0.851, time: 0.02
2024-05-23 17:05:43,979 - INFO: ===> Epoch 153 Complete: Avg. Loss: 0.000809 time: 452.15
2024-05-23 17:05:44,328 - INFO: ===> Epoch 153: testing psnr = 27.68, ssim = 0.835, time: 0.02
2024-05-23 17:13:27,890 - INFO: ===> Epoch 154 Complete: Avg. Loss: 0.000809 time: 463.56
2024-05-23 17:13:28,229 - INFO: ===> Epoch 154: testing psnr = 27.70, ssim = 0.838, time: 0.02
2024-05-23 17:20:58,657 - INFO: ===> Epoch 155 Complete: Avg. Loss: 0.000780 time: 450.43
2024-05-23 17:20:58,993 - INFO: ===> Epoch 155: testing psnr = 28.06, ssim = 0.852, time: 0.02
2024-05-23 17:28:26,242 - INFO: ===> Epoch 156 Complete: Avg. Loss: 0.001087 time: 447.25
2024-05-23 17:28:26,579 - INFO: ===> Epoch 156: testing psnr = 28.10, ssim = 0.851, time: 0.02
2024-05-23 17:35:56,495 - INFO: ===> Epoch 157 Complete: Avg. Loss: 0.000753 time: 449.91
2024-05-23 17:35:56,833 - INFO: ===> Epoch 157: testing psnr = 27.76, ssim = 0.845, time: 0.02
2024-05-23 17:43:28,093 - INFO: ===> Epoch 158 Complete: Avg. Loss: 0.000771 time: 451.26
2024-05-23 17:43:28,431 - INFO: ===> Epoch 158: testing psnr = 27.95, ssim = 0.845, time: 0.02
2024-05-23 17:50:59,079 - INFO: ===> Epoch 159 Complete: Avg. Loss: 0.000780 time: 450.65
2024-05-23 17:50:59,416 - INFO: ===> Epoch 159: testing psnr = 27.88, ssim = 0.837, time: 0.02
2024-05-23 17:58:27,201 - INFO: ===> Epoch 160 Complete: Avg. Loss: 0.000759 time: 447.78
2024-05-23 17:58:27,536 - INFO: ===> Epoch 160: testing psnr = 28.13, ssim = 0.852, time: 0.02
2024-05-23 18:05:55,329 - INFO: ===> Epoch 161 Complete: Avg. Loss: 0.000915 time: 447.79
2024-05-23 18:05:55,665 - INFO: ===> Epoch 161: testing psnr = 28.05, ssim = 0.848, time: 0.02
2024-05-23 18:13:25,672 - INFO: ===> Epoch 162 Complete: Avg. Loss: 0.000767 time: 450.01
2024-05-23 18:13:26,009 - INFO: ===> Epoch 162: testing psnr = 27.97, ssim = 0.842, time: 0.02
2024-05-23 18:20:53,668 - INFO: ===> Epoch 163 Complete: Avg. Loss: 0.000739 time: 447.66
2024-05-23 18:20:54,004 - INFO: ===> Epoch 163: testing psnr = 28.09, ssim = 0.854, time: 0.02
2024-05-23 18:28:23,052 - INFO: ===> Epoch 164 Complete: Avg. Loss: 0.000794 time: 449.05
2024-05-23 18:28:23,391 - INFO: ===> Epoch 164: testing psnr = 26.26, ssim = 0.808, time: 0.02
2024-05-23 18:35:52,876 - INFO: ===> Epoch 165 Complete: Avg. Loss: 0.000776 time: 449.48
2024-05-23 18:35:53,212 - INFO: ===> Epoch 165: testing psnr = 27.89, ssim = 0.837, time: 0.02
2024-05-23 18:43:23,394 - INFO: ===> Epoch 166 Complete: Avg. Loss: 0.000783 time: 450.18
2024-05-23 18:43:23,728 - INFO: ===> Epoch 166: testing psnr = 27.90, ssim = 0.848, time: 0.02
2024-05-23 18:50:53,539 - INFO: ===> Epoch 167 Complete: Avg. Loss: 0.000782 time: 449.81
2024-05-23 18:50:53,874 - INFO: ===> Epoch 167: testing psnr = 28.08, ssim = 0.853, time: 0.02
2024-05-23 18:58:23,017 - INFO: ===> Epoch 168 Complete: Avg. Loss: 0.000766 time: 449.14
2024-05-23 18:58:23,356 - INFO: ===> Epoch 168: testing psnr = 28.04, ssim = 0.854, time: 0.02
2024-05-23 19:05:52,572 - INFO: ===> Epoch 169 Complete: Avg. Loss: 0.000825 time: 449.21
2024-05-23 19:05:52,910 - INFO: ===> Epoch 169: testing psnr = 28.08, ssim = 0.853, time: 0.02
2024-05-23 19:13:25,385 - INFO: ===> Epoch 170 Complete: Avg. Loss: 0.000737 time: 452.47
2024-05-23 19:13:25,722 - INFO: ===> Epoch 170: testing psnr = 28.13, ssim = 0.856, time: 0.02
2024-05-23 19:20:55,796 - INFO: ===> Epoch 171 Complete: Avg. Loss: 0.000765 time: 450.07
2024-05-23 19:20:56,132 - INFO: ===> Epoch 171: testing psnr = 26.41, ssim = 0.804, time: 0.02
2024-05-23 19:28:24,240 - INFO: ===> Epoch 172 Complete: Avg. Loss: 0.000760 time: 448.11
2024-05-23 19:28:24,578 - INFO: ===> Epoch 172: testing psnr = 27.84, ssim = 0.845, time: 0.02
2024-05-23 19:35:52,235 - INFO: ===> Epoch 173 Complete: Avg. Loss: 0.000795 time: 447.65
2024-05-23 19:35:52,570 - INFO: ===> Epoch 173: testing psnr = 24.56, ssim = 0.675, time: 0.02
2024-05-23 19:43:20,633 - INFO: ===> Epoch 174 Complete: Avg. Loss: 0.000829 time: 448.06
2024-05-23 19:43:20,971 - INFO: ===> Epoch 174: testing psnr = 28.02, ssim = 0.849, time: 0.02
2024-05-23 19:50:49,383 - INFO: ===> Epoch 175 Complete: Avg. Loss: 0.000738 time: 448.41
2024-05-23 19:50:49,722 - INFO: ===> Epoch 175: testing psnr = 28.18, ssim = 0.853, time: 0.02
2024-05-23 19:58:18,226 - INFO: ===> Epoch 176 Complete: Avg. Loss: 0.000768 time: 448.50
2024-05-23 19:58:18,565 - INFO: ===> Epoch 176: testing psnr = 28.06, ssim = 0.850, time: 0.02
2024-05-23 20:05:50,105 - INFO: ===> Epoch 177 Complete: Avg. Loss: 0.000744 time: 451.54
2024-05-23 20:05:50,445 - INFO: ===> Epoch 177: testing psnr = 28.09, ssim = 0.847, time: 0.02
2024-05-23 20:13:20,736 - INFO: ===> Epoch 178 Complete: Avg. Loss: 0.000758 time: 450.29
2024-05-23 20:13:21,075 - INFO: ===> Epoch 178: testing psnr = 28.10, ssim = 0.851, time: 0.02
2024-05-23 20:20:52,803 - INFO: ===> Epoch 179 Complete: Avg. Loss: 0.001069 time: 451.73
2024-05-23 20:20:53,141 - INFO: ===> Epoch 179: testing psnr = 28.26, ssim = 0.856, time: 0.02
2024-05-23 20:20:53,788 - INFO: Checkpoint saved to ./model/2024_05_22_21_45_46/model_epoch_179.pth
2024-05-23 20:28:37,779 - INFO: ===> Epoch 180 Complete: Avg. Loss: 0.000731 time: 463.99
2024-05-23 20:28:38,115 - INFO: ===> Epoch 180: testing psnr = 28.26, ssim = 0.857, time: 0.02
2024-05-23 20:36:18,390 - INFO: ===> Epoch 181 Complete: Avg. Loss: 0.000742 time: 460.27
2024-05-23 20:36:18,741 - INFO: ===> Epoch 181: testing psnr = 28.23, ssim = 0.855, time: 0.02
2024-05-23 20:44:12,396 - INFO: ===> Epoch 182 Complete: Avg. Loss: 0.000731 time: 473.65
2024-05-23 20:44:12,734 - INFO: ===> Epoch 182: testing psnr = 27.69, ssim = 0.838, time: 0.02
2024-05-23 20:51:41,670 - INFO: ===> Epoch 183 Complete: Avg. Loss: 0.000734 time: 448.93
2024-05-23 20:51:42,006 - INFO: ===> Epoch 183: testing psnr = 28.23, ssim = 0.857, time: 0.02
2024-05-23 20:59:14,908 - INFO: ===> Epoch 184 Complete: Avg. Loss: 0.000750 time: 452.90
2024-05-23 20:59:15,245 - INFO: ===> Epoch 184: testing psnr = 28.03, ssim = 0.850, time: 0.02
2024-05-23 21:06:43,443 - INFO: ===> Epoch 185 Complete: Avg. Loss: 0.000741 time: 448.20
2024-05-23 21:06:43,780 - INFO: ===> Epoch 185: testing psnr = 28.10, ssim = 0.856, time: 0.02
2024-05-23 21:14:12,645 - INFO: ===> Epoch 186 Complete: Avg. Loss: 0.000760 time: 448.86
2024-05-23 21:14:12,981 - INFO: ===> Epoch 186: testing psnr = 28.10, ssim = 0.850, time: 0.02
2024-05-23 21:21:45,185 - INFO: ===> Epoch 187 Complete: Avg. Loss: 0.000729 time: 452.20
2024-05-23 21:21:45,521 - INFO: ===> Epoch 187: testing psnr = 28.31, ssim = 0.854, time: 0.02
2024-05-23 21:21:46,169 - INFO: Checkpoint saved to ./model/2024_05_22_21_45_46/model_epoch_187.pth
2024-05-23 21:29:19,042 - INFO: ===> Epoch 188 Complete: Avg. Loss: 0.000875 time: 452.87
2024-05-23 21:29:19,390 - INFO: ===> Epoch 188: testing psnr = 28.30, ssim = 0.859, time: 0.02
2024-05-23 21:37:12,073 - INFO: ===> Epoch 189 Complete: Avg. Loss: 0.000730 time: 472.68
2024-05-23 21:37:12,421 - INFO: ===> Epoch 189: testing psnr = 28.30, ssim = 0.855, time: 0.02
2024-05-23 21:44:46,569 - INFO: ===> Epoch 190 Complete: Avg. Loss: 0.000725 time: 454.15
2024-05-23 21:44:46,909 - INFO: ===> Epoch 190: testing psnr = 28.03, ssim = 0.842, time: 0.02
2024-05-23 21:52:16,735 - INFO: ===> Epoch 191 Complete: Avg. Loss: 0.000855 time: 449.83
2024-05-23 21:52:17,073 - INFO: ===> Epoch 191: testing psnr = 24.75, ssim = 0.730, time: 0.02
2024-05-23 21:59:54,242 - INFO: ===> Epoch 192 Complete: Avg. Loss: 0.000766 time: 457.17
2024-05-23 21:59:54,582 - INFO: ===> Epoch 192: testing psnr = 28.21, ssim = 0.856, time: 0.02
2024-05-23 22:07:32,900 - INFO: ===> Epoch 193 Complete: Avg. Loss: 0.000725 time: 458.32
2024-05-23 22:07:33,240 - INFO: ===> Epoch 193: testing psnr = 27.95, ssim = 0.838, time: 0.02
2024-05-23 22:15:12,632 - INFO: ===> Epoch 194 Complete: Avg. Loss: 0.000724 time: 459.39
2024-05-23 22:15:12,971 - INFO: ===> Epoch 194: testing psnr = 28.23, ssim = 0.859, time: 0.02
2024-05-23 22:22:45,451 - INFO: ===> Epoch 195 Complete: Avg. Loss: 0.000746 time: 452.48
2024-05-23 22:22:45,789 - INFO: ===> Epoch 195: testing psnr = 28.36, ssim = 0.861, time: 0.02
2024-05-23 22:22:46,438 - INFO: Checkpoint saved to ./model/2024_05_22_21_45_46/model_epoch_195.pth
2024-05-23 22:30:19,783 - INFO: ===> Epoch 196 Complete: Avg. Loss: 0.000701 time: 453.35
2024-05-23 22:30:20,121 - INFO: ===> Epoch 196: testing psnr = 28.22, ssim = 0.858, time: 0.02
2024-05-23 22:37:53,337 - INFO: ===> Epoch 197 Complete: Avg. Loss: 0.000750 time: 453.21
2024-05-23 22:37:53,673 - INFO: ===> Epoch 197: testing psnr = 28.24, ssim = 0.857, time: 0.02
2024-05-23 22:45:33,607 - INFO: ===> Epoch 198 Complete: Avg. Loss: 0.000742 time: 459.93
2024-05-23 22:45:33,945 - INFO: ===> Epoch 198: testing psnr = 28.17, ssim = 0.856, time: 0.02
2024-05-23 22:53:04,194 - INFO: ===> Epoch 199 Complete: Avg. Loss: 0.000823 time: 450.25
2024-05-23 22:53:04,534 - INFO: ===> Epoch 199: testing psnr = 28.11, ssim = 0.853, time: 0.02
2024-05-23 23:00:34,849 - INFO: ===> Epoch 200 Complete: Avg. Loss: 0.000703 time: 450.31
2024-05-23 23:00:35,187 - INFO: ===> Epoch 200: testing psnr = 28.24, ssim = 0.853, time: 0.02
2024-05-23 23:08:06,985 - INFO: ===> Epoch 201 Complete: Avg. Loss: 0.000711 time: 451.80
2024-05-23 23:08:07,323 - INFO: ===> Epoch 201: testing psnr = 28.05, ssim = 0.849, time: 0.02
2024-05-23 23:15:54,420 - INFO: ===> Epoch 202 Complete: Avg. Loss: 0.000989 time: 467.10
2024-05-23 23:15:54,760 - INFO: ===> Epoch 202: testing psnr = 28.09, ssim = 0.851, time: 0.02
2024-05-23 23:23:38,936 - INFO: ===> Epoch 203 Complete: Avg. Loss: 0.000702 time: 464.18
2024-05-23 23:23:39,275 - INFO: ===> Epoch 203: testing psnr = 28.30, ssim = 0.860, time: 0.02
2024-05-23 23:31:12,207 - INFO: ===> Epoch 204 Complete: Avg. Loss: 0.000724 time: 452.93
2024-05-23 23:31:12,542 - INFO: ===> Epoch 204: testing psnr = 28.13, ssim = 0.850, time: 0.02
2024-05-23 23:38:42,797 - INFO: ===> Epoch 205 Complete: Avg. Loss: 0.000716 time: 450.25
2024-05-23 23:38:43,136 - INFO: ===> Epoch 205: testing psnr = 28.33, ssim = 0.861, time: 0.02
2024-05-23 23:46:17,300 - INFO: ===> Epoch 206 Complete: Avg. Loss: 0.000722 time: 454.16
2024-05-23 23:46:17,638 - INFO: ===> Epoch 206: testing psnr = 28.38, ssim = 0.860, time: 0.02
2024-05-23 23:46:18,287 - INFO: Checkpoint saved to ./model/2024_05_22_21_45_46/model_epoch_206.pth
2024-05-23 23:53:49,719 - INFO: ===> Epoch 207 Complete: Avg. Loss: 0.000726 time: 451.43
2024-05-23 23:53:50,058 - INFO: ===> Epoch 207: testing psnr = 28.23, ssim = 0.857, time: 0.02
2024-05-24 00:01:21,563 - INFO: ===> Epoch 208 Complete: Avg. Loss: 0.000713 time: 451.50
2024-05-24 00:01:21,902 - INFO: ===> Epoch 208: testing psnr = 27.45, ssim = 0.824, time: 0.02
2024-05-24 00:08:50,571 - INFO: ===> Epoch 209 Complete: Avg. Loss: 0.000754 time: 448.67
2024-05-24 00:08:50,908 - INFO: ===> Epoch 209: testing psnr = 28.22, ssim = 0.858, time: 0.02
2024-05-24 00:16:20,513 - INFO: ===> Epoch 210 Complete: Avg. Loss: 0.000699 time: 449.60
2024-05-24 00:16:20,851 - INFO: ===> Epoch 210: testing psnr = 28.16, ssim = 0.846, time: 0.02
2024-05-24 00:23:51,979 - INFO: ===> Epoch 211 Complete: Avg. Loss: 0.000708 time: 451.13
2024-05-24 00:23:52,319 - INFO: ===> Epoch 211: testing psnr = 27.82, ssim = 0.845, time: 0.02
2024-05-24 00:31:23,933 - INFO: ===> Epoch 212 Complete: Avg. Loss: 0.000708 time: 451.61
2024-05-24 00:31:24,272 - INFO: ===> Epoch 212: testing psnr = 28.21, ssim = 0.852, time: 0.02
2024-05-24 00:38:56,635 - INFO: ===> Epoch 213 Complete: Avg. Loss: 0.000732 time: 452.36
2024-05-24 00:38:56,975 - INFO: ===> Epoch 213: testing psnr = 28.34, ssim = 0.857, time: 0.02
2024-05-24 00:46:28,229 - INFO: ===> Epoch 214 Complete: Avg. Loss: 0.000739 time: 451.25
2024-05-24 00:46:28,566 - INFO: ===> Epoch 214: testing psnr = 28.16, ssim = 0.862, time: 0.02
2024-05-24 00:54:00,965 - INFO: ===> Epoch 215 Complete: Avg. Loss: 0.000728 time: 452.40
2024-05-24 00:54:01,305 - INFO: ===> Epoch 215: testing psnr = 28.38, ssim = 0.860, time: 0.02
2024-05-24 01:01:30,615 - INFO: ===> Epoch 216 Complete: Avg. Loss: 0.000672 time: 449.31
2024-05-24 01:01:30,952 - INFO: ===> Epoch 216: testing psnr = 28.19, ssim = 0.860, time: 0.02
2024-05-24 01:09:01,363 - INFO: ===> Epoch 217 Complete: Avg. Loss: 0.000711 time: 450.41
2024-05-24 01:09:01,701 - INFO: ===> Epoch 217: testing psnr = 28.12, ssim = 0.850, time: 0.02
2024-05-24 01:16:31,273 - INFO: ===> Epoch 218 Complete: Avg. Loss: 0.000746 time: 449.57
2024-05-24 01:16:31,608 - INFO: ===> Epoch 218: testing psnr = 28.29, ssim = 0.864, time: 0.02
2024-05-24 01:24:02,826 - INFO: ===> Epoch 219 Complete: Avg. Loss: 0.000665 time: 451.22
2024-05-24 01:24:03,165 - INFO: ===> Epoch 219: testing psnr = 28.09, ssim = 0.859, time: 0.02
2024-05-24 01:31:34,644 - INFO: ===> Epoch 220 Complete: Avg. Loss: 0.000683 time: 451.48
2024-05-24 01:31:34,981 - INFO: ===> Epoch 220: testing psnr = 28.20, ssim = 0.860, time: 0.02
2024-05-24 01:39:07,904 - INFO: ===> Epoch 221 Complete: Avg. Loss: 0.000687 time: 452.92
2024-05-24 01:39:08,243 - INFO: ===> Epoch 221: testing psnr = 28.28, ssim = 0.857, time: 0.02
2024-05-24 01:46:39,195 - INFO: ===> Epoch 222 Complete: Avg. Loss: 0.000853 time: 450.95
2024-05-24 01:46:39,529 - INFO: ===> Epoch 222: testing psnr = 28.32, ssim = 0.862, time: 0.02
2024-05-24 01:54:07,151 - INFO: ===> Epoch 223 Complete: Avg. Loss: 0.000681 time: 447.62
2024-05-24 01:54:07,487 - INFO: ===> Epoch 223: testing psnr = 28.24, ssim = 0.858, time: 0.02
2024-05-24 02:01:39,368 - INFO: ===> Epoch 224 Complete: Avg. Loss: 0.000711 time: 451.88
2024-05-24 02:01:39,705 - INFO: ===> Epoch 224: testing psnr = 28.33, ssim = 0.861, time: 0.02
2024-05-24 02:09:13,279 - INFO: ===> Epoch 225 Complete: Avg. Loss: 0.000670 time: 453.57
2024-05-24 02:09:13,618 - INFO: ===> Epoch 225: testing psnr = 28.23, ssim = 0.854, time: 0.02
2024-05-24 02:16:44,228 - INFO: ===> Epoch 226 Complete: Avg. Loss: 0.000697 time: 450.61
2024-05-24 02:16:44,566 - INFO: ===> Epoch 226: testing psnr = 27.73, ssim = 0.836, time: 0.02
2024-05-24 02:24:15,004 - INFO: ===> Epoch 227 Complete: Avg. Loss: 0.000751 time: 450.44
2024-05-24 02:24:15,339 - INFO: ===> Epoch 227: testing psnr = 28.37, ssim = 0.857, time: 0.02
2024-05-24 02:31:46,524 - INFO: ===> Epoch 228 Complete: Avg. Loss: 0.000673 time: 451.18
2024-05-24 02:31:46,861 - INFO: ===> Epoch 228: testing psnr = 28.45, ssim = 0.861, time: 0.02
2024-05-24 02:31:47,495 - INFO: Checkpoint saved to ./model/2024_05_22_21_45_46/model_epoch_228.pth
2024-05-24 02:39:17,489 - INFO: ===> Epoch 229 Complete: Avg. Loss: 0.000677 time: 449.99
2024-05-24 02:39:17,837 - INFO: ===> Epoch 229: testing psnr = 28.22, ssim = 0.861, time: 0.02
2024-05-24 02:46:58,149 - INFO: ===> Epoch 230 Complete: Avg. Loss: 0.000697 time: 460.31
2024-05-24 02:46:58,484 - INFO: ===> Epoch 230: testing psnr = 28.31, ssim = 0.863, time: 0.02
2024-05-24 02:54:28,680 - INFO: ===> Epoch 231 Complete: Avg. Loss: 0.000673 time: 450.19
2024-05-24 02:54:29,016 - INFO: ===> Epoch 231: testing psnr = 28.27, ssim = 0.842, time: 0.02
2024-05-24 03:02:02,164 - INFO: ===> Epoch 232 Complete: Avg. Loss: 0.000714 time: 453.15
2024-05-24 03:02:02,519 - INFO: ===> Epoch 232: testing psnr = 28.33, ssim = 0.861, time: 0.02
2024-05-24 03:09:44,337 - INFO: ===> Epoch 233 Complete: Avg. Loss: 0.000708 time: 461.82
2024-05-24 03:09:44,676 - INFO: ===> Epoch 233: testing psnr = 28.37, ssim = 0.864, time: 0.02
2024-05-24 03:17:18,782 - INFO: ===> Epoch 234 Complete: Avg. Loss: 0.000685 time: 454.10
2024-05-24 03:17:19,132 - INFO: ===> Epoch 234: testing psnr = 28.37, ssim = 0.862, time: 0.02
2024-05-24 03:24:52,951 - INFO: ===> Epoch 235 Complete: Avg. Loss: 0.000675 time: 453.82
2024-05-24 03:24:53,290 - INFO: ===> Epoch 235: testing psnr = 28.28, ssim = 0.865, time: 0.02
2024-05-24 03:32:20,549 - INFO: ===> Epoch 236 Complete: Avg. Loss: 0.000685 time: 447.26
2024-05-24 03:32:20,888 - INFO: ===> Epoch 236: testing psnr = 28.32, ssim = 0.862, time: 0.02
2024-05-24 03:39:50,274 - INFO: ===> Epoch 237 Complete: Avg. Loss: 0.000679 time: 449.38
2024-05-24 03:39:50,613 - INFO: ===> Epoch 237: testing psnr = 28.27, ssim = 0.862, time: 0.02
2024-05-24 03:47:19,754 - INFO: ===> Epoch 238 Complete: Avg. Loss: 0.000806 time: 449.14
2024-05-24 03:47:20,094 - INFO: ===> Epoch 238: testing psnr = 28.50, ssim = 0.864, time: 0.02
2024-05-24 03:47:20,751 - INFO: Checkpoint saved to ./model/2024_05_22_21_45_46/model_epoch_238.pth
2024-05-24 03:54:47,266 - INFO: ===> Epoch 239 Complete: Avg. Loss: 0.001001 time: 446.52
2024-05-24 03:54:47,605 - INFO: ===> Epoch 239: testing psnr = 28.64, ssim = 0.865, time: 0.02
2024-05-24 03:54:48,243 - INFO: Checkpoint saved to ./model/2024_05_22_21_45_46/model_epoch_239.pth
2024-05-24 04:02:15,311 - INFO: ===> Epoch 240 Complete: Avg. Loss: 0.000664 time: 447.07
2024-05-24 04:02:15,646 - INFO: ===> Epoch 240: testing psnr = 28.54, ssim = 0.867, time: 0.02
2024-05-24 04:09:43,589 - INFO: ===> Epoch 241 Complete: Avg. Loss: 0.000684 time: 447.94
2024-05-24 04:09:43,926 - INFO: ===> Epoch 241: testing psnr = 28.29, ssim = 0.859, time: 0.02
2024-05-24 04:17:12,600 - INFO: ===> Epoch 242 Complete: Avg. Loss: 0.000652 time: 448.67
2024-05-24 04:17:12,936 - INFO: ===> Epoch 242: testing psnr = 28.27, ssim = 0.861, time: 0.02
2024-05-24 04:24:45,684 - INFO: ===> Epoch 243 Complete: Avg. Loss: 0.000681 time: 452.75
2024-05-24 04:24:46,021 - INFO: ===> Epoch 243: testing psnr = 28.24, ssim = 0.846, time: 0.02
2024-05-24 04:32:12,220 - INFO: ===> Epoch 244 Complete: Avg. Loss: 0.000695 time: 446.20
2024-05-24 04:32:12,555 - INFO: ===> Epoch 244: testing psnr = 28.18, ssim = 0.856, time: 0.02
2024-05-24 04:39:38,486 - INFO: ===> Epoch 245 Complete: Avg. Loss: 0.000677 time: 445.93
2024-05-24 04:39:38,824 - INFO: ===> Epoch 245: testing psnr = 28.46, ssim = 0.865, time: 0.02
2024-05-24 04:47:08,088 - INFO: ===> Epoch 246 Complete: Avg. Loss: 0.000687 time: 449.26
2024-05-24 04:47:08,428 - INFO: ===> Epoch 246: testing psnr = 28.12, ssim = 0.862, time: 0.02
2024-05-24 04:54:36,640 - INFO: ===> Epoch 247 Complete: Avg. Loss: 0.000904 time: 448.21
2024-05-24 04:54:36,978 - INFO: ===> Epoch 247: testing psnr = 28.33, ssim = 0.860, time: 0.02
2024-05-24 05:02:11,812 - INFO: ===> Epoch 248 Complete: Avg. Loss: 0.000672 time: 454.83
2024-05-24 05:02:12,145 - INFO: ===> Epoch 248: testing psnr = 28.47, ssim = 0.860, time: 0.02
2024-05-24 05:09:56,814 - INFO: ===> Epoch 249 Complete: Avg. Loss: 0.000675 time: 464.67
2024-05-24 05:09:57,149 - INFO: ===> Epoch 249: testing psnr = 28.21, ssim = 0.863, time: 0.02
2024-05-24 05:17:27,641 - INFO: ===> Epoch 250 Complete: Avg. Loss: 0.000673 time: 450.49
2024-05-24 05:17:27,976 - INFO: ===> Epoch 250: testing psnr = 28.45, ssim = 0.863, time: 0.02
2024-05-24 05:24:56,837 - INFO: ===> Epoch 251 Complete: Avg. Loss: 0.000675 time: 448.86
2024-05-24 05:24:57,171 - INFO: ===> Epoch 251: testing psnr = 28.39, ssim = 0.867, time: 0.02
2024-05-24 05:32:25,947 - INFO: ===> Epoch 252 Complete: Avg. Loss: 0.000958 time: 448.78
2024-05-24 05:32:26,283 - INFO: ===> Epoch 252: testing psnr = 27.86, ssim = 0.845, time: 0.02
2024-05-24 05:39:56,542 - INFO: ===> Epoch 253 Complete: Avg. Loss: 0.000673 time: 450.26
2024-05-24 05:39:56,879 - INFO: ===> Epoch 253: testing psnr = 28.34, ssim = 0.862, time: 0.02
2024-05-24 05:47:23,041 - INFO: ===> Epoch 254 Complete: Avg. Loss: 0.000664 time: 446.16
2024-05-24 05:47:23,377 - INFO: ===> Epoch 254: testing psnr = 28.24, ssim = 0.857, time: 0.02
2024-05-24 05:54:54,162 - INFO: ===> Epoch 255 Complete: Avg. Loss: 0.000686 time: 450.78
2024-05-24 05:54:54,497 - INFO: ===> Epoch 255: testing psnr = 28.11, ssim = 0.854, time: 0.02
2024-05-24 06:02:30,362 - INFO: ===> Epoch 256 Complete: Avg. Loss: 0.000649 time: 455.86
2024-05-24 06:02:30,700 - INFO: ===> Epoch 256: testing psnr = 28.34, ssim = 0.860, time: 0.02
2024-05-24 06:10:02,590 - INFO: ===> Epoch 257 Complete: Avg. Loss: 0.000670 time: 451.89
2024-05-24 06:10:02,928 - INFO: ===> Epoch 257: testing psnr = 28.33, ssim = 0.863, time: 0.02
2024-05-24 06:17:39,789 - INFO: ===> Epoch 258 Complete: Avg. Loss: 0.000742 time: 456.86
2024-05-24 06:17:40,126 - INFO: ===> Epoch 258: testing psnr = 27.89, ssim = 0.847, time: 0.02
2024-05-24 06:25:10,275 - INFO: ===> Epoch 259 Complete: Avg. Loss: 0.000654 time: 450.15
2024-05-24 06:25:10,610 - INFO: ===> Epoch 259: testing psnr = 28.52, ssim = 0.868, time: 0.02
2024-05-24 06:32:39,343 - INFO: ===> Epoch 260 Complete: Avg. Loss: 0.000689 time: 448.73
2024-05-24 06:32:39,679 - INFO: ===> Epoch 260: testing psnr = 28.46, ssim = 0.867, time: 0.02
2024-05-24 06:40:06,665 - INFO: ===> Epoch 261 Complete: Avg. Loss: 0.000656 time: 446.99
2024-05-24 06:40:07,000 - INFO: ===> Epoch 261: testing psnr = 28.36, ssim = 0.861, time: 0.02
2024-05-24 06:47:42,688 - INFO: ===> Epoch 262 Complete: Avg. Loss: 0.000667 time: 455.69
2024-05-24 06:47:43,035 - INFO: ===> Epoch 262: testing psnr = 28.44, ssim = 0.863, time: 0.02
2024-05-24 06:55:31,230 - INFO: ===> Epoch 263 Complete: Avg. Loss: 0.000677 time: 468.19
2024-05-24 06:55:31,561 - INFO: ===> Epoch 263: testing psnr = 27.97, ssim = 0.865, time: 0.02
2024-05-24 07:02:58,794 - INFO: ===> Epoch 264 Complete: Avg. Loss: 0.000661 time: 447.23
2024-05-24 07:02:59,128 - INFO: ===> Epoch 264: testing psnr = 28.49, ssim = 0.869, time: 0.02
2024-05-24 07:10:24,863 - INFO: ===> Epoch 265 Complete: Avg. Loss: 0.000726 time: 445.73
2024-05-24 07:10:25,198 - INFO: ===> Epoch 265: testing psnr = 28.40, ssim = 0.868, time: 0.02
2024-05-24 07:17:52,090 - INFO: ===> Epoch 266 Complete: Avg. Loss: 0.000659 time: 446.89
2024-05-24 07:17:52,425 - INFO: ===> Epoch 266: testing psnr = 28.35, ssim = 0.862, time: 0.02
2024-05-24 07:25:19,827 - INFO: ===> Epoch 267 Complete: Avg. Loss: 0.000651 time: 447.40
2024-05-24 07:25:20,161 - INFO: ===> Epoch 267: testing psnr = 27.86, ssim = 0.819, time: 0.02
2024-05-24 07:32:46,799 - INFO: ===> Epoch 268 Complete: Avg. Loss: 0.000670 time: 446.64
2024-05-24 07:32:47,136 - INFO: ===> Epoch 268: testing psnr = 27.93, ssim = 0.856, time: 0.02
2024-05-24 07:40:16,247 - INFO: ===> Epoch 269 Complete: Avg. Loss: 0.000643 time: 449.11
2024-05-24 07:40:16,583 - INFO: ===> Epoch 269: testing psnr = 28.18, ssim = 0.860, time: 0.02
2024-05-24 07:47:44,684 - INFO: ===> Epoch 270 Complete: Avg. Loss: 0.000673 time: 448.10
2024-05-24 07:47:45,019 - INFO: ===> Epoch 270: testing psnr = 28.46, ssim = 0.867, time: 0.02
2024-05-24 07:55:14,219 - INFO: ===> Epoch 271 Complete: Avg. Loss: 0.000834 time: 449.20
2024-05-24 07:55:14,558 - INFO: ===> Epoch 271: testing psnr = 28.52, ssim = 0.868, time: 0.02
2024-05-24 08:02:45,172 - INFO: ===> Epoch 272 Complete: Avg. Loss: 0.000631 time: 450.61
2024-05-24 08:02:45,509 - INFO: ===> Epoch 272: testing psnr = 28.30, ssim = 0.862, time: 0.02
2024-05-24 08:10:16,804 - INFO: ===> Epoch 273 Complete: Avg. Loss: 0.000638 time: 451.29
2024-05-24 08:10:17,142 - INFO: ===> Epoch 273: testing psnr = 28.31, ssim = 0.862, time: 0.02
2024-05-24 08:17:48,211 - INFO: ===> Epoch 274 Complete: Avg. Loss: 0.000667 time: 451.07
2024-05-24 08:17:48,548 - INFO: ===> Epoch 274: testing psnr = 28.35, ssim = 0.860, time: 0.02
2024-05-24 08:25:15,457 - INFO: ===> Epoch 275 Complete: Avg. Loss: 0.000690 time: 446.91
2024-05-24 08:25:15,792 - INFO: ===> Epoch 275: testing psnr = 28.49, ssim = 0.865, time: 0.02
2024-05-24 08:32:44,313 - INFO: ===> Epoch 276 Complete: Avg. Loss: 0.000692 time: 448.52
2024-05-24 08:32:44,649 - INFO: ===> Epoch 276: testing psnr = 28.07, ssim = 0.855, time: 0.02
2024-05-24 08:40:13,668 - INFO: ===> Epoch 277 Complete: Avg. Loss: 0.000635 time: 449.02
2024-05-24 08:40:14,003 - INFO: ===> Epoch 277: testing psnr = 28.60, ssim = 0.865, time: 0.02
2024-05-24 08:47:48,713 - INFO: ===> Epoch 278 Complete: Avg. Loss: 0.000626 time: 454.71
2024-05-24 08:47:49,048 - INFO: ===> Epoch 278: testing psnr = 27.85, ssim = 0.843, time: 0.02
2024-05-24 08:55:20,810 - INFO: ===> Epoch 279 Complete: Avg. Loss: 0.000662 time: 451.76
2024-05-24 08:55:21,150 - INFO: ===> Epoch 279: testing psnr = 28.49, ssim = 0.870, time: 0.02
2024-05-24 09:02:51,578 - INFO: ===> Epoch 280 Complete: Avg. Loss: 0.000664 time: 450.43
2024-05-24 09:02:51,915 - INFO: ===> Epoch 280: testing psnr = 28.13, ssim = 0.860, time: 0.02
2024-05-24 09:10:20,905 - INFO: ===> Epoch 281 Complete: Avg. Loss: 0.000891 time: 448.99
2024-05-24 09:10:21,242 - INFO: ===> Epoch 281: testing psnr = 28.37, ssim = 0.849, time: 0.02
2024-05-24 09:17:53,041 - INFO: ===> Epoch 282 Complete: Avg. Loss: 0.000645 time: 451.80
2024-05-24 09:17:53,379 - INFO: ===> Epoch 282: testing psnr = 28.54, ssim = 0.870, time: 0.02
2024-05-24 09:25:26,024 - INFO: ===> Epoch 283 Complete: Avg. Loss: 0.000621 time: 452.64
2024-05-24 09:25:26,366 - INFO: ===> Epoch 283: testing psnr = 28.54, ssim = 0.869, time: 0.02
2024-05-24 09:32:57,802 - INFO: ===> Epoch 284 Complete: Avg. Loss: 0.000635 time: 451.43
2024-05-24 09:32:58,138 - INFO: ===> Epoch 284: testing psnr = 28.30, ssim = 0.866, time: 0.02
2024-05-24 09:40:25,739 - INFO: ===> Epoch 285 Complete: Avg. Loss: 0.000638 time: 447.60
2024-05-24 09:40:26,077 - INFO: ===> Epoch 285: testing psnr = 28.42, ssim = 0.865, time: 0.02
2024-05-24 09:47:55,892 - INFO: ===> Epoch 286 Complete: Avg. Loss: 0.000640 time: 449.81
2024-05-24 09:47:56,229 - INFO: ===> Epoch 286: testing psnr = 28.47, ssim = 0.859, time: 0.02
2024-05-24 09:55:28,309 - INFO: ===> Epoch 287 Complete: Avg. Loss: 0.000649 time: 452.08
2024-05-24 09:55:28,648 - INFO: ===> Epoch 287: testing psnr = 27.88, ssim = 0.858, time: 0.02
2024-05-24 10:02:57,725 - INFO: ===> Epoch 288 Complete: Avg. Loss: 0.000670 time: 449.08
2024-05-24 10:02:58,063 - INFO: ===> Epoch 288: testing psnr = 28.52, ssim = 0.871, time: 0.02
2024-05-24 10:10:26,180 - INFO: ===> Epoch 289 Complete: Avg. Loss: 0.000644 time: 448.12
2024-05-24 10:10:26,514 - INFO: ===> Epoch 289: testing psnr = 28.45, ssim = 0.864, time: 0.02
2024-05-24 10:17:52,644 - INFO: ===> Epoch 290 Complete: Avg. Loss: 0.000641 time: 446.13
2024-05-24 10:17:52,981 - INFO: ===> Epoch 290: testing psnr = 28.44, ssim = 0.868, time: 0.02
2024-05-24 10:25:22,300 - INFO: ===> Epoch 291 Complete: Avg. Loss: 0.000657 time: 449.32
2024-05-24 10:25:22,636 - INFO: ===> Epoch 291: testing psnr = 28.46, ssim = 0.871, time: 0.02
2024-05-24 10:32:55,869 - INFO: ===> Epoch 292 Complete: Avg. Loss: 0.000689 time: 453.23
2024-05-24 10:32:56,219 - INFO: ===> Epoch 292: testing psnr = 28.55, ssim = 0.868, time: 0.02
2024-05-24 10:40:46,508 - INFO: ===> Epoch 293 Complete: Avg. Loss: 0.000616 time: 470.29
2024-05-24 10:40:46,857 - INFO: ===> Epoch 293: testing psnr = 28.35, ssim = 0.859, time: 0.02
2024-05-24 10:48:19,434 - INFO: ===> Epoch 294 Complete: Avg. Loss: 0.000656 time: 452.58
2024-05-24 10:48:19,770 - INFO: ===> Epoch 294: testing psnr = 28.19, ssim = 0.862, time: 0.02
2024-05-24 10:55:52,308 - INFO: ===> Epoch 295 Complete: Avg. Loss: 0.000675 time: 452.54
2024-05-24 10:55:52,644 - INFO: ===> Epoch 295: testing psnr = 28.43, ssim = 0.865, time: 0.02
2024-05-24 11:03:24,282 - INFO: ===> Epoch 296 Complete: Avg. Loss: 0.000640 time: 451.64
2024-05-24 11:03:24,617 - INFO: ===> Epoch 296: testing psnr = 28.46, ssim = 0.864, time: 0.02
2024-05-24 11:11:03,088 - INFO: ===> Epoch 297 Complete: Avg. Loss: 0.000633 time: 458.47
2024-05-24 11:11:03,422 - INFO: ===> Epoch 297: testing psnr = 28.42, ssim = 0.865, time: 0.02
2024-05-24 11:18:30,813 - INFO: ===> Epoch 298 Complete: Avg. Loss: 0.000612 time: 447.39
2024-05-24 11:18:31,150 - INFO: ===> Epoch 298: testing psnr = 28.50, ssim = 0.863, time: 0.02
2024-05-24 11:25:59,079 - INFO: ===> Epoch 299 Complete: Avg. Loss: 0.000653 time: 447.93
2024-05-24 11:25:59,413 - INFO: ===> Epoch 299: testing psnr = 28.17, ssim = 0.861, time: 0.02
2024-05-24 11:33:26,909 - INFO: ===> Epoch 300 Complete: Avg. Loss: 0.000706 time: 447.49
2024-05-24 11:33:27,245 - INFO: ===> Epoch 300: testing psnr = 28.41, ssim = 0.856, time: 0.02
2024-05-24 11:40:52,828 - INFO: ===> Epoch 301 Complete: Avg. Loss: 0.000641 time: 445.58
2024-05-24 11:40:53,163 - INFO: ===> Epoch 301: testing psnr = 28.44, ssim = 0.868, time: 0.02
2024-05-24 11:48:20,751 - INFO: ===> Epoch 302 Complete: Avg. Loss: 0.000704 time: 447.59
2024-05-24 11:48:21,086 - INFO: ===> Epoch 302: testing psnr = 28.55, ssim = 0.871, time: 0.02
2024-05-24 11:55:47,760 - INFO: ===> Epoch 303 Complete: Avg. Loss: 0.000632 time: 446.67
2024-05-24 11:55:48,094 - INFO: ===> Epoch 303: testing psnr = 28.58, ssim = 0.871, time: 0.02
2024-05-24 12:03:17,171 - INFO: ===> Epoch 304 Complete: Avg. Loss: 0.000646 time: 449.08
2024-05-24 12:03:17,507 - INFO: ===> Epoch 304: testing psnr = 28.32, ssim = 0.859, time: 0.02
2024-05-24 12:10:44,669 - INFO: ===> Epoch 305 Complete: Avg. Loss: 0.000966 time: 447.16
2024-05-24 12:10:45,003 - INFO: ===> Epoch 305: testing psnr = 28.66, ssim = 0.870, time: 0.02
2024-05-24 12:10:45,637 - INFO: Checkpoint saved to ./model/2024_05_22_21_45_46/model_epoch_305.pth
2024-05-24 12:18:11,559 - INFO: ===> Epoch 306 Complete: Avg. Loss: 0.000618 time: 445.92
2024-05-24 12:18:11,896 - INFO: ===> Epoch 306: testing psnr = 28.53, ssim = 0.868, time: 0.02
2024-05-24 12:25:40,991 - INFO: ===> Epoch 307 Complete: Avg. Loss: 0.000627 time: 449.09
2024-05-24 12:25:41,328 - INFO: ===> Epoch 307: testing psnr = 28.53, ssim = 0.869, time: 0.02
2024-05-24 12:33:09,311 - INFO: ===> Epoch 308 Complete: Avg. Loss: 0.000636 time: 447.98
2024-05-24 12:33:09,644 - INFO: ===> Epoch 308: testing psnr = 28.35, ssim = 0.858, time: 0.02
2024-05-24 12:40:36,357 - INFO: ===> Epoch 309 Complete: Avg. Loss: 0.000610 time: 446.71
2024-05-24 12:40:36,690 - INFO: ===> Epoch 309: testing psnr = 28.38, ssim = 0.863, time: 0.02
2024-05-24 12:48:18,140 - INFO: ===> Epoch 310 Complete: Avg. Loss: 0.000752 time: 461.45
2024-05-24 12:48:18,476 - INFO: ===> Epoch 310: testing psnr = 28.56, ssim = 0.873, time: 0.02
2024-05-24 12:56:02,007 - INFO: ===> Epoch 311 Complete: Avg. Loss: 0.000621 time: 463.53
2024-05-24 12:56:02,345 - INFO: ===> Epoch 311: testing psnr = 28.49, ssim = 0.873, time: 0.02
2024-05-24 13:03:40,472 - INFO: ===> Epoch 312 Complete: Avg. Loss: 0.000662 time: 458.13
2024-05-24 13:03:40,811 - INFO: ===> Epoch 312: testing psnr = 28.54, ssim = 0.872, time: 0.02
2024-05-24 13:11:18,783 - INFO: ===> Epoch 313 Complete: Avg. Loss: 0.000632 time: 457.97
2024-05-24 13:11:19,122 - INFO: ===> Epoch 313: testing psnr = 28.48, ssim = 0.863, time: 0.02
2024-05-24 13:19:05,948 - INFO: ===> Epoch 314 Complete: Avg. Loss: 0.000631 time: 466.82
2024-05-24 13:19:06,294 - INFO: ===> Epoch 314: testing psnr = 28.56, ssim = 0.870, time: 0.02
2024-05-24 13:26:49,011 - INFO: ===> Epoch 315 Complete: Avg. Loss: 0.000644 time: 462.72
2024-05-24 13:26:49,346 - INFO: ===> Epoch 315: testing psnr = 28.43, ssim = 0.863, time: 0.02
2024-05-24 13:34:16,345 - INFO: ===> Epoch 316 Complete: Avg. Loss: 0.000634 time: 447.00
2024-05-24 13:34:16,681 - INFO: ===> Epoch 316: testing psnr = 28.31, ssim = 0.864, time: 0.02
2024-05-24 13:41:43,766 - INFO: ===> Epoch 317 Complete: Avg. Loss: 0.000650 time: 447.08
2024-05-24 13:41:44,106 - INFO: ===> Epoch 317: testing psnr = 24.64, ssim = 0.718, time: 0.02
2024-05-24 13:49:12,080 - INFO: ===> Epoch 318 Complete: Avg. Loss: 0.000740 time: 447.97
2024-05-24 13:49:12,416 - INFO: ===> Epoch 318: testing psnr = 28.59, ssim = 0.872, time: 0.02
2024-05-24 13:56:39,464 - INFO: ===> Epoch 319 Complete: Avg. Loss: 0.000632 time: 447.05
2024-05-24 13:56:39,798 - INFO: ===> Epoch 319: testing psnr = 28.49, ssim = 0.872, time: 0.02
2024-05-24 14:04:07,255 - INFO: ===> Epoch 320 Complete: Avg. Loss: 0.000646 time: 447.46
2024-05-24 14:04:07,589 - INFO: ===> Epoch 320: testing psnr = 28.46, ssim = 0.867, time: 0.02
2024-05-24 14:11:40,091 - INFO: ===> Epoch 321 Complete: Avg. Loss: 0.000619 time: 452.50
2024-05-24 14:11:40,438 - INFO: ===> Epoch 321: testing psnr = 28.46, ssim = 0.865, time: 0.02
2024-05-24 14:19:32,916 - INFO: ===> Epoch 322 Complete: Avg. Loss: 0.000679 time: 472.48
2024-05-24 14:19:33,262 - INFO: ===> Epoch 322: testing psnr = 28.56, ssim = 0.872, time: 0.02
2024-05-24 14:27:02,476 - INFO: ===> Epoch 323 Complete: Avg. Loss: 0.000603 time: 449.21
2024-05-24 14:27:02,816 - INFO: ===> Epoch 323: testing psnr = 28.33, ssim = 0.861, time: 0.02
2024-05-24 14:34:28,158 - INFO: ===> Epoch 324 Complete: Avg. Loss: 0.000639 time: 445.34
2024-05-24 14:34:28,494 - INFO: ===> Epoch 324: testing psnr = 28.18, ssim = 0.859, time: 0.02
2024-05-24 14:41:54,529 - INFO: ===> Epoch 325 Complete: Avg. Loss: 0.000618 time: 446.03
2024-05-24 14:41:54,867 - INFO: ===> Epoch 325: testing psnr = 28.43, ssim = 0.866, time: 0.02
2024-05-24 14:49:22,929 - INFO: ===> Epoch 326 Complete: Avg. Loss: 0.000630 time: 448.06
2024-05-24 14:49:23,269 - INFO: ===> Epoch 326: testing psnr = 28.35, ssim = 0.859, time: 0.02
2024-05-24 14:56:53,883 - INFO: ===> Epoch 327 Complete: Avg. Loss: 0.000624 time: 450.61
2024-05-24 14:56:54,227 - INFO: ===> Epoch 327: testing psnr = 28.41, ssim = 0.870, time: 0.02
2024-05-24 15:04:23,736 - INFO: ===> Epoch 328 Complete: Avg. Loss: 0.000624 time: 449.51
2024-05-24 15:04:24,073 - INFO: ===> Epoch 328: testing psnr = 28.41, ssim = 0.864, time: 0.02
2024-05-24 15:11:53,642 - INFO: ===> Epoch 329 Complete: Avg. Loss: 0.000737 time: 449.57
2024-05-24 15:11:53,977 - INFO: ===> Epoch 329: testing psnr = 28.50, ssim = 0.868, time: 0.02
2024-05-24 15:19:21,233 - INFO: ===> Epoch 330 Complete: Avg. Loss: 0.000599 time: 447.25
2024-05-24 15:19:21,566 - INFO: ===> Epoch 330: testing psnr = 28.59, ssim = 0.869, time: 0.02
2024-05-24 15:26:48,611 - INFO: ===> Epoch 331 Complete: Avg. Loss: 0.000628 time: 447.04
2024-05-24 15:26:48,946 - INFO: ===> Epoch 331: testing psnr = 28.46, ssim = 0.863, time: 0.02
2024-05-24 15:34:17,014 - INFO: ===> Epoch 332 Complete: Avg. Loss: 0.000613 time: 448.07
2024-05-24 15:34:17,351 - INFO: ===> Epoch 332: testing psnr = 28.37, ssim = 0.861, time: 0.02
2024-05-24 15:41:43,544 - INFO: ===> Epoch 333 Complete: Avg. Loss: 0.000818 time: 446.19
2024-05-24 15:41:43,881 - INFO: ===> Epoch 333: testing psnr = 28.29, ssim = 0.856, time: 0.02
2024-05-24 15:49:12,376 - INFO: ===> Epoch 334 Complete: Avg. Loss: 0.000605 time: 448.49
2024-05-24 15:49:12,718 - INFO: ===> Epoch 334: testing psnr = 28.42, ssim = 0.868, time: 0.02
2024-05-24 15:56:39,010 - INFO: ===> Epoch 335 Complete: Avg. Loss: 0.000619 time: 446.29
2024-05-24 15:56:39,345 - INFO: ===> Epoch 335: testing psnr = 28.50, ssim = 0.868, time: 0.02
2024-05-24 16:04:05,338 - INFO: ===> Epoch 336 Complete: Avg. Loss: 0.000611 time: 445.99
2024-05-24 16:04:05,678 - INFO: ===> Epoch 336: testing psnr = 28.43, ssim = 0.860, time: 0.02
2024-05-24 16:11:33,461 - INFO: ===> Epoch 337 Complete: Avg. Loss: 0.000635 time: 447.78
2024-05-24 16:11:33,797 - INFO: ===> Epoch 337: testing psnr = 28.07, ssim = 0.859, time: 0.02
2024-05-24 16:19:03,950 - INFO: ===> Epoch 338 Complete: Avg. Loss: 0.000602 time: 450.15
2024-05-24 16:19:04,287 - INFO: ===> Epoch 338: testing psnr = 28.58, ssim = 0.869, time: 0.02
2024-05-24 16:26:36,554 - INFO: ===> Epoch 339 Complete: Avg. Loss: 0.000652 time: 452.26
2024-05-24 16:26:36,889 - INFO: ===> Epoch 339: testing psnr = 28.30, ssim = 0.868, time: 0.02
2024-05-24 16:34:05,026 - INFO: ===> Epoch 340 Complete: Avg. Loss: 0.000610 time: 448.14
2024-05-24 16:34:05,361 - INFO: ===> Epoch 340: testing psnr = 28.44, ssim = 0.869, time: 0.02
2024-05-24 16:41:31,923 - INFO: ===> Epoch 341 Complete: Avg. Loss: 0.000618 time: 446.56
2024-05-24 16:41:32,258 - INFO: ===> Epoch 341: testing psnr = 28.56, ssim = 0.870, time: 0.02
2024-05-24 16:49:00,601 - INFO: ===> Epoch 342 Complete: Avg. Loss: 0.000634 time: 448.34
2024-05-24 16:49:00,935 - INFO: ===> Epoch 342: testing psnr = 28.46, ssim = 0.862, time: 0.02
2024-05-24 16:56:34,220 - INFO: ===> Epoch 343 Complete: Avg. Loss: 0.000672 time: 453.28
2024-05-24 16:56:34,559 - INFO: ===> Epoch 343: testing psnr = 28.50, ssim = 0.871, time: 0.02
2024-05-24 17:04:06,564 - INFO: ===> Epoch 344 Complete: Avg. Loss: 0.000609 time: 452.00
2024-05-24 17:04:06,903 - INFO: ===> Epoch 344: testing psnr = 28.56, ssim = 0.867, time: 0.02
2024-05-24 17:11:38,181 - INFO: ===> Epoch 345 Complete: Avg. Loss: 0.000636 time: 451.28
2024-05-24 17:11:38,518 - INFO: ===> Epoch 345: testing psnr = 28.41, ssim = 0.866, time: 0.02
2024-05-24 17:19:08,909 - INFO: ===> Epoch 346 Complete: Avg. Loss: 0.000745 time: 450.39
2024-05-24 17:19:09,250 - INFO: ===> Epoch 346: testing psnr = 28.64, ssim = 0.871, time: 0.02
2024-05-24 17:26:38,235 - INFO: ===> Epoch 347 Complete: Avg. Loss: 0.000584 time: 448.98
2024-05-24 17:26:38,571 - INFO: ===> Epoch 347: testing psnr = 28.69, ssim = 0.872, time: 0.02
2024-05-24 17:26:39,214 - INFO: Checkpoint saved to ./model/2024_05_22_21_45_46/model_epoch_347.pth
2024-05-24 17:34:09,221 - INFO: ===> Epoch 348 Complete: Avg. Loss: 0.000600 time: 450.01
2024-05-24 17:34:09,557 - INFO: ===> Epoch 348: testing psnr = 28.68, ssim = 0.873, time: 0.02
2024-05-24 17:41:37,014 - INFO: ===> Epoch 349 Complete: Avg. Loss: 0.000599 time: 447.46
2024-05-24 17:41:37,349 - INFO: ===> Epoch 349: testing psnr = 28.36, ssim = 0.863, time: 0.02
2024-05-24 17:49:04,498 - INFO: ===> Epoch 350 Complete: Avg. Loss: 0.000608 time: 447.15
2024-05-24 17:49:04,833 - INFO: ===> Epoch 350: testing psnr = 28.60, ssim = 0.870, time: 0.02
2024-05-24 17:56:35,057 - INFO: ===> Epoch 351 Complete: Avg. Loss: 0.000633 time: 450.22
2024-05-24 17:56:35,392 - INFO: ===> Epoch 351: testing psnr = 28.46, ssim = 0.869, time: 0.02
2024-05-24 18:04:05,510 - INFO: ===> Epoch 352 Complete: Avg. Loss: 0.000611 time: 450.12
2024-05-24 18:04:05,847 - INFO: ===> Epoch 352: testing psnr = 28.35, ssim = 0.866, time: 0.02
2024-05-24 18:11:32,261 - INFO: ===> Epoch 353 Complete: Avg. Loss: 0.000586 time: 446.41
2024-05-24 18:11:32,595 - INFO: ===> Epoch 353: testing psnr = 28.52, ssim = 0.869, time: 0.02
2024-05-24 18:18:59,909 - INFO: ===> Epoch 354 Complete: Avg. Loss: 0.000626 time: 447.31
2024-05-24 18:19:00,245 - INFO: ===> Epoch 354: testing psnr = 27.89, ssim = 0.842, time: 0.02
2024-05-24 18:26:29,646 - INFO: ===> Epoch 355 Complete: Avg. Loss: 0.000618 time: 449.40
2024-05-24 18:26:29,993 - INFO: ===> Epoch 355: testing psnr = 28.54, ssim = 0.873, time: 0.02
2024-05-24 18:34:22,707 - INFO: ===> Epoch 356 Complete: Avg. Loss: 0.000651 time: 472.71
2024-05-24 18:34:23,055 - INFO: ===> Epoch 356: testing psnr = 28.48, ssim = 0.871, time: 0.02
2024-05-24 18:42:16,534 - INFO: ===> Epoch 357 Complete: Avg. Loss: 0.000589 time: 473.48
2024-05-24 18:42:16,882 - INFO: ===> Epoch 357: testing psnr = 28.67, ssim = 0.872, time: 0.02
2024-05-24 18:50:11,407 - INFO: ===> Epoch 358 Complete: Avg. Loss: 0.000605 time: 474.52
2024-05-24 18:50:11,745 - INFO: ===> Epoch 358: testing psnr = 28.33, ssim = 0.869, time: 0.02
2024-05-24 18:57:58,612 - INFO: ===> Epoch 359 Complete: Avg. Loss: 0.000598 time: 466.86
2024-05-24 18:57:58,952 - INFO: ===> Epoch 359: testing psnr = 28.57, ssim = 0.872, time: 0.02
2024-05-24 19:05:30,234 - INFO: ===> Epoch 360 Complete: Avg. Loss: 0.000634 time: 451.28
2024-05-24 19:05:30,573 - INFO: ===> Epoch 360: testing psnr = 28.51, ssim = 0.869, time: 0.02
2024-05-24 19:13:01,811 - INFO: ===> Epoch 361 Complete: Avg. Loss: 0.000609 time: 451.24
2024-05-24 19:13:02,146 - INFO: ===> Epoch 361: testing psnr = 28.66, ssim = 0.873, time: 0.02
2024-05-24 19:22:01,557 - INFO: ===> Epoch 362 Complete: Avg. Loss: 0.000605 time: 539.41
2024-05-24 19:22:02,230 - INFO: ===> Epoch 362: testing psnr = 28.58, ssim = 0.866, time: 0.04
2024-05-24 19:30:13,341 - INFO: ===> Epoch 363 Complete: Avg. Loss: 0.000628 time: 491.11
2024-05-24 19:30:13,677 - INFO: ===> Epoch 363: testing psnr = 28.63, ssim = 0.871, time: 0.02
2024-05-24 19:37:50,490 - INFO: ===> Epoch 364 Complete: Avg. Loss: 0.000596 time: 456.81
2024-05-24 19:37:50,835 - INFO: ===> Epoch 364: testing psnr = 28.31, ssim = 0.867, time: 0.02
2024-05-24 19:45:22,437 - INFO: ===> Epoch 365 Complete: Avg. Loss: 0.000619 time: 451.60
2024-05-24 19:45:22,775 - INFO: ===> Epoch 365: testing psnr = 28.42, ssim = 0.871, time: 0.02
2024-05-24 19:52:51,796 - INFO: ===> Epoch 366 Complete: Avg. Loss: 0.000581 time: 449.02
2024-05-24 19:52:52,132 - INFO: ===> Epoch 366: testing psnr = 28.49, ssim = 0.873, time: 0.02
2024-05-24 20:00:26,492 - INFO: ===> Epoch 367 Complete: Avg. Loss: 0.000643 time: 454.36
2024-05-24 20:00:26,829 - INFO: ===> Epoch 367: testing psnr = 28.30, ssim = 0.873, time: 0.02
2024-05-24 20:08:01,162 - INFO: ===> Epoch 368 Complete: Avg. Loss: 0.000600 time: 454.33
2024-05-24 20:08:01,499 - INFO: ===> Epoch 368: testing psnr = 28.52, ssim = 0.874, time: 0.02
2024-05-24 20:15:32,838 - INFO: ===> Epoch 369 Complete: Avg. Loss: 0.000626 time: 451.34
2024-05-24 20:15:33,175 - INFO: ===> Epoch 369: testing psnr = 28.11, ssim = 0.860, time: 0.02
2024-05-24 20:23:07,625 - INFO: ===> Epoch 370 Complete: Avg. Loss: 0.000596 time: 454.45
2024-05-24 20:23:07,965 - INFO: ===> Epoch 370: testing psnr = 28.45, ssim = 0.867, time: 0.02
2024-05-24 20:30:40,397 - INFO: ===> Epoch 371 Complete: Avg. Loss: 0.000587 time: 452.43
2024-05-24 20:30:40,739 - INFO: ===> Epoch 371: testing psnr = 28.05, ssim = 0.862, time: 0.02
2024-05-24 20:38:13,419 - INFO: ===> Epoch 372 Complete: Avg. Loss: 0.000771 time: 452.68
2024-05-24 20:38:13,758 - INFO: ===> Epoch 372: testing psnr = 28.27, ssim = 0.859, time: 0.02
2024-05-24 20:45:49,712 - INFO: ===> Epoch 373 Complete: Avg. Loss: 0.000580 time: 455.95
2024-05-24 20:45:50,049 - INFO: ===> Epoch 373: testing psnr = 28.62, ssim = 0.873, time: 0.02
2024-05-24 20:53:30,791 - INFO: ===> Epoch 374 Complete: Avg. Loss: 0.000579 time: 460.74
2024-05-24 20:53:31,142 - INFO: ===> Epoch 374: testing psnr = 28.65, ssim = 0.872, time: 0.02
2024-05-24 21:01:13,877 - INFO: ===> Epoch 375 Complete: Avg. Loss: 0.000601 time: 462.73
2024-05-24 21:01:14,214 - INFO: ===> Epoch 375: testing psnr = 28.60, ssim = 0.873, time: 0.02
2024-05-24 21:08:44,593 - INFO: ===> Epoch 376 Complete: Avg. Loss: 0.000598 time: 450.38
2024-05-24 21:08:44,932 - INFO: ===> Epoch 376: testing psnr = 28.39, ssim = 0.861, time: 0.02
2024-05-24 21:16:19,375 - INFO: ===> Epoch 377 Complete: Avg. Loss: 0.000591 time: 454.44
2024-05-24 21:16:19,712 - INFO: ===> Epoch 377: testing psnr = 28.62, ssim = 0.872, time: 0.02
2024-05-24 21:24:12,284 - INFO: ===> Epoch 378 Complete: Avg. Loss: 0.000740 time: 472.57
2024-05-24 21:24:12,635 - INFO: ===> Epoch 378: testing psnr = 28.51, ssim = 0.866, time: 0.02
2024-05-24 21:31:50,346 - INFO: ===> Epoch 379 Complete: Avg. Loss: 0.000583 time: 457.71
2024-05-24 21:31:50,687 - INFO: ===> Epoch 379: testing psnr = 28.55, ssim = 0.872, time: 0.02
2024-05-24 21:39:23,946 - INFO: ===> Epoch 380 Complete: Avg. Loss: 0.000592 time: 453.26
2024-05-24 21:39:24,287 - INFO: ===> Epoch 380: testing psnr = 28.59, ssim = 0.871, time: 0.02
2024-05-24 21:46:56,298 - INFO: ===> Epoch 381 Complete: Avg. Loss: 0.000594 time: 452.01
2024-05-24 21:46:56,648 - INFO: ===> Epoch 381: testing psnr = 28.64, ssim = 0.872, time: 0.02
2024-05-24 21:54:51,603 - INFO: ===> Epoch 382 Complete: Avg. Loss: 0.000589 time: 474.95
2024-05-24 21:54:51,956 - INFO: ===> Epoch 382: testing psnr = 28.59, ssim = 0.869, time: 0.02
2024-05-24 22:02:41,207 - INFO: ===> Epoch 383 Complete: Avg. Loss: 0.000608 time: 469.25
2024-05-24 22:02:41,546 - INFO: ===> Epoch 383: testing psnr = 28.26, ssim = 0.858, time: 0.02
2024-05-24 22:10:17,312 - INFO: ===> Epoch 384 Complete: Avg. Loss: 0.000709 time: 455.77
2024-05-24 22:10:17,652 - INFO: ===> Epoch 384: testing psnr = 28.57, ssim = 0.860, time: 0.02
2024-05-24 22:17:56,086 - INFO: ===> Epoch 385 Complete: Avg. Loss: 0.000573 time: 458.43
2024-05-24 22:17:56,436 - INFO: ===> Epoch 385: testing psnr = 28.73, ssim = 0.874, time: 0.02
2024-05-24 22:17:57,095 - INFO: Checkpoint saved to ./model/2024_05_22_21_45_46/model_epoch_385.pth
2024-05-24 22:25:52,299 - INFO: ===> Epoch 386 Complete: Avg. Loss: 0.000594 time: 475.20
2024-05-24 22:25:52,663 - INFO: ===> Epoch 386: testing psnr = 28.70, ssim = 0.875, time: 0.02
2024-05-24 22:33:49,051 - INFO: ===> Epoch 387 Complete: Avg. Loss: 0.000710 time: 476.39
2024-05-24 22:33:49,407 - INFO: ===> Epoch 387: testing psnr = 28.62, ssim = 0.869, time: 0.02
2024-05-24 22:41:42,377 - INFO: ===> Epoch 388 Complete: Avg. Loss: 0.000568 time: 472.97
2024-05-24 22:41:42,728 - INFO: ===> Epoch 388: testing psnr = 28.61, ssim = 0.874, time: 0.02
2024-05-24 22:49:16,021 - INFO: ===> Epoch 389 Complete: Avg. Loss: 0.000604 time: 453.29
2024-05-24 22:49:16,362 - INFO: ===> Epoch 389: testing psnr = 28.70, ssim = 0.872, time: 0.02
2024-05-24 22:56:58,970 - INFO: ===> Epoch 390 Complete: Avg. Loss: 0.000654 time: 462.61
2024-05-24 22:56:59,310 - INFO: ===> Epoch 390: testing psnr = 28.66, ssim = 0.873, time: 0.02
2024-05-24 23:04:28,646 - INFO: ===> Epoch 391 Complete: Avg. Loss: 0.000580 time: 449.33
2024-05-24 23:04:28,983 - INFO: ===> Epoch 391: testing psnr = 28.72, ssim = 0.876, time: 0.02
2024-05-24 23:11:59,105 - INFO: ===> Epoch 392 Complete: Avg. Loss: 0.000596 time: 450.12
2024-05-24 23:11:59,447 - INFO: ===> Epoch 392: testing psnr = 28.78, ssim = 0.872, time: 0.02
2024-05-24 23:12:00,124 - INFO: Checkpoint saved to ./model/2024_05_22_21_45_46/model_epoch_392.pth
2024-05-24 23:19:30,907 - INFO: ===> Epoch 393 Complete: Avg. Loss: 0.000590 time: 450.78
2024-05-24 23:19:31,244 - INFO: ===> Epoch 393: testing psnr = 28.44, ssim = 0.867, time: 0.02
2024-05-24 23:27:03,844 - INFO: ===> Epoch 394 Complete: Avg. Loss: 0.000599 time: 452.60
2024-05-24 23:27:04,185 - INFO: ===> Epoch 394: testing psnr = 28.40, ssim = 0.862, time: 0.02
2024-05-24 23:34:38,892 - INFO: ===> Epoch 395 Complete: Avg. Loss: 0.000708 time: 454.71
2024-05-24 23:34:39,233 - INFO: ===> Epoch 395: testing psnr = 28.60, ssim = 0.871, time: 0.02
2024-05-24 23:42:10,365 - INFO: ===> Epoch 396 Complete: Avg. Loss: 0.000555 time: 451.13
2024-05-24 23:42:10,707 - INFO: ===> Epoch 396: testing psnr = 28.55, ssim = 0.870, time: 0.02
2024-05-24 23:49:40,235 - INFO: ===> Epoch 397 Complete: Avg. Loss: 0.000583 time: 449.53
2024-05-24 23:49:40,572 - INFO: ===> Epoch 397: testing psnr = 28.48, ssim = 0.863, time: 0.02
2024-05-24 23:57:12,920 - INFO: ===> Epoch 398 Complete: Avg. Loss: 0.000645 time: 452.35
2024-05-24 23:57:13,256 - INFO: ===> Epoch 398: testing psnr = 28.61, ssim = 0.871, time: 0.02
2024-05-25 00:04:46,063 - INFO: ===> Epoch 399 Complete: Avg. Loss: 0.000573 time: 452.81
2024-05-25 00:04:46,403 - INFO: ===> Epoch 399: testing psnr = 28.49, ssim = 0.865, time: 0.02
2024-05-25 00:12:17,987 - INFO: ===> Epoch 400 Complete: Avg. Loss: 0.000745 time: 451.58
2024-05-25 00:12:18,328 - INFO: ===> Epoch 400: testing psnr = 27.91, ssim = 0.856, time: 0.02
2024-05-25 00:20:06,792 - INFO: ===> Epoch 401 Complete: Avg. Loss: 0.000596 time: 468.46
2024-05-25 00:20:07,141 - INFO: ===> Epoch 401: testing psnr = 28.68, ssim = 0.872, time: 0.02
2024-05-25 00:27:49,767 - INFO: ===> Epoch 402 Complete: Avg. Loss: 0.000579 time: 462.62
2024-05-25 00:27:50,109 - INFO: ===> Epoch 402: testing psnr = 28.69, ssim = 0.873, time: 0.02
2024-05-25 00:35:21,634 - INFO: ===> Epoch 403 Complete: Avg. Loss: 0.000597 time: 451.52
2024-05-25 00:35:21,976 - INFO: ===> Epoch 403: testing psnr = 28.71, ssim = 0.875, time: 0.02
2024-05-25 00:42:52,803 - INFO: ===> Epoch 404 Complete: Avg. Loss: 0.000607 time: 450.83
2024-05-25 00:42:53,167 - INFO: ===> Epoch 404: testing psnr = 28.53, ssim = 0.874, time: 0.02
2024-05-25 00:50:24,760 - INFO: ===> Epoch 405 Complete: Avg. Loss: 0.000593 time: 451.59
2024-05-25 00:50:25,100 - INFO: ===> Epoch 405: testing psnr = 28.32, ssim = 0.863, time: 0.02
2024-05-25 00:58:10,317 - INFO: ===> Epoch 406 Complete: Avg. Loss: 0.000588 time: 465.22
2024-05-25 00:58:10,666 - INFO: ===> Epoch 406: testing psnr = 28.52, ssim = 0.867, time: 0.02
2024-05-25 01:05:46,184 - INFO: ===> Epoch 407 Complete: Avg. Loss: 0.000614 time: 455.52
2024-05-25 01:05:46,523 - INFO: ===> Epoch 407: testing psnr = 28.75, ssim = 0.873, time: 0.02
2024-05-25 01:13:17,121 - INFO: ===> Epoch 408 Complete: Avg. Loss: 0.000573 time: 450.60
2024-05-25 01:13:17,456 - INFO: ===> Epoch 408: testing psnr = 28.72, ssim = 0.873, time: 0.02
2024-05-25 01:20:49,248 - INFO: ===> Epoch 409 Complete: Avg. Loss: 0.000565 time: 451.79
2024-05-25 01:20:49,587 - INFO: ===> Epoch 409: testing psnr = 28.64, ssim = 0.865, time: 0.02
2024-05-25 01:28:23,493 - INFO: ===> Epoch 410 Complete: Avg. Loss: 0.000643 time: 453.90
2024-05-25 01:28:23,831 - INFO: ===> Epoch 410: testing psnr = 28.64, ssim = 0.871, time: 0.02
2024-05-25 01:36:07,487 - INFO: ===> Epoch 411 Complete: Avg. Loss: 0.000564 time: 463.65
2024-05-25 01:36:07,837 - INFO: ===> Epoch 411: testing psnr = 28.71, ssim = 0.870, time: 0.02
2024-05-25 01:44:00,759 - INFO: ===> Epoch 412 Complete: Avg. Loss: 0.000591 time: 472.92
2024-05-25 01:44:01,108 - INFO: ===> Epoch 412: testing psnr = 28.64, ssim = 0.871, time: 0.02
2024-05-25 01:51:57,094 - INFO: ===> Epoch 413 Complete: Avg. Loss: 0.000589 time: 475.98
2024-05-25 01:51:57,444 - INFO: ===> Epoch 413: testing psnr = 28.85, ssim = 0.877, time: 0.02
2024-05-25 01:51:58,107 - INFO: Checkpoint saved to ./model/2024_05_22_21_45_46/model_epoch_413.pth
2024-05-25 01:59:54,172 - INFO: ===> Epoch 414 Complete: Avg. Loss: 0.000577 time: 476.06
2024-05-25 01:59:54,522 - INFO: ===> Epoch 414: testing psnr = 28.73, ssim = 0.875, time: 0.02
2024-05-25 02:07:50,688 - INFO: ===> Epoch 415 Complete: Avg. Loss: 0.000601 time: 476.16
2024-05-25 02:07:51,037 - INFO: ===> Epoch 415: testing psnr = 28.53, ssim = 0.867, time: 0.02
2024-05-25 02:15:44,900 - INFO: ===> Epoch 416 Complete: Avg. Loss: 0.000599 time: 473.86
2024-05-25 02:15:45,247 - INFO: ===> Epoch 416: testing psnr = 28.44, ssim = 0.870, time: 0.02
2024-05-25 02:23:17,331 - INFO: ===> Epoch 417 Complete: Avg. Loss: 0.000601 time: 452.08
2024-05-25 02:23:17,671 - INFO: ===> Epoch 417: testing psnr = 28.69, ssim = 0.872, time: 0.02
2024-05-25 02:30:49,157 - INFO: ===> Epoch 418 Complete: Avg. Loss: 0.000665 time: 451.49
2024-05-25 02:30:49,495 - INFO: ===> Epoch 418: testing psnr = 28.67, ssim = 0.871, time: 0.02
2024-05-25 02:38:22,686 - INFO: ===> Epoch 419 Complete: Avg. Loss: 0.000570 time: 453.19
2024-05-25 02:38:23,028 - INFO: ===> Epoch 419: testing psnr = 28.70, ssim = 0.875, time: 0.02
2024-05-25 02:46:04,623 - INFO: ===> Epoch 420 Complete: Avg. Loss: 0.000573 time: 461.59
2024-05-25 02:46:04,970 - INFO: ===> Epoch 420: testing psnr = 28.61, ssim = 0.869, time: 0.02
2024-05-25 02:53:44,045 - INFO: ===> Epoch 421 Complete: Avg. Loss: 0.000578 time: 459.07
2024-05-25 02:53:44,395 - INFO: ===> Epoch 421: testing psnr = 28.76, ssim = 0.877, time: 0.02
2024-05-25 03:01:35,109 - INFO: ===> Epoch 422 Complete: Avg. Loss: 0.000608 time: 470.71
2024-05-25 03:01:35,456 - INFO: ===> Epoch 422: testing psnr = 28.61, ssim = 0.871, time: 0.02
2024-05-25 03:09:17,846 - INFO: ===> Epoch 423 Complete: Avg. Loss: 0.000694 time: 462.39
2024-05-25 03:09:18,186 - INFO: ===> Epoch 423: testing psnr = 28.70, ssim = 0.874, time: 0.02
2024-05-25 03:16:46,562 - INFO: ===> Epoch 424 Complete: Avg. Loss: 0.000563 time: 448.37
2024-05-25 03:16:46,900 - INFO: ===> Epoch 424: testing psnr = 28.81, ssim = 0.878, time: 0.02
2024-05-25 03:24:17,164 - INFO: ===> Epoch 425 Complete: Avg. Loss: 0.000566 time: 450.26
2024-05-25 03:24:17,503 - INFO: ===> Epoch 425: testing psnr = 28.71, ssim = 0.877, time: 0.02
2024-05-25 03:31:47,757 - INFO: ===> Epoch 426 Complete: Avg. Loss: 0.000583 time: 450.25
2024-05-25 03:31:48,093 - INFO: ===> Epoch 426: testing psnr = 28.53, ssim = 0.865, time: 0.02
2024-05-25 03:39:29,925 - INFO: ===> Epoch 427 Complete: Avg. Loss: 0.000576 time: 461.83
2024-05-25 03:39:30,274 - INFO: ===> Epoch 427: testing psnr = 28.69, ssim = 0.873, time: 0.02
2024-05-25 03:47:04,324 - INFO: ===> Epoch 428 Complete: Avg. Loss: 0.000692 time: 454.05
2024-05-25 03:47:04,661 - INFO: ===> Epoch 428: testing psnr = 28.60, ssim = 0.870, time: 0.02
2024-05-25 03:54:33,687 - INFO: ===> Epoch 429 Complete: Avg. Loss: 0.000564 time: 449.03
2024-05-25 03:54:34,027 - INFO: ===> Epoch 429: testing psnr = 28.55, ssim = 0.867, time: 0.02
2024-05-25 04:02:04,704 - INFO: ===> Epoch 430 Complete: Avg. Loss: 0.000581 time: 450.68
2024-05-25 04:02:05,045 - INFO: ===> Epoch 430: testing psnr = 28.70, ssim = 0.869, time: 0.02
2024-05-25 04:09:33,821 - INFO: ===> Epoch 431 Complete: Avg. Loss: 0.000578 time: 448.77
2024-05-25 04:09:34,159 - INFO: ===> Epoch 431: testing psnr = 28.58, ssim = 0.874, time: 0.02
2024-05-25 04:17:13,622 - INFO: ===> Epoch 432 Complete: Avg. Loss: 0.000586 time: 459.46
2024-05-25 04:17:13,974 - INFO: ===> Epoch 432: testing psnr = 28.42, ssim = 0.870, time: 0.02
2024-05-25 04:24:45,939 - INFO: ===> Epoch 433 Complete: Avg. Loss: 0.000581 time: 451.96
2024-05-25 04:24:46,278 - INFO: ===> Epoch 433: testing psnr = 28.55, ssim = 0.875, time: 0.02
2024-05-25 04:32:17,250 - INFO: ===> Epoch 434 Complete: Avg. Loss: 0.000681 time: 450.97
2024-05-25 04:32:17,589 - INFO: ===> Epoch 434: testing psnr = 28.80, ssim = 0.875, time: 0.02
2024-05-25 04:39:48,936 - INFO: ===> Epoch 435 Complete: Avg. Loss: 0.000557 time: 451.35
2024-05-25 04:39:49,275 - INFO: ===> Epoch 435: testing psnr = 28.67, ssim = 0.875, time: 0.02
2024-05-25 04:47:22,511 - INFO: ===> Epoch 436 Complete: Avg. Loss: 0.000583 time: 453.23
2024-05-25 04:47:22,853 - INFO: ===> Epoch 436: testing psnr = 26.94, ssim = 0.835, time: 0.02
2024-05-25 04:54:53,482 - INFO: ===> Epoch 437 Complete: Avg. Loss: 0.000572 time: 450.63
2024-05-25 04:54:53,821 - INFO: ===> Epoch 437: testing psnr = 28.08, ssim = 0.849, time: 0.02
2024-05-25 05:02:24,790 - INFO: ===> Epoch 438 Complete: Avg. Loss: 0.000591 time: 450.97
2024-05-25 05:02:25,129 - INFO: ===> Epoch 438: testing psnr = 28.68, ssim = 0.873, time: 0.02
2024-05-25 05:09:58,913 - INFO: ===> Epoch 439 Complete: Avg. Loss: 0.000580 time: 453.78
2024-05-25 05:09:59,252 - INFO: ===> Epoch 439: testing psnr = 28.27, ssim = 0.835, time: 0.02
2024-05-25 05:17:31,178 - INFO: ===> Epoch 440 Complete: Avg. Loss: 0.000588 time: 451.92
2024-05-25 05:17:31,518 - INFO: ===> Epoch 440: testing psnr = 28.40, ssim = 0.866, time: 0.02
2024-05-25 05:25:03,982 - INFO: ===> Epoch 441 Complete: Avg. Loss: 0.000574 time: 452.46
2024-05-25 05:25:04,323 - INFO: ===> Epoch 441: testing psnr = 28.67, ssim = 0.874, time: 0.02
2024-05-25 05:32:37,356 - INFO: ===> Epoch 442 Complete: Avg. Loss: 0.000579 time: 453.03
2024-05-25 05:32:37,697 - INFO: ===> Epoch 442: testing psnr = 28.69, ssim = 0.872, time: 0.02
2024-05-25 05:40:11,168 - INFO: ===> Epoch 443 Complete: Avg. Loss: 0.000616 time: 453.47
2024-05-25 05:40:11,508 - INFO: ===> Epoch 443: testing psnr = 28.70, ssim = 0.875, time: 0.02
2024-05-25 05:47:58,106 - INFO: ===> Epoch 444 Complete: Avg. Loss: 0.000567 time: 466.60
2024-05-25 05:47:58,457 - INFO: ===> Epoch 444: testing psnr = 28.78, ssim = 0.876, time: 0.02
2024-05-25 05:55:33,076 - INFO: ===> Epoch 445 Complete: Avg. Loss: 0.000575 time: 454.62
2024-05-25 05:55:33,417 - INFO: ===> Epoch 445: testing psnr = 28.62, ssim = 0.872, time: 0.02
2024-05-25 06:03:03,658 - INFO: ===> Epoch 446 Complete: Avg. Loss: 0.000604 time: 450.24
2024-05-25 06:03:03,998 - INFO: ===> Epoch 446: testing psnr = 28.51, ssim = 0.864, time: 0.02
2024-05-25 06:10:32,108 - INFO: ===> Epoch 447 Complete: Avg. Loss: 0.000569 time: 448.11
2024-05-25 06:10:32,444 - INFO: ===> Epoch 447: testing psnr = 28.53, ssim = 0.872, time: 0.02
2024-05-25 06:18:00,404 - INFO: ===> Epoch 448 Complete: Avg. Loss: 0.000596 time: 447.96
2024-05-25 06:18:00,742 - INFO: ===> Epoch 448: testing psnr = 28.67, ssim = 0.874, time: 0.02
2024-05-25 06:25:29,669 - INFO: ===> Epoch 449 Complete: Avg. Loss: 0.000576 time: 448.93
2024-05-25 06:25:30,006 - INFO: ===> Epoch 449: testing psnr = 28.83, ssim = 0.878, time: 0.02
2024-05-25 06:33:00,982 - INFO: ===> Epoch 450 Complete: Avg. Loss: 0.000616 time: 450.97
2024-05-25 06:33:01,319 - INFO: ===> Epoch 450: testing psnr = 28.85, ssim = 0.876, time: 0.02
2024-05-25 06:40:32,083 - INFO: ===> Epoch 451 Complete: Avg. Loss: 0.000571 time: 450.76
2024-05-25 06:40:32,433 - INFO: ===> Epoch 451: testing psnr = 28.49, ssim = 0.866, time: 0.02
2024-05-25 06:48:07,635 - INFO: ===> Epoch 452 Complete: Avg. Loss: 0.000564 time: 455.20
2024-05-25 06:48:07,976 - INFO: ===> Epoch 452: testing psnr = 28.57, ssim = 0.872, time: 0.02
2024-05-25 06:55:34,681 - INFO: ===> Epoch 453 Complete: Avg. Loss: 0.000551 time: 446.70
2024-05-25 06:55:35,019 - INFO: ===> Epoch 453: testing psnr = 28.62, ssim = 0.874, time: 0.02
2024-05-25 07:02:59,772 - INFO: ===> Epoch 454 Complete: Avg. Loss: 0.000566 time: 444.75
2024-05-25 07:03:00,109 - INFO: ===> Epoch 454: testing psnr = 28.69, ssim = 0.875, time: 0.02
2024-05-25 07:10:29,492 - INFO: ===> Epoch 455 Complete: Avg. Loss: 0.000563 time: 449.38
2024-05-25 07:10:29,830 - INFO: ===> Epoch 455: testing psnr = 28.59, ssim = 0.876, time: 0.02
2024-05-25 07:17:58,202 - INFO: ===> Epoch 456 Complete: Avg. Loss: 0.000573 time: 448.37
2024-05-25 07:17:58,539 - INFO: ===> Epoch 456: testing psnr = 28.32, ssim = 0.859, time: 0.02
2024-05-25 07:25:28,570 - INFO: ===> Epoch 457 Complete: Avg. Loss: 0.000592 time: 450.03
2024-05-25 07:25:28,910 - INFO: ===> Epoch 457: testing psnr = 28.17, ssim = 0.864, time: 0.02
2024-05-25 07:32:56,848 - INFO: ===> Epoch 458 Complete: Avg. Loss: 0.000579 time: 447.94
2024-05-25 07:32:57,185 - INFO: ===> Epoch 458: testing psnr = 28.64, ssim = 0.867, time: 0.02
2024-05-25 07:40:36,899 - INFO: ===> Epoch 459 Complete: Avg. Loss: 0.000566 time: 459.71
2024-05-25 07:40:37,248 - INFO: ===> Epoch 459: testing psnr = 28.30, ssim = 0.869, time: 0.02
2024-05-25 07:48:28,679 - INFO: ===> Epoch 460 Complete: Avg. Loss: 0.000584 time: 471.43
2024-05-25 07:48:29,031 - INFO: ===> Epoch 460: testing psnr = 28.71, ssim = 0.875, time: 0.02
2024-05-25 07:56:02,452 - INFO: ===> Epoch 461 Complete: Avg. Loss: 0.000719 time: 453.42
2024-05-25 07:56:02,793 - INFO: ===> Epoch 461: testing psnr = 28.71, ssim = 0.877, time: 0.02
2024-05-25 08:03:31,819 - INFO: ===> Epoch 462 Complete: Avg. Loss: 0.000541 time: 449.02
2024-05-25 08:03:32,157 - INFO: ===> Epoch 462: testing psnr = 28.70, ssim = 0.872, time: 0.02
2024-05-25 08:10:59,992 - INFO: ===> Epoch 463 Complete: Avg. Loss: 0.000573 time: 447.83
2024-05-25 08:11:00,332 - INFO: ===> Epoch 463: testing psnr = 28.75, ssim = 0.873, time: 0.02
2024-05-25 08:18:45,055 - INFO: ===> Epoch 464 Complete: Avg. Loss: 0.000571 time: 464.72
2024-05-25 08:18:45,403 - INFO: ===> Epoch 464: testing psnr = 28.68, ssim = 0.875, time: 0.02
2024-05-25 08:26:22,880 - INFO: ===> Epoch 465 Complete: Avg. Loss: 0.000564 time: 457.48
2024-05-25 08:26:23,220 - INFO: ===> Epoch 465: testing psnr = 28.70, ssim = 0.877, time: 0.02
2024-05-25 08:33:52,564 - INFO: ===> Epoch 466 Complete: Avg. Loss: 0.000571 time: 449.34
2024-05-25 08:33:52,901 - INFO: ===> Epoch 466: testing psnr = 28.73, ssim = 0.878, time: 0.02
2024-05-25 08:41:20,290 - INFO: ===> Epoch 467 Complete: Avg. Loss: 0.000579 time: 447.39
2024-05-25 08:41:20,630 - INFO: ===> Epoch 467: testing psnr = 28.68, ssim = 0.872, time: 0.02
2024-05-25 08:48:47,227 - INFO: ===> Epoch 468 Complete: Avg. Loss: 0.000559 time: 446.60
2024-05-25 08:48:47,564 - INFO: ===> Epoch 468: testing psnr = 28.75, ssim = 0.876, time: 0.02
2024-05-25 08:56:36,819 - INFO: ===> Epoch 469 Complete: Avg. Loss: 0.000590 time: 469.25
2024-05-25 08:56:37,168 - INFO: ===> Epoch 469: testing psnr = 28.69, ssim = 0.875, time: 0.02
2024-05-25 09:04:30,175 - INFO: ===> Epoch 470 Complete: Avg. Loss: 0.000560 time: 473.01
2024-05-25 09:04:30,524 - INFO: ===> Epoch 470: testing psnr = 28.72, ssim = 0.877, time: 0.02
2024-05-25 09:12:16,347 - INFO: ===> Epoch 471 Complete: Avg. Loss: 0.000556 time: 465.82
2024-05-25 09:12:16,688 - INFO: ===> Epoch 471: testing psnr = 28.29, ssim = 0.865, time: 0.02
2024-05-25 09:19:48,718 - INFO: ===> Epoch 472 Complete: Avg. Loss: 0.000569 time: 452.03
2024-05-25 09:19:49,057 - INFO: ===> Epoch 472: testing psnr = 28.73, ssim = 0.876, time: 0.02
2024-05-25 09:27:16,036 - INFO: ===> Epoch 473 Complete: Avg. Loss: 0.000580 time: 446.98
2024-05-25 09:27:16,373 - INFO: ===> Epoch 473: testing psnr = 28.36, ssim = 0.869, time: 0.02
2024-05-25 09:34:45,618 - INFO: ===> Epoch 474 Complete: Avg. Loss: 0.000557 time: 449.24
2024-05-25 09:34:45,955 - INFO: ===> Epoch 474: testing psnr = 28.68, ssim = 0.870, time: 0.02
2024-05-25 09:42:15,062 - INFO: ===> Epoch 475 Complete: Avg. Loss: 0.000586 time: 449.11
2024-05-25 09:42:15,401 - INFO: ===> Epoch 475: testing psnr = 28.63, ssim = 0.866, time: 0.02
2024-05-25 09:49:46,980 - INFO: ===> Epoch 476 Complete: Avg. Loss: 0.001062 time: 451.58
2024-05-25 09:49:47,316 - INFO: ===> Epoch 476: testing psnr = 28.36, ssim = 0.858, time: 0.02
2024-05-25 09:57:16,173 - INFO: ===> Epoch 477 Complete: Avg. Loss: 0.000594 time: 448.86
2024-05-25 09:57:16,509 - INFO: ===> Epoch 477: testing psnr = 28.66, ssim = 0.875, time: 0.02
2024-05-25 10:04:44,338 - INFO: ===> Epoch 478 Complete: Avg. Loss: 0.000569 time: 447.83
2024-05-25 10:04:44,674 - INFO: ===> Epoch 478: testing psnr = 28.75, ssim = 0.875, time: 0.02
2024-05-25 10:12:11,743 - INFO: ===> Epoch 479 Complete: Avg. Loss: 0.000556 time: 447.07
2024-05-25 10:12:12,081 - INFO: ===> Epoch 479: testing psnr = 28.69, ssim = 0.873, time: 0.02
2024-05-25 10:19:48,526 - INFO: ===> Epoch 480 Complete: Avg. Loss: 0.000579 time: 456.44
2024-05-25 10:19:48,864 - INFO: ===> Epoch 480: testing psnr = 28.76, ssim = 0.880, time: 0.02
2024-05-25 10:27:22,784 - INFO: ===> Epoch 481 Complete: Avg. Loss: 0.000570 time: 453.92
2024-05-25 10:27:23,125 - INFO: ===> Epoch 481: testing psnr = 28.66, ssim = 0.872, time: 0.02
2024-05-25 10:34:53,801 - INFO: ===> Epoch 482 Complete: Avg. Loss: 0.000700 time: 450.67
2024-05-25 10:34:54,140 - INFO: ===> Epoch 482: testing psnr = 28.65, ssim = 0.872, time: 0.02
2024-05-25 10:42:33,299 - INFO: ===> Epoch 483 Complete: Avg. Loss: 0.000537 time: 459.16
2024-05-25 10:42:33,648 - INFO: ===> Epoch 483: testing psnr = 28.77, ssim = 0.878, time: 0.02
2024-05-25 10:50:28,089 - INFO: ===> Epoch 484 Complete: Avg. Loss: 0.000559 time: 474.44
2024-05-25 10:50:28,426 - INFO: ===> Epoch 484: testing psnr = 28.56, ssim = 0.876, time: 0.02
2024-05-25 10:57:57,590 - INFO: ===> Epoch 485 Complete: Avg. Loss: 0.000553 time: 449.16
2024-05-25 10:57:57,927 - INFO: ===> Epoch 485: testing psnr = 28.66, ssim = 0.877, time: 0.02
2024-05-25 11:05:26,445 - INFO: ===> Epoch 486 Complete: Avg. Loss: 0.000683 time: 448.52
2024-05-25 11:05:26,784 - INFO: ===> Epoch 486: testing psnr = 28.73, ssim = 0.872, time: 0.02
2024-05-25 11:12:53,546 - INFO: ===> Epoch 487 Complete: Avg. Loss: 0.000567 time: 446.76
2024-05-25 11:12:53,881 - INFO: ===> Epoch 487: testing psnr = 28.68, ssim = 0.866, time: 0.02
2024-05-25 11:20:25,368 - INFO: ===> Epoch 488 Complete: Avg. Loss: 0.000557 time: 451.49
2024-05-25 11:20:25,705 - INFO: ===> Epoch 488: testing psnr = 28.82, ssim = 0.871, time: 0.02
2024-05-25 11:27:57,362 - INFO: ===> Epoch 489 Complete: Avg. Loss: 0.000571 time: 451.66
2024-05-25 11:27:57,699 - INFO: ===> Epoch 489: testing psnr = 28.54, ssim = 0.872, time: 0.02
2024-05-25 11:35:28,351 - INFO: ===> Epoch 490 Complete: Avg. Loss: 0.000551 time: 450.65
2024-05-25 11:35:28,691 - INFO: ===> Epoch 490: testing psnr = 28.80, ssim = 0.869, time: 0.02
2024-05-25 11:43:01,551 - INFO: ===> Epoch 491 Complete: Avg. Loss: 0.000570 time: 452.86
2024-05-25 11:43:01,893 - INFO: ===> Epoch 491: testing psnr = 28.80, ssim = 0.878, time: 0.02
2024-05-25 11:50:34,957 - INFO: ===> Epoch 492 Complete: Avg. Loss: 0.000553 time: 453.06
2024-05-25 11:50:35,299 - INFO: ===> Epoch 492: testing psnr = 28.87, ssim = 0.874, time: 0.02
2024-05-25 11:50:35,982 - INFO: Checkpoint saved to ./model/2024_05_22_21_45_46/model_epoch_492.pth
2024-05-25 11:58:06,834 - INFO: ===> Epoch 493 Complete: Avg. Loss: 0.000575 time: 450.85
2024-05-25 11:58:07,175 - INFO: ===> Epoch 493: testing psnr = 28.63, ssim = 0.875, time: 0.02
2024-05-25 12:05:33,373 - INFO: ===> Epoch 494 Complete: Avg. Loss: 0.000654 time: 446.20
2024-05-25 12:05:33,708 - INFO: ===> Epoch 494: testing psnr = 28.76, ssim = 0.876, time: 0.02
2024-05-25 12:13:03,954 - INFO: ===> Epoch 495 Complete: Avg. Loss: 0.000550 time: 450.24
2024-05-25 12:13:04,294 - INFO: ===> Epoch 495: testing psnr = 28.89, ssim = 0.878, time: 0.02
2024-05-25 12:13:04,950 - INFO: Checkpoint saved to ./model/2024_05_22_21_45_46/model_epoch_495.pth
2024-05-25 12:20:36,142 - INFO: ===> Epoch 496 Complete: Avg. Loss: 0.000562 time: 451.19
2024-05-25 12:20:36,480 - INFO: ===> Epoch 496: testing psnr = 28.81, ssim = 0.873, time: 0.02
2024-05-25 12:28:06,119 - INFO: ===> Epoch 497 Complete: Avg. Loss: 0.000561 time: 449.64
2024-05-25 12:28:06,455 - INFO: ===> Epoch 497: testing psnr = 28.77, ssim = 0.879, time: 0.02
2024-05-25 12:35:37,156 - INFO: ===> Epoch 498 Complete: Avg. Loss: 0.000555 time: 450.70
2024-05-25 12:35:37,488 - INFO: ===> Epoch 498: testing psnr = 28.76, ssim = 0.878, time: 0.02
2024-05-25 12:43:04,456 - INFO: ===> Epoch 499 Complete: Avg. Loss: 0.000591 time: 446.97
2024-05-25 12:43:04,792 - INFO: ===> Epoch 499: testing psnr = 27.01, ssim = 0.810, time: 0.02
2024-05-25 12:50:31,309 - INFO: ===> Epoch 500 Complete: Avg. Loss: 0.000559 time: 446.52
2024-05-25 12:50:31,644 - INFO: ===> Epoch 500: testing psnr = 28.66, ssim = 0.877, time: 0.02
