nohup: ignoring input
training sences: 30
Sence 0 is loaded. scene01.mat
Sence 1 is loaded. scene02.mat
Sence 2 is loaded. scene03.mat
Sence 3 is loaded. scene04.mat
Sence 4 is loaded. scene05.mat
Sence 5 is loaded. scene06.mat
Sence 6 is loaded. scene07.mat
Sence 7 is loaded. scene08.mat
Sence 8 is loaded. scene09.mat
Sence 9 is loaded. scene10.mat
Sence 10 is loaded. scene11.mat
Sence 11 is loaded. scene12.mat
Sence 12 is loaded. scene13.mat
Sence 13 is loaded. scene14.mat
Sence 14 is loaded. scene15.mat
Sence 15 is loaded. scene16.mat
Sence 16 is loaded. scene17.mat
Sence 17 is loaded. scene18.mat
Sence 18 is loaded. scene19.mat
Sence 19 is loaded. scene20.mat
Sence 20 is loaded. scene21.mat
Sence 21 is loaded. scene22.mat
Sence 22 is loaded. scene23.mat
Sence 23 is loaded. scene24.mat
Sence 24 is loaded. scene25.mat
Sence 25 is loaded. scene26.mat
Sence 26 is loaded. scene27.mat
Sence 27 is loaded. scene28.mat
Sence 28 is loaded. scene29.mat
Sence 29 is loaded. scene30.mat
0 (256, 256, 28) 0.91325766 0.004317734
1 (256, 256, 28) 0.6268645 0.0024493488
2 (256, 256, 28) 0.7478274 0.0038342373
3 (256, 256, 28) 0.8852826 0.0023525485
4 (256, 256, 28) 0.90493804 0.0034019176
5 (256, 256, 28) 1.0582489 0.000809521
6 (256, 256, 28) 0.5335211 0.008445868
7 (256, 256, 28) 1.0526695 0.0
8 (256, 256, 28) 0.8439114 0.0029929152
9 (256, 256, 28) 0.93364686 0.0029743377
2024-06-06 13:58:43,354 - INFO: Learning rate:0.0004, batch_size:5.

2024-06-06 14:15:26,665 - INFO: ===> Epoch 1 Complete: Avg. Loss: 0.108544 time: 1003.31
2024-06-06 14:15:27,496 - INFO: ===> Epoch 1: testing psnr = 15.80, ssim = 0.249, time: 0.51
2024-06-06 14:32:11,727 - INFO: ===> Epoch 2 Complete: Avg. Loss: 0.039363 time: 1004.23
2024-06-06 14:32:12,136 - INFO: ===> Epoch 2: testing psnr = 15.80, ssim = 0.249, time: 0.05
2024-06-06 14:48:57,450 - INFO: ===> Epoch 3 Complete: Avg. Loss: 0.039019 time: 1005.31
2024-06-06 14:48:57,863 - INFO: ===> Epoch 3: testing psnr = 15.80, ssim = 0.249, time: 0.04
2024-06-06 15:05:36,787 - INFO: ===> Epoch 4 Complete: Avg. Loss: 0.039275 time: 998.92
2024-06-06 15:05:37,214 - INFO: ===> Epoch 4: testing psnr = 15.80, ssim = 0.249, time: 0.07
2024-06-06 15:22:21,170 - INFO: ===> Epoch 5 Complete: Avg. Loss: 0.038824 time: 1003.95
2024-06-06 15:22:21,568 - INFO: ===> Epoch 5: testing psnr = 15.80, ssim = 0.249, time: 0.07
2024-06-06 15:38:56,136 - INFO: ===> Epoch 6 Complete: Avg. Loss: 0.039333 time: 994.57
2024-06-06 15:38:56,555 - INFO: ===> Epoch 6: testing psnr = 15.80, ssim = 0.249, time: 0.05
2024-06-06 15:55:42,301 - INFO: ===> Epoch 7 Complete: Avg. Loss: 0.039324 time: 1005.74
2024-06-06 15:55:42,705 - INFO: ===> Epoch 7: testing psnr = 15.80, ssim = 0.249, time: 0.06
2024-06-06 16:12:25,912 - INFO: ===> Epoch 8 Complete: Avg. Loss: 0.039002 time: 1003.21
2024-06-06 16:12:26,319 - INFO: ===> Epoch 8: testing psnr = 15.80, ssim = 0.249, time: 0.04
2024-06-06 16:29:10,981 - INFO: ===> Epoch 9 Complete: Avg. Loss: 0.038668 time: 1004.66
2024-06-06 16:29:11,425 - INFO: ===> Epoch 9: testing psnr = 15.80, ssim = 0.249, time: 0.07
2024-06-06 16:46:09,771 - INFO: ===> Epoch 10 Complete: Avg. Loss: 0.038500 time: 1018.34
2024-06-06 16:46:10,197 - INFO: ===> Epoch 10: testing psnr = 15.80, ssim = 0.249, time: 0.04
2024-06-06 17:03:22,456 - INFO: ===> Epoch 11 Complete: Avg. Loss: 0.038904 time: 1032.26
2024-06-06 17:03:22,871 - INFO: ===> Epoch 11: testing psnr = 15.80, ssim = 0.249, time: 0.04
2024-06-06 17:20:15,037 - INFO: ===> Epoch 12 Complete: Avg. Loss: 0.038188 time: 1012.16
2024-06-06 17:20:15,401 - INFO: ===> Epoch 12: testing psnr = 15.80, ssim = 0.249, time: 0.03
2024-06-06 17:36:53,800 - INFO: ===> Epoch 13 Complete: Avg. Loss: 0.038205 time: 998.40
2024-06-06 17:36:54,195 - INFO: ===> Epoch 13: testing psnr = 15.80, ssim = 0.249, time: 0.04
2024-06-06 17:53:59,810 - INFO: ===> Epoch 14 Complete: Avg. Loss: 0.039409 time: 1025.61
2024-06-06 17:54:00,258 - INFO: ===> Epoch 14: testing psnr = 15.80, ssim = 0.249, time: 0.06
2024-06-06 18:10:35,717 - INFO: ===> Epoch 15 Complete: Avg. Loss: 0.038990 time: 995.46
2024-06-06 18:10:36,099 - INFO: ===> Epoch 15: testing psnr = 15.80, ssim = 0.249, time: 0.03
2024-06-06 18:27:27,209 - INFO: ===> Epoch 16 Complete: Avg. Loss: 0.039856 time: 1011.11
2024-06-06 18:27:27,713 - INFO: ===> Epoch 16: testing psnr = 15.80, ssim = 0.249, time: 0.07
2024-06-06 18:44:06,583 - INFO: ===> Epoch 17 Complete: Avg. Loss: 0.037901 time: 998.87
2024-06-06 18:44:07,009 - INFO: ===> Epoch 17: testing psnr = 15.80, ssim = 0.249, time: 0.05
2024-06-06 19:00:49,981 - INFO: ===> Epoch 18 Complete: Avg. Loss: 0.039756 time: 1002.97
2024-06-06 19:00:50,375 - INFO: ===> Epoch 18: testing psnr = 15.80, ssim = 0.249, time: 0.03
2024-06-06 19:17:33,323 - INFO: ===> Epoch 19 Complete: Avg. Loss: 0.038315 time: 1002.95
2024-06-06 19:17:33,723 - INFO: ===> Epoch 19: testing psnr = 15.80, ssim = 0.249, time: 0.04
2024-06-06 19:34:02,855 - INFO: ===> Epoch 20 Complete: Avg. Loss: 0.039112 time: 989.13
2024-06-06 19:34:03,316 - INFO: ===> Epoch 20: testing psnr = 15.80, ssim = 0.249, time: 0.04
2024-06-06 19:50:14,883 - INFO: ===> Epoch 21 Complete: Avg. Loss: 0.039044 time: 971.57
2024-06-06 19:50:15,308 - INFO: ===> Epoch 21: testing psnr = 15.80, ssim = 0.249, time: 0.06
2024-06-06 20:06:16,750 - INFO: ===> Epoch 22 Complete: Avg. Loss: 0.038773 time: 961.44
2024-06-06 20:06:17,173 - INFO: ===> Epoch 22: testing psnr = 15.80, ssim = 0.249, time: 0.05
2024-06-06 20:22:03,673 - INFO: ===> Epoch 23 Complete: Avg. Loss: 0.039115 time: 946.50
2024-06-06 20:22:04,072 - INFO: ===> Epoch 23: testing psnr = 15.80, ssim = 0.249, time: 0.03
2024-06-06 20:37:49,238 - INFO: ===> Epoch 24 Complete: Avg. Loss: 0.038368 time: 945.16
2024-06-06 20:37:49,653 - INFO: ===> Epoch 24: testing psnr = 15.80, ssim = 0.249, time: 0.05
2024-06-06 20:53:27,868 - INFO: ===> Epoch 25 Complete: Avg. Loss: 0.039112 time: 938.21
2024-06-06 20:53:28,286 - INFO: ===> Epoch 25: testing psnr = 15.80, ssim = 0.249, time: 0.05
2024-06-06 21:09:11,996 - INFO: ===> Epoch 26 Complete: Avg. Loss: 0.039083 time: 943.71
2024-06-06 21:09:12,411 - INFO: ===> Epoch 26: testing psnr = 15.80, ssim = 0.249, time: 0.05
2024-06-06 21:24:46,038 - INFO: ===> Epoch 27 Complete: Avg. Loss: 0.038522 time: 933.62
2024-06-06 21:24:46,407 - INFO: ===> Epoch 27: testing psnr = 15.80, ssim = 0.249, time: 0.03
2024-06-06 21:40:18,837 - INFO: ===> Epoch 28 Complete: Avg. Loss: 0.039860 time: 932.43
2024-06-06 21:40:19,254 - INFO: ===> Epoch 28: testing psnr = 15.80, ssim = 0.249, time: 0.04
2024-06-06 21:55:51,577 - INFO: ===> Epoch 29 Complete: Avg. Loss: 0.038778 time: 932.32
2024-06-06 21:55:51,988 - INFO: ===> Epoch 29: testing psnr = 15.80, ssim = 0.249, time: 0.04
2024-06-06 22:11:39,924 - INFO: ===> Epoch 30 Complete: Avg. Loss: 0.040587 time: 947.93
2024-06-06 22:11:40,289 - INFO: ===> Epoch 30: testing psnr = 15.80, ssim = 0.249, time: 0.03
2024-06-06 22:27:51,116 - INFO: ===> Epoch 31 Complete: Avg. Loss: 0.039012 time: 970.82
2024-06-06 22:27:51,502 - INFO: ===> Epoch 31: testing psnr = 15.80, ssim = 0.249, time: 0.06
2024-06-06 22:44:03,360 - INFO: ===> Epoch 32 Complete: Avg. Loss: 0.038765 time: 971.86
2024-06-06 22:44:03,858 - INFO: ===> Epoch 32: testing psnr = 15.80, ssim = 0.249, time: 0.06
2024-06-06 22:59:52,129 - INFO: ===> Epoch 33 Complete: Avg. Loss: 0.038491 time: 948.27
2024-06-06 22:59:52,526 - INFO: ===> Epoch 33: testing psnr = 15.80, ssim = 0.249, time: 0.05
2024-06-06 23:15:25,237 - INFO: ===> Epoch 34 Complete: Avg. Loss: 0.039203 time: 932.71
2024-06-06 23:15:25,655 - INFO: ===> Epoch 34: testing psnr = 15.80, ssim = 0.249, time: 0.04
2024-06-06 23:31:06,812 - INFO: ===> Epoch 35 Complete: Avg. Loss: 0.039383 time: 941.16
2024-06-06 23:31:07,246 - INFO: ===> Epoch 35: testing psnr = 15.80, ssim = 0.249, time: 0.06
2024-06-06 23:46:39,094 - INFO: ===> Epoch 36 Complete: Avg. Loss: 0.038642 time: 931.85
2024-06-06 23:46:39,522 - INFO: ===> Epoch 36: testing psnr = 15.80, ssim = 0.249, time: 0.04
2024-06-07 00:02:32,962 - INFO: ===> Epoch 37 Complete: Avg. Loss: 0.038531 time: 953.44
2024-06-07 00:02:33,371 - INFO: ===> Epoch 37: testing psnr = 15.80, ssim = 0.249, time: 0.05
2024-06-07 00:18:17,120 - INFO: ===> Epoch 38 Complete: Avg. Loss: 0.038284 time: 943.75
2024-06-07 00:18:17,537 - INFO: ===> Epoch 38: testing psnr = 15.80, ssim = 0.249, time: 0.04
2024-06-07 00:34:07,812 - INFO: ===> Epoch 39 Complete: Avg. Loss: 0.039531 time: 950.27
2024-06-07 00:34:08,224 - INFO: ===> Epoch 39: testing psnr = 15.80, ssim = 0.249, time: 0.04
2024-06-07 00:50:03,676 - INFO: ===> Epoch 40 Complete: Avg. Loss: 0.039306 time: 955.45
2024-06-07 00:50:04,092 - INFO: ===> Epoch 40: testing psnr = 15.80, ssim = 0.249, time: 0.04
2024-06-07 01:05:42,631 - INFO: ===> Epoch 41 Complete: Avg. Loss: 0.037979 time: 938.54
2024-06-07 01:05:43,058 - INFO: ===> Epoch 41: testing psnr = 15.80, ssim = 0.249, time: 0.04
2024-06-07 01:21:54,153 - INFO: ===> Epoch 42 Complete: Avg. Loss: 0.038652 time: 971.09
2024-06-07 01:21:54,525 - INFO: ===> Epoch 42: testing psnr = 15.80, ssim = 0.249, time: 0.03
2024-06-07 01:37:43,995 - INFO: ===> Epoch 43 Complete: Avg. Loss: 0.039131 time: 949.47
2024-06-07 01:37:44,380 - INFO: ===> Epoch 43: testing psnr = 15.80, ssim = 0.249, time: 0.03
2024-06-07 01:53:39,281 - INFO: ===> Epoch 44 Complete: Avg. Loss: 0.037938 time: 954.90
2024-06-07 01:53:39,703 - INFO: ===> Epoch 44: testing psnr = 15.80, ssim = 0.249, time: 0.05
2024-06-07 02:09:26,358 - INFO: ===> Epoch 45 Complete: Avg. Loss: 0.039136 time: 946.65
2024-06-07 02:09:26,779 - INFO: ===> Epoch 45: testing psnr = 15.80, ssim = 0.249, time: 0.04
2024-06-07 02:25:27,512 - INFO: ===> Epoch 46 Complete: Avg. Loss: 0.038602 time: 960.73
2024-06-07 02:25:27,923 - INFO: ===> Epoch 46: testing psnr = 15.80, ssim = 0.249, time: 0.05
2024-06-07 02:41:27,552 - INFO: ===> Epoch 47 Complete: Avg. Loss: 0.039148 time: 959.63
2024-06-07 02:41:27,916 - INFO: ===> Epoch 47: testing psnr = 15.80, ssim = 0.249, time: 0.03
2024-06-07 02:57:21,116 - INFO: ===> Epoch 48 Complete: Avg. Loss: 0.039656 time: 953.20
2024-06-07 02:57:21,570 - INFO: ===> Epoch 48: testing psnr = 15.80, ssim = 0.249, time: 0.07
2024-06-07 03:13:11,169 - INFO: ===> Epoch 49 Complete: Avg. Loss: 0.039185 time: 949.60
2024-06-07 03:13:11,588 - INFO: ===> Epoch 49: testing psnr = 15.80, ssim = 0.249, time: 0.04
2024-06-07 03:29:09,603 - INFO: ===> Epoch 50 Complete: Avg. Loss: 0.039086 time: 958.01
2024-06-07 03:29:10,040 - INFO: ===> Epoch 50: testing psnr = 15.80, ssim = 0.249, time: 0.04
2024-06-07 03:45:25,770 - INFO: ===> Epoch 51 Complete: Avg. Loss: 0.038281 time: 975.73
2024-06-07 03:45:26,192 - INFO: ===> Epoch 51: testing psnr = 15.80, ssim = 0.249, time: 0.06
2024-06-07 04:01:24,488 - INFO: ===> Epoch 52 Complete: Avg. Loss: 0.038007 time: 958.29
2024-06-07 04:01:24,914 - INFO: ===> Epoch 52: testing psnr = 15.80, ssim = 0.249, time: 0.06
2024-06-07 04:17:16,936 - INFO: ===> Epoch 53 Complete: Avg. Loss: 0.039808 time: 952.02
2024-06-07 04:17:17,341 - INFO: ===> Epoch 53: testing psnr = 15.80, ssim = 0.249, time: 0.03
2024-06-07 04:33:56,117 - INFO: ===> Epoch 54 Complete: Avg. Loss: 0.038866 time: 998.77
2024-06-07 04:33:56,538 - INFO: ===> Epoch 54: testing psnr = 15.80, ssim = 0.249, time: 0.04
2024-06-07 04:49:59,448 - INFO: ===> Epoch 55 Complete: Avg. Loss: 0.038060 time: 962.91
2024-06-07 04:49:59,861 - INFO: ===> Epoch 55: testing psnr = 15.80, ssim = 0.249, time: 0.04
2024-06-07 05:06:02,722 - INFO: ===> Epoch 56 Complete: Avg. Loss: 0.039664 time: 962.86
2024-06-07 05:06:03,096 - INFO: ===> Epoch 56: testing psnr = 15.80, ssim = 0.249, time: 0.04
2024-06-07 05:22:49,380 - INFO: ===> Epoch 57 Complete: Avg. Loss: 0.039190 time: 1006.28
2024-06-07 05:22:49,813 - INFO: ===> Epoch 57: testing psnr = 15.80, ssim = 0.249, time: 0.05
2024-06-07 05:38:58,878 - INFO: ===> Epoch 58 Complete: Avg. Loss: 0.039609 time: 969.06
2024-06-07 05:38:59,247 - INFO: ===> Epoch 58: testing psnr = 15.80, ssim = 0.249, time: 0.03
2024-06-07 05:54:53,477 - INFO: ===> Epoch 59 Complete: Avg. Loss: 0.039757 time: 954.23
2024-06-07 05:54:53,931 - INFO: ===> Epoch 59: testing psnr = 15.80, ssim = 0.249, time: 0.03
2024-06-07 06:10:51,474 - INFO: ===> Epoch 60 Complete: Avg. Loss: 0.038816 time: 957.54
2024-06-07 06:10:51,897 - INFO: ===> Epoch 60: testing psnr = 15.80, ssim = 0.249, time: 0.06
2024-06-07 06:26:40,002 - INFO: ===> Epoch 61 Complete: Avg. Loss: 0.038953 time: 948.10
2024-06-07 06:26:40,413 - INFO: ===> Epoch 61: testing psnr = 15.80, ssim = 0.249, time: 0.04
2024-06-07 06:42:37,325 - INFO: ===> Epoch 62 Complete: Avg. Loss: 0.038252 time: 956.91
2024-06-07 06:42:37,775 - INFO: ===> Epoch 62: testing psnr = 15.80, ssim = 0.249, time: 0.07
2024-06-07 06:58:29,504 - INFO: ===> Epoch 63 Complete: Avg. Loss: 0.038739 time: 951.73
2024-06-07 06:58:29,918 - INFO: ===> Epoch 63: testing psnr = 15.80, ssim = 0.249, time: 0.06
2024-06-07 07:14:15,204 - INFO: ===> Epoch 64 Complete: Avg. Loss: 0.039515 time: 945.28
2024-06-07 07:14:15,618 - INFO: ===> Epoch 64: testing psnr = 15.80, ssim = 0.249, time: 0.05
2024-06-07 07:29:50,762 - INFO: ===> Epoch 65 Complete: Avg. Loss: 0.038916 time: 935.14
2024-06-07 07:29:51,130 - INFO: ===> Epoch 65: testing psnr = 15.80, ssim = 0.249, time: 0.03
2024-06-07 07:45:21,874 - INFO: ===> Epoch 66 Complete: Avg. Loss: 0.038299 time: 930.74
2024-06-07 07:45:22,297 - INFO: ===> Epoch 66: testing psnr = 15.80, ssim = 0.249, time: 0.05
2024-06-07 08:00:55,466 - INFO: ===> Epoch 67 Complete: Avg. Loss: 0.038629 time: 933.17
2024-06-07 08:00:55,875 - INFO: ===> Epoch 67: testing psnr = 15.80, ssim = 0.249, time: 0.06
2024-06-07 08:16:29,741 - INFO: ===> Epoch 68 Complete: Avg. Loss: 0.038813 time: 933.86
2024-06-07 08:16:30,159 - INFO: ===> Epoch 68: testing psnr = 15.80, ssim = 0.249, time: 0.05
2024-06-07 08:32:10,950 - INFO: ===> Epoch 69 Complete: Avg. Loss: 0.038671 time: 940.79
2024-06-07 08:32:11,373 - INFO: ===> Epoch 69: testing psnr = 15.80, ssim = 0.249, time: 0.05
2024-06-07 08:47:51,261 - INFO: ===> Epoch 70 Complete: Avg. Loss: 0.038961 time: 939.89
2024-06-07 08:47:51,659 - INFO: ===> Epoch 70: testing psnr = 15.80, ssim = 0.249, time: 0.04
2024-06-07 09:03:43,682 - INFO: ===> Epoch 71 Complete: Avg. Loss: 0.039262 time: 952.02
2024-06-07 09:03:44,045 - INFO: ===> Epoch 71: testing psnr = 15.80, ssim = 0.249, time: 0.03
2024-06-07 09:19:36,074 - INFO: ===> Epoch 72 Complete: Avg. Loss: 0.039458 time: 952.03
2024-06-07 09:19:36,487 - INFO: ===> Epoch 72: testing psnr = 15.80, ssim = 0.249, time: 0.05
2024-06-07 09:35:19,214 - INFO: ===> Epoch 73 Complete: Avg. Loss: 0.039242 time: 942.73
2024-06-07 09:35:19,631 - INFO: ===> Epoch 73: testing psnr = 15.80, ssim = 0.249, time: 0.05
2024-06-07 09:50:55,431 - INFO: ===> Epoch 74 Complete: Avg. Loss: 0.039964 time: 935.80
2024-06-07 09:50:55,852 - INFO: ===> Epoch 74: testing psnr = 15.80, ssim = 0.249, time: 0.05
2024-06-07 10:06:26,813 - INFO: ===> Epoch 75 Complete: Avg. Loss: 0.039164 time: 930.96
2024-06-07 10:06:27,227 - INFO: ===> Epoch 75: testing psnr = 15.80, ssim = 0.249, time: 0.05
2024-06-07 10:22:03,202 - INFO: ===> Epoch 76 Complete: Avg. Loss: 0.038993 time: 935.97
2024-06-07 10:22:03,621 - INFO: ===> Epoch 76: testing psnr = 15.80, ssim = 0.249, time: 0.05
2024-06-07 10:37:32,345 - INFO: ===> Epoch 77 Complete: Avg. Loss: 0.039255 time: 928.72
2024-06-07 10:37:32,825 - INFO: ===> Epoch 77: testing psnr = 15.80, ssim = 0.249, time: 0.04
2024-06-07 10:53:05,551 - INFO: ===> Epoch 78 Complete: Avg. Loss: 0.038132 time: 932.72
2024-06-07 10:53:05,942 - INFO: ===> Epoch 78: testing psnr = 15.80, ssim = 0.249, time: 0.04
2024-06-07 11:08:43,432 - INFO: ===> Epoch 79 Complete: Avg. Loss: 0.039073 time: 937.49
2024-06-07 11:08:43,848 - INFO: ===> Epoch 79: testing psnr = 15.80, ssim = 0.249, time: 0.04
2024-06-07 11:24:20,620 - INFO: ===> Epoch 80 Complete: Avg. Loss: 0.038893 time: 936.77
2024-06-07 11:24:21,019 - INFO: ===> Epoch 80: testing psnr = 15.80, ssim = 0.249, time: 0.04
2024-06-07 11:39:53,152 - INFO: ===> Epoch 81 Complete: Avg. Loss: 0.039961 time: 932.13
2024-06-07 11:39:53,570 - INFO: ===> Epoch 81: testing psnr = 15.80, ssim = 0.249, time: 0.04
2024-06-07 11:55:21,421 - INFO: ===> Epoch 82 Complete: Avg. Loss: 0.039103 time: 927.85
2024-06-07 11:55:21,804 - INFO: ===> Epoch 82: testing psnr = 15.80, ssim = 0.249, time: 0.03
2024-06-07 12:10:57,739 - INFO: ===> Epoch 83 Complete: Avg. Loss: 0.039089 time: 935.93
2024-06-07 12:10:58,108 - INFO: ===> Epoch 83: testing psnr = 15.80, ssim = 0.249, time: 0.03
2024-06-07 12:26:29,103 - INFO: ===> Epoch 84 Complete: Avg. Loss: 0.039197 time: 930.99
2024-06-07 12:26:29,502 - INFO: ===> Epoch 84: testing psnr = 15.80, ssim = 0.249, time: 0.04
2024-06-07 12:42:03,954 - INFO: ===> Epoch 85 Complete: Avg. Loss: 0.038553 time: 934.45
2024-06-07 12:42:04,371 - INFO: ===> Epoch 85: testing psnr = 15.80, ssim = 0.249, time: 0.04
2024-06-07 12:57:40,693 - INFO: ===> Epoch 86 Complete: Avg. Loss: 0.038921 time: 936.32
2024-06-07 12:57:41,110 - INFO: ===> Epoch 86: testing psnr = 15.80, ssim = 0.249, time: 0.05
2024-06-07 13:13:14,144 - INFO: ===> Epoch 87 Complete: Avg. Loss: 0.039976 time: 933.03
2024-06-07 13:13:14,561 - INFO: ===> Epoch 87: testing psnr = 15.80, ssim = 0.249, time: 0.04
2024-06-07 13:28:50,750 - INFO: ===> Epoch 88 Complete: Avg. Loss: 0.038708 time: 936.19
2024-06-07 13:28:51,138 - INFO: ===> Epoch 88: testing psnr = 15.80, ssim = 0.249, time: 0.04
2024-06-07 13:44:32,161 - INFO: ===> Epoch 89 Complete: Avg. Loss: 0.039812 time: 941.02
2024-06-07 13:44:32,570 - INFO: ===> Epoch 89: testing psnr = 15.80, ssim = 0.249, time: 0.05
2024-06-07 14:00:09,055 - INFO: ===> Epoch 90 Complete: Avg. Loss: 0.038628 time: 936.48
2024-06-07 14:00:09,478 - INFO: ===> Epoch 90: testing psnr = 15.80, ssim = 0.249, time: 0.05
2024-06-07 14:15:41,679 - INFO: ===> Epoch 91 Complete: Avg. Loss: 0.038214 time: 932.20
2024-06-07 14:15:42,099 - INFO: ===> Epoch 91: testing psnr = 15.80, ssim = 0.249, time: 0.05
2024-06-07 14:31:15,068 - INFO: ===> Epoch 92 Complete: Avg. Loss: 0.039176 time: 932.97
2024-06-07 14:31:15,498 - INFO: ===> Epoch 92: testing psnr = 15.80, ssim = 0.249, time: 0.06
2024-06-07 14:46:51,024 - INFO: ===> Epoch 93 Complete: Avg. Loss: 0.038746 time: 935.52
2024-06-07 14:46:51,470 - INFO: ===> Epoch 93: testing psnr = 15.80, ssim = 0.249, time: 0.05
2024-06-07 15:02:24,550 - INFO: ===> Epoch 94 Complete: Avg. Loss: 0.038773 time: 933.08
2024-06-07 15:02:24,965 - INFO: ===> Epoch 94: testing psnr = 15.80, ssim = 0.249, time: 0.04
2024-06-07 15:17:51,296 - INFO: ===> Epoch 95 Complete: Avg. Loss: 0.039332 time: 926.33
2024-06-07 15:17:51,715 - INFO: ===> Epoch 95: testing psnr = 15.80, ssim = 0.249, time: 0.04
2024-06-07 15:33:27,351 - INFO: ===> Epoch 96 Complete: Avg. Loss: 0.038899 time: 935.63
2024-06-07 15:33:27,765 - INFO: ===> Epoch 96: testing psnr = 15.80, ssim = 0.249, time: 0.04
2024-06-07 15:49:02,697 - INFO: ===> Epoch 97 Complete: Avg. Loss: 0.039139 time: 934.93
2024-06-07 15:49:03,117 - INFO: ===> Epoch 97: testing psnr = 15.80, ssim = 0.249, time: 0.05
2024-06-07 16:04:37,161 - INFO: ===> Epoch 98 Complete: Avg. Loss: 0.038930 time: 934.04
2024-06-07 16:04:37,564 - INFO: ===> Epoch 98: testing psnr = 15.80, ssim = 0.249, time: 0.04
2024-06-07 16:20:15,055 - INFO: ===> Epoch 99 Complete: Avg. Loss: 0.038804 time: 937.49
2024-06-07 16:20:15,474 - INFO: ===> Epoch 99: testing psnr = 15.80, ssim = 0.249, time: 0.04
2024-06-07 16:35:56,525 - INFO: ===> Epoch 100 Complete: Avg. Loss: 0.039236 time: 941.05
2024-06-07 16:35:56,919 - INFO: ===> Epoch 100: testing psnr = 15.80, ssim = 0.249, time: 0.04
